<?xml version="1.0" encoding="UTF-8"?>
<coverage generated="1790015230345" clover="3.2.0">
  <project timestamp="1790015230345" name="All files">
    <metrics statements="1067" coveredstatements="972" conditionals="1038" coveredconditionals="848" methods="437" coveredmethods="392" elements="2542" coveredelements="2212" complexity="0" loc="1067" ncloc="1067" packages="20" files="88" classes="88"/>
    <package name="packages.design-system.src">
      <metrics statements="70" coveredstatements="69" conditionals="89" coveredconditionals="79" methods="37" coveredmethods="37"/>
      <file name="Badge.tsx" path="/Users/simone/Developer/personal/gitlab/intech-consulting-app/web/mvp-dashboard/web/packages/design-system/src/Badge.tsx">
        <metrics statements="2" coveredstatements="2" conditionals="3" coveredconditionals="2" methods="1" coveredmethods="1"/>
        <line num="11" count="41" type="cond" truecount="1" falsecount="1"/>
        <line num="12" count="41" type="stmt"/>
      </file>
      <file name="Banner.tsx" path="/Users/simone/Developer/personal/gitlab/intech-consulting-app/web/mvp-dashboard/web/packages/design-system/src/Banner.tsx">
        <metrics statements="1" coveredstatements="1" conditionals="3" coveredconditionals="3" methods="1" coveredmethods="1"/>
        <line num="14" count="14" type="stmt"/>
      </file>
      <file name="Button.tsx" path="/Users/simone/Developer/personal/gitlab/intech-consulting-app/web/mvp-dashboard/web/packages/design-system/src/Button.tsx">
        <metrics statements="2" coveredstatements="2" conditionals="5" coveredconditionals="5" methods="1" coveredmethods="1"/>
        <line num="26" count="1491" type="cond" truecount="2" falsecount="0"/>
        <line num="27" count="1491" type="stmt"/>
      </file>
      <file name="Card.tsx" path="/Users/simone/Developer/personal/gitlab/intech-consulting-app/web/mvp-dashboard/web/packages/design-system/src/Card.tsx">
        <metrics statements="1" coveredstatements="1" conditionals="5" coveredconditionals="4" methods="1" coveredmethods="1"/>
        <line num="10" count="292" type="stmt"/>
      </file>
      <file name="Icon.tsx" path="/Users/simone/Developer/personal/gitlab/intech-consulting-app/web/mvp-dashboard/web/packages/design-system/src/Icon.tsx">
        <metrics statements="2" coveredstatements="2" conditionals="1" coveredconditionals="1" methods="1" coveredmethods="1"/>
        <line num="3" count="13" type="stmt"/>
        <line num="32" count="503" type="stmt"/>
      </file>
      <file name="Input.tsx" path="/Users/simone/Developer/personal/gitlab/intech-consulting-app/web/mvp-dashboard/web/packages/design-system/src/Input.tsx">
        <metrics statements="3" coveredstatements="3" conditionals="8" coveredconditionals="7" methods="1" coveredmethods="1"/>
        <line num="9" count="802" type="cond" truecount="2" falsecount="0"/>
        <line num="10" count="802" type="cond" truecount="3" falsecount="1"/>
        <line num="11" count="802" type="stmt"/>
      </file>
      <file name="Layout.tsx" path="/Users/simone/Developer/personal/gitlab/intech-consulting-app/web/mvp-dashboard/web/packages/design-system/src/Layout.tsx">
        <metrics statements="2" coveredstatements="2" conditionals="6" coveredconditionals="6" methods="2" coveredmethods="2"/>
        <line num="23" count="855" type="stmt"/>
        <line num="34" count="22" type="stmt"/>
      </file>
      <file name="Markdown.tsx" path="/Users/simone/Developer/personal/gitlab/intech-consulting-app/web/mvp-dashboard/web/packages/design-system/src/Markdown.tsx">
        <metrics statements="2" coveredstatements="2" conditionals="0" coveredconditionals="0" methods="2" coveredmethods="2"/>
        <line num="6" count="14" type="stmt"/>
        <line num="10" count="6" type="stmt"/>
      </file>
      <file name="MarkdownRenderer.tsx" path="/Users/simone/Developer/personal/gitlab/intech-consulting-app/web/mvp-dashboard/web/packages/design-system/src/MarkdownRenderer.tsx">
        <metrics statements="13" coveredstatements="12" conditionals="14" coveredconditionals="10" methods="6" coveredmethods="6"/>
        <line num="16" count="6" type="stmt"/>
        <line num="18" count="2" type="stmt"/>
        <line num="23" count="10" type="stmt"/>
        <line num="24" count="10" type="cond" truecount="1" falsecount="1"/>
        <line num="25" count="10" type="cond" truecount="3" falsecount="1"/>
        <line num="26" count="0" type="stmt"/>
        <line num="32" count="10" type="cond" truecount="1" falsecount="1"/>
        <line num="33" count="10" type="stmt"/>
        <line num="41" count="3" type="stmt"/>
        <line num="50" count="6" type="stmt"/>
        <line num="61" count="10" type="cond" truecount="1" falsecount="1"/>
        <line num="62" count="10" type="stmt"/>
        <line num="63" count="30" type="cond" truecount="2" falsecount="0"/>
      </file>
      <file name="Menu.tsx" path="/Users/simone/Developer/personal/gitlab/intech-consulting-app/web/mvp-dashboard/web/packages/design-system/src/Menu.tsx">
        <metrics statements="19" coveredstatements="19" conditionals="16" coveredconditionals="14" methods="9" coveredmethods="9"/>
        <line num="24" count="152" type="stmt"/>
        <line num="25" count="152" type="stmt"/>
        <line num="26" count="152" type="stmt"/>
        <line num="28" count="152" type="stmt"/>
        <line num="29" count="95" type="cond" truecount="2" falsecount="0"/>
        <line num="30" count="17" type="stmt"/>
        <line num="31" count="15" type="cond" truecount="2" falsecount="0"/>
        <line num="33" count="17" type="stmt"/>
        <line num="34" count="1" type="cond" truecount="1" falsecount="1"/>
        <line num="36" count="17" type="stmt"/>
        <line num="37" count="17" type="stmt"/>
        <line num="38" count="17" type="stmt"/>
        <line num="39" count="17" type="stmt"/>
        <line num="40" count="17" type="stmt"/>
        <line num="44" count="152" type="stmt"/>
        <line num="54" count="17" type="stmt"/>
        <line num="67" count="71" type="cond" truecount="2" falsecount="0"/>
        <line num="74" count="14" type="stmt"/>
        <line num="75" count="14" type="stmt"/>
      </file>
      <file name="Modal.tsx" path="/Users/simone/Developer/personal/gitlab/intech-consulting-app/web/mvp-dashboard/web/packages/design-system/src/Modal.tsx">
        <metrics statements="9" coveredstatements="9" conditionals="6" coveredconditionals="6" methods="6" coveredmethods="6"/>
        <line num="13" count="185" type="stmt"/>
        <line num="14" count="35" type="stmt"/>
        <line num="15" count="162" type="cond" truecount="2" falsecount="0"/>
        <line num="17" count="35" type="stmt"/>
        <line num="18" count="35" type="stmt"/>
        <line num="19" count="35" type="stmt"/>
        <line num="23" count="185" type="stmt"/>
        <line num="31" count="73" type="stmt"/>
        <line num="72" count="12" type="stmt"/>
      </file>
      <file name="PageHeader.tsx" path="/Users/simone/Developer/personal/gitlab/intech-consulting-app/web/mvp-dashboard/web/packages/design-system/src/PageHeader.tsx">
        <metrics statements="1" coveredstatements="1" conditionals="4" coveredconditionals="4" methods="1" coveredmethods="1"/>
        <line num="10" count="70" type="stmt"/>
      </file>
      <file name="Select.tsx" path="/Users/simone/Developer/personal/gitlab/intech-consulting-app/web/mvp-dashboard/web/packages/design-system/src/Select.tsx">
        <metrics statements="2" coveredstatements="2" conditionals="6" coveredconditionals="6" methods="1" coveredmethods="1"/>
        <line num="9" count="405" type="cond" truecount="2" falsecount="0"/>
        <line num="10" count="405" type="stmt"/>
      </file>
      <file name="Spinner.tsx" path="/Users/simone/Developer/personal/gitlab/intech-consulting-app/web/mvp-dashboard/web/packages/design-system/src/Spinner.tsx">
        <metrics statements="2" coveredstatements="2" conditionals="4" coveredconditionals="3" methods="1" coveredmethods="1"/>
        <line num="10" count="152" type="cond" truecount="1" falsecount="1"/>
        <line num="11" count="152" type="stmt"/>
      </file>
      <file name="Textarea.tsx" path="/Users/simone/Developer/personal/gitlab/intech-consulting-app/web/mvp-dashboard/web/packages/design-system/src/Textarea.tsx">
        <metrics statements="2" coveredstatements="2" conditionals="4" coveredconditionals="4" methods="1" coveredmethods="1"/>
        <line num="9" count="161" type="cond" truecount="2" falsecount="0"/>
        <line num="10" count="161" type="stmt"/>
      </file>
      <file name="cx.ts" path="/Users/simone/Developer/personal/gitlab/intech-consulting-app/web/mvp-dashboard/web/packages/design-system/src/cx.ts">
        <metrics statements="2" coveredstatements="2" conditionals="0" coveredconditionals="0" methods="1" coveredmethods="1"/>
        <line num="1" count="17" type="stmt"/>
        <line num="2" count="5157" type="stmt"/>
      </file>
      <file name="design-system.css" path="/Users/simone/Developer/personal/gitlab/intech-consulting-app/web/mvp-dashboard/web/packages/design-system/src/design-system.css">
        <metrics statements="0" coveredstatements="0" conditionals="0" coveredconditionals="0" methods="0" coveredmethods="0"/>
      </file>
      <file name="index.ts" path="/Users/simone/Developer/personal/gitlab/intech-consulting-app/web/mvp-dashboard/web/packages/design-system/src/index.ts">
        <metrics statements="0" coveredstatements="0" conditionals="0" coveredconditionals="0" methods="0" coveredmethods="0"/>
      </file>
      <file name="markdownTasks.ts" path="/Users/simone/Developer/personal/gitlab/intech-consulting-app/web/mvp-dashboard/web/packages/design-system/src/markdownTasks.ts">
        <metrics statements="5" coveredstatements="5" conditionals="4" coveredconditionals="4" methods="1" coveredmethods="1"/>
        <line num="3" count="5" type="stmt"/>
        <line num="4" count="5" type="stmt"/>
        <line num="5" count="5" type="cond" truecount="2" falsecount="0"/>
        <line num="6" count="4" type="cond" truecount="2" falsecount="0"/>
        <line num="9" count="5" type="stmt"/>
      </file>
      <file name="purple3.min.css" path="/Users/simone/Developer/personal/gitlab/intech-consulting-app/web/mvp-dashboard/web/packages/design-system/src/purple3.min.css">
        <metrics statements="0" coveredstatements="0" conditionals="0" coveredconditionals="0" methods="0" coveredmethods="0"/>
      </file>
    </package>
    <package name="packages.kanban-model.src">
      <metrics statements="60" coveredstatements="51" conditionals="67" coveredconditionals="54" methods="30" coveredmethods="27"/>
      <file name="board.ts" path="/Users/simone/Developer/personal/gitlab/intech-consulting-app/web/mvp-dashboard/web/packages/kanban-model/src/board.ts">
        <metrics statements="23" coveredstatements="14" conditionals="14" coveredconditionals="7" methods="9" coveredmethods="6"/>
        <line num="4" count="76" type="stmt"/>
        <line num="5" count="36" type="stmt"/>
        <line num="6" count="32" type="stmt"/>
        <line num="8" count="36" type="stmt"/>
        <line num="9" count="76" type="cond" truecount="2" falsecount="0"/>
        <line num="11" count="36" type="stmt"/>
        <line num="16" count="0" type="stmt"/>
        <line num="17" count="0" type="stmt"/>
        <line num="18" count="0" type="stmt"/>
        <line num="19" count="0" type="cond" truecount="0" falsecount="4"/>
        <line num="20" count="0" type="cond" truecount="0" falsecount="2"/>
        <line num="21" count="0" type="stmt"/>
        <line num="22" count="0" type="stmt"/>
        <line num="25" count="0" type="stmt"/>
        <line num="26" count="0" type="stmt"/>
        <line num="33" count="81" type="stmt"/>
        <line num="34" count="54" type="cond" truecount="2" falsecount="0"/>
        <line num="35" count="53" type="stmt"/>
        <line num="39" count="10" type="stmt"/>
        <line num="55" count="96" type="cond" truecount="2" falsecount="0"/>
        <line num="56" count="96" type="stmt"/>
        <line num="57" count="298" type="stmt"/>
        <line num="58" count="96" type="cond" truecount="1" falsecount="1"/>
      </file>
      <file name="boardIndex.ts" path="/Users/simone/Developer/personal/gitlab/intech-consulting-app/web/mvp-dashboard/web/packages/kanban-model/src/boardIndex.ts">
        <metrics statements="19" coveredstatements="19" conditionals="16" coveredconditionals="16" methods="13" coveredmethods="13"/>
        <line num="26" count="51" type="stmt"/>
        <line num="27" count="66" type="stmt"/>
        <line num="28" count="51" type="stmt"/>
        <line num="29" count="51" type="stmt"/>
        <line num="30" count="29" type="cond" truecount="4" falsecount="0"/>
        <line num="31" count="8" type="cond" truecount="2" falsecount="0"/>
        <line num="32" count="8" type="stmt"/>
        <line num="33" count="8" type="stmt"/>
        <line num="36" count="51" type="stmt"/>
        <line num="37" count="51" type="stmt"/>
        <line num="38" count="127" type="cond" truecount="2" falsecount="0"/>
        <line num="40" count="51" type="stmt"/>
        <line num="41" count="1" type="stmt"/>
        <line num="42" count="26" type="cond" truecount="2" falsecount="0"/>
        <line num="44" count="74" type="cond" truecount="2" falsecount="0"/>
        <line num="46" count="75" type="cond" truecount="2" falsecount="0"/>
        <line num="47" count="75" type="stmt"/>
        <line num="49" count="52" type="cond" truecount="2" falsecount="0"/>
        <line num="50" count="52" type="stmt"/>
      </file>
      <file name="checklist.ts" path="/Users/simone/Developer/personal/gitlab/intech-consulting-app/web/mvp-dashboard/web/packages/kanban-model/src/checklist.ts">
        <metrics statements="4" coveredstatements="4" conditionals="6" coveredconditionals="6" methods="2" coveredmethods="2"/>
        <line num="5" count="32" type="cond" truecount="2" falsecount="0"/>
        <line num="6" count="4" type="cond" truecount="2" falsecount="0"/>
        <line num="7" count="32" type="cond" truecount="2" falsecount="0"/>
        <line num="8" count="7" type="stmt"/>
      </file>
      <file name="draft.ts" path="/Users/simone/Developer/personal/gitlab/intech-consulting-app/web/mvp-dashboard/web/packages/kanban-model/src/draft.ts">
        <metrics statements="14" coveredstatements="14" conditionals="31" coveredconditionals="25" methods="6" coveredmethods="6"/>
        <line num="45" count="4" type="stmt"/>
        <line num="46" count="4" type="cond" truecount="2" falsecount="0"/>
        <line num="47" count="4" type="cond" truecount="2" falsecount="0"/>
        <line num="48" count="4" type="cond" truecount="2" falsecount="0"/>
        <line num="49" count="3" type="stmt"/>
        <line num="51" count="4" type="stmt"/>
        <line num="67" count="2" type="stmt"/>
        <line num="68" count="2" type="stmt"/>
        <line num="78" count="1" type="stmt"/>
        <line num="90" count="13" type="cond" truecount="1" falsecount="1"/>
        <line num="91" count="13" type="cond" truecount="1" falsecount="1"/>
        <line num="92" count="13" type="cond" truecount="1" falsecount="1"/>
        <line num="96" count="13" type="stmt"/>
        <line num="100" count="13" type="stmt"/>
      </file>
      <file name="index.ts" path="/Users/simone/Developer/personal/gitlab/intech-consulting-app/web/mvp-dashboard/web/packages/kanban-model/src/index.ts">
        <metrics statements="0" coveredstatements="0" conditionals="0" coveredconditionals="0" methods="0" coveredmethods="0"/>
      </file>
      <file name="types.ts" path="/Users/simone/Developer/personal/gitlab/intech-consulting-app/web/mvp-dashboard/web/packages/kanban-model/src/types.ts">
        <metrics statements="0" coveredstatements="0" conditionals="0" coveredconditionals="0" methods="0" coveredmethods="0"/>
      </file>
    </package>
    <package name="packages.state.src">
      <metrics statements="14" coveredstatements="14" conditionals="2" coveredconditionals="2" methods="3" coveredmethods="3"/>
      <file name="hooks.ts" path="/Users/simone/Developer/personal/gitlab/intech-consulting-app/web/mvp-dashboard/web/packages/state/src/hooks.ts">
        <metrics statements="3" coveredstatements="3" conditionals="0" coveredconditionals="0" methods="0" coveredmethods="0"/>
        <line num="5" count="15" type="stmt"/>
        <line num="6" count="15" type="stmt"/>
        <line num="7" count="15" type="stmt"/>
      </file>
      <file name="index.ts" path="/Users/simone/Developer/personal/gitlab/intech-consulting-app/web/mvp-dashboard/web/packages/state/src/index.ts">
        <metrics statements="0" coveredstatements="0" conditionals="0" coveredconditionals="0" methods="0" coveredmethods="0"/>
      </file>
      <file name="reducer.ts" path="/Users/simone/Developer/personal/gitlab/intech-consulting-app/web/mvp-dashboard/web/packages/state/src/reducer.ts">
        <metrics statements="1" coveredstatements="1" conditionals="0" coveredconditionals="0" methods="0" coveredmethods="0"/>
        <line num="9" count="17" type="stmt"/>
      </file>
      <file name="store.ts" path="/Users/simone/Developer/personal/gitlab/intech-consulting-app/web/mvp-dashboard/web/packages/state/src/store.ts">
        <metrics statements="10" coveredstatements="10" conditionals="2" coveredconditionals="2" methods="3" coveredmethods="3"/>
        <line num="7" count="17" type="stmt"/>
        <line num="8" count="52" type="stmt"/>
        <line num="11" count="52" type="stmt"/>
        <line num="13" count="52" type="stmt"/>
        <line num="14" count="52" type="stmt"/>
        <line num="15" count="264" type="stmt"/>
        <line num="16" count="264" type="cond" truecount="2" falsecount="0"/>
        <line num="17" count="5" type="stmt"/>
        <line num="18" count="5" type="stmt"/>
        <line num="21" count="52" type="stmt"/>
      </file>
    </package>
    <package name="packages.state.src.api">
      <metrics statements="83" coveredstatements="80" conditionals="22" coveredconditionals="19" methods="62" coveredmethods="60"/>
      <file name="aiConfigApi.ts" path="/Users/simone/Developer/personal/gitlab/intech-consulting-app/web/mvp-dashboard/web/packages/state/src/api/aiConfigApi.ts">
        <metrics statements="14" coveredstatements="14" conditionals="0" coveredconditionals="0" methods="7" coveredmethods="7"/>
        <line num="54" count="15" type="stmt"/>
        <line num="66" count="15" type="stmt"/>
        <line num="74" count="15" type="stmt"/>
        <line num="86" count="15" type="stmt"/>
        <line num="87" count="15" type="stmt"/>
        <line num="93" count="15" type="stmt"/>
        <line num="94" count="15" type="stmt"/>
        <line num="97" count="32" type="stmt"/>
        <line num="101" count="3" type="stmt"/>
        <line num="105" count="1" type="stmt"/>
        <line num="109" count="1" type="stmt"/>
        <line num="112" count="1" type="stmt"/>
        <line num="116" count="1" type="stmt"/>
        <line num="133" count="15" type="stmt"/>
      </file>
      <file name="baseApi.ts" path="/Users/simone/Developer/personal/gitlab/intech-consulting-app/web/mvp-dashboard/web/packages/state/src/api/baseApi.ts">
        <metrics statements="9" coveredstatements="8" conditionals="7" coveredconditionals="5" methods="3" coveredmethods="3"/>
        <line num="11" count="17" type="stmt"/>
        <line num="16" count="187" type="stmt"/>
        <line num="17" count="187" type="stmt"/>
        <line num="21" count="17" type="stmt"/>
        <line num="25" count="17" type="stmt"/>
        <line num="34" count="9" type="cond" truecount="4" falsecount="1"/>
        <line num="35" count="9" type="stmt"/>
        <line num="36" count="9" type="cond" truecount="1" falsecount="1"/>
        <line num="38" count="0" type="stmt"/>
      </file>
      <file name="healthApi.ts" path="/Users/simone/Developer/personal/gitlab/intech-consulting-app/web/mvp-dashboard/web/packages/state/src/api/healthApi.ts">
        <metrics statements="4" coveredstatements="4" conditionals="0" coveredconditionals="0" methods="2" coveredmethods="2"/>
        <line num="7" count="15" type="stmt"/>
        <line num="8" count="15" type="stmt"/>
        <line num="10" count="4" type="stmt"/>
        <line num="14" count="15" type="stmt"/>
      </file>
      <file name="kanbanApi.ts" path="/Users/simone/Developer/personal/gitlab/intech-consulting-app/web/mvp-dashboard/web/packages/state/src/api/kanbanApi.ts">
        <metrics statements="38" coveredstatements="36" conditionals="14" coveredconditionals="13" methods="36" coveredmethods="34"/>
        <line num="31" count="15" type="stmt"/>
        <line num="34" count="107" type="stmt"/>
        <line num="36" count="15" type="stmt"/>
        <line num="37" count="15" type="stmt"/>
        <line num="39" count="29" type="stmt"/>
        <line num="40" count="26" type="stmt"/>
        <line num="41" count="29" type="stmt"/>
        <line num="52" count="2" type="stmt"/>
        <line num="57" count="2" type="stmt"/>
        <line num="68" count="2" type="stmt"/>
        <line num="73" count="2" type="stmt"/>
        <line num="77" count="1" type="stmt"/>
        <line num="81" count="1" type="stmt"/>
        <line num="84" count="1" type="stmt"/>
        <line num="89" count="1" type="stmt"/>
        <line num="93" count="25" type="stmt"/>
        <line num="95" count="26" type="stmt"/>
        <line num="96" count="25" type="stmt"/>
        <line num="102" count="1" type="stmt"/>
        <line num="107" count="1" type="stmt"/>
        <line num="119" count="2" type="stmt"/>
        <line num="124" count="2" type="stmt"/>
        <line num="128" count="1" type="stmt"/>
        <line num="132" count="1" type="stmt"/>
        <line num="139" count="32" type="stmt"/>
        <line num="140" count="32" type="stmt"/>
        <line num="141" count="32" type="stmt"/>
        <line num="155" count="3" type="stmt"/>
        <line num="166" count="3" type="stmt"/>
        <line num="169" count="3" type="stmt"/>
        <line num="174" count="3" type="stmt"/>
        <line num="177" count="3" type="stmt"/>
        <line num="182" count="3" type="stmt"/>
        <line num="188" count="0" type="stmt"/>
        <line num="193" count="0" type="stmt"/>
        <line num="197" count="2" type="stmt"/>
        <line num="201" count="2" type="stmt"/>
        <line num="222" count="15" type="stmt"/>
      </file>
      <file name="projectsApi.ts" path="/Users/simone/Developer/personal/gitlab/intech-consulting-app/web/mvp-dashboard/web/packages/state/src/api/projectsApi.ts">
        <metrics statements="13" coveredstatements="13" conditionals="1" coveredconditionals="1" methods="11" coveredmethods="11"/>
        <line num="19" count="17" type="stmt"/>
        <line num="20" count="17" type="stmt"/>
        <line num="23" count="13" type="stmt"/>
        <line num="24" count="13" type="cond" truecount="1" falsecount="0"/>
        <line num="26" count="3" type="stmt"/>
        <line num="30" count="5" type="stmt"/>
        <line num="31" count="5" type="stmt"/>
        <line num="34" count="2" type="stmt"/>
        <line num="39" count="1" type="stmt"/>
        <line num="40" count="1" type="stmt"/>
        <line num="47" count="1" type="stmt"/>
        <line num="48" count="1" type="stmt"/>
        <line num="62" count="17" type="stmt"/>
      </file>
      <file name="settingsApi.ts" path="/Users/simone/Developer/personal/gitlab/intech-consulting-app/web/mvp-dashboard/web/packages/state/src/api/settingsApi.ts">
        <metrics statements="5" coveredstatements="5" conditionals="0" coveredconditionals="0" methods="3" coveredmethods="3"/>
        <line num="10" count="15" type="stmt"/>
        <line num="11" count="15" type="stmt"/>
        <line num="14" count="13" type="stmt"/>
        <line num="18" count="2" type="stmt"/>
        <line num="24" count="15" type="stmt"/>
      </file>
    </package>
    <package name="packages.state.src.assistant">
      <metrics statements="91" coveredstatements="85" conditionals="58" coveredconditionals="40" methods="15" coveredmethods="14"/>
      <file name="assistantSlice.ts" path="/Users/simone/Developer/personal/gitlab/intech-consulting-app/web/mvp-dashboard/web/packages/state/src/assistant/assistantSlice.ts">
        <metrics statements="62" coveredstatements="56" conditionals="38" coveredconditionals="25" methods="13" coveredmethods="12"/>
        <line num="8" count="17" type="stmt"/>
        <line num="45" count="17" type="stmt"/>
        <line num="58" count="17" type="stmt"/>
        <line num="70" count="2" type="stmt"/>
        <line num="71" count="2" type="stmt"/>
        <line num="76" count="17" type="stmt"/>
        <line num="86" count="3" type="stmt"/>
        <line num="87" count="3" type="stmt"/>
        <line num="88" count="3" type="stmt"/>
        <line num="94" count="3" type="cond" truecount="4" falsecount="0"/>
        <line num="95" count="1" type="stmt"/>
        <line num="96" count="1" type="stmt"/>
        <line num="101" count="2" type="stmt"/>
        <line num="102" count="16" type="stmt"/>
        <line num="103" count="16" type="cond" truecount="2" falsecount="0"/>
        <line num="104" count="15" type="stmt"/>
        <line num="106" count="1" type="stmt"/>
        <line num="108" count="2" type="cond" truecount="1" falsecount="1"/>
        <line num="109" count="2" type="cond" truecount="1" falsecount="1"/>
        <line num="110" count="0" type="stmt"/>
        <line num="118" count="17" type="stmt"/>
        <line num="123" count="15" type="stmt"/>
        <line num="124" count="15" type="cond" truecount="5" falsecount="1"/>
        <line num="126" count="9" type="stmt"/>
        <line num="127" count="9" type="stmt"/>
        <line num="128" count="9" type="stmt"/>
        <line num="129" count="9" type="stmt"/>
        <line num="131" count="2" type="stmt"/>
        <line num="132" count="2" type="stmt"/>
        <line num="134" count="2" type="stmt"/>
        <line num="135" count="2" type="stmt"/>
        <line num="137" count="1" type="stmt"/>
        <line num="138" count="1" type="stmt"/>
        <line num="140" count="1" type="stmt"/>
        <line num="141" count="1" type="stmt"/>
        <line num="142" count="1" type="stmt"/>
        <line num="144" count="0" type="stmt"/>
        <line num="147" count="5" type="stmt"/>
        <line num="150" count="17" type="stmt"/>
        <line num="151" count="3" type="stmt"/>
        <line num="158" count="1" type="cond" truecount="1" falsecount="1"/>
        <line num="159" count="1" type="stmt"/>
        <line num="160" count="1" type="stmt"/>
        <line num="161" count="1" type="cond" truecount="1" falsecount="1"/>
        <line num="163" count="0" type="stmt"/>
        <line num="164" count="0" type="stmt"/>
        <line num="168" count="2" type="cond" truecount="1" falsecount="1"/>
        <line num="169" count="0" type="stmt"/>
        <line num="170" count="0" type="stmt"/>
        <line num="172" count="2" type="stmt"/>
        <line num="173" count="2" type="cond" truecount="1" falsecount="1"/>
        <line num="180" count="47" type="stmt"/>
        <line num="184" count="17" type="stmt"/>
        <line num="185" count="17" type="stmt"/>
        <line num="189" count="28" type="stmt"/>
        <line num="190" count="111" type="cond" truecount="2" falsecount="0"/>
        <line num="191" count="28" type="stmt"/>
        <line num="192" count="28" type="stmt"/>
        <line num="193" count="28" type="stmt"/>
        <line num="194" count="99" type="stmt"/>
        <line num="195" count="99" type="cond" truecount="2" falsecount="0"/>
        <line num="197" count="28" type="stmt"/>
      </file>
      <file name="sse.ts" path="/Users/simone/Developer/personal/gitlab/intech-consulting-app/web/mvp-dashboard/web/packages/state/src/assistant/sse.ts">
        <metrics statements="29" coveredstatements="29" conditionals="20" coveredconditionals="15" methods="2" coveredmethods="2"/>
        <line num="6" count="2" type="stmt"/>
        <line num="7" count="2" type="stmt"/>
        <line num="8" count="2" type="stmt"/>
        <line num="9" count="2" type="stmt"/>
        <line num="10" count="2" type="stmt"/>
        <line num="11" count="2" type="stmt"/>
        <line num="12" count="49" type="cond" truecount="2" falsecount="0"/>
        <line num="13" count="17" type="cond" truecount="2" falsecount="0"/>
        <line num="14" count="16" type="stmt"/>
        <line num="15" count="16" type="stmt"/>
        <line num="16" count="16" type="stmt"/>
        <line num="18" count="32" type="cond" truecount="1" falsecount="1"/>
        <line num="19" count="32" type="stmt"/>
        <line num="20" count="32" type="cond" truecount="1" falsecount="1"/>
        <line num="21" count="49" type="cond" truecount="1" falsecount="1"/>
        <line num="22" count="49" type="cond" truecount="2" falsecount="0"/>
        <line num="23" count="32" type="cond" truecount="2" falsecount="0"/>
        <line num="24" count="16" type="cond" truecount="1" falsecount="1"/>
        <line num="26" count="2" type="stmt"/>
        <line num="27" count="3" type="stmt"/>
        <line num="28" count="3" type="cond" truecount="2" falsecount="0"/>
        <line num="29" count="2" type="stmt"/>
        <line num="30" count="2" type="stmt"/>
        <line num="31" count="2" type="stmt"/>
        <line num="32" count="48" type="stmt"/>
        <line num="33" count="48" type="stmt"/>
        <line num="34" count="48" type="stmt"/>
        <line num="37" count="1" type="cond" truecount="1" falsecount="1"/>
        <line num="38" count="1" type="stmt"/>
      </file>
    </package>
    <package name="packages.state.src.live">
      <metrics statements="78" coveredstatements="78" conditionals="31" coveredconditionals="27" methods="21" coveredmethods="21"/>
      <file name="events.ts" path="/Users/simone/Developer/personal/gitlab/intech-consulting-app/web/mvp-dashboard/web/packages/state/src/live/events.ts">
        <metrics statements="14" coveredstatements="14" conditionals="13" coveredconditionals="13" methods="3" coveredmethods="3"/>
        <line num="15" count="7" type="stmt"/>
        <line num="16" count="7" type="stmt"/>
        <line num="17" count="7" type="cond" truecount="6" falsecount="0"/>
        <line num="22" count="3" type="stmt"/>
        <line num="24" count="2" type="cond" truecount="2" falsecount="0"/>
        <line num="28" count="1" type="stmt"/>
        <line num="31" count="1" type="stmt"/>
        <line num="37" count="7" type="cond" truecount="5" falsecount="0"/>
        <line num="39" count="2" type="stmt"/>
        <line num="41" count="2" type="stmt"/>
        <line num="43" count="1" type="stmt"/>
        <line num="45" count="1" type="stmt"/>
        <line num="47" count="1" type="stmt"/>
        <line num="53" count="10" type="stmt"/>
      </file>
      <file name="liveMiddleware.ts" path="/Users/simone/Developer/personal/gitlab/intech-consulting-app/web/mvp-dashboard/web/packages/state/src/live/liveMiddleware.ts">
        <metrics statements="51" coveredstatements="51" conditionals="18" coveredconditionals="14" methods="10" coveredmethods="10"/>
        <line num="14" count="17" type="stmt"/>
        <line num="15" count="17" type="stmt"/>
        <line num="22" count="17" type="stmt"/>
        <line num="25" count="52" type="stmt"/>
        <line num="26" count="52" type="stmt"/>
        <line num="28" count="52" type="stmt"/>
        <line num="29" count="8" type="stmt"/>
        <line num="31" count="52" type="stmt"/>
        <line num="32" count="8" type="cond" truecount="1" falsecount="1"/>
        <line num="33" count="8" type="stmt"/>
        <line num="34" count="8" type="stmt"/>
        <line num="35" count="8" type="stmt"/>
        <line num="36" count="8" type="stmt"/>
        <line num="37" count="8" type="stmt"/>
        <line num="38" count="4" type="stmt"/>
        <line num="39" count="4" type="stmt"/>
        <line num="41" count="8" type="stmt"/>
        <line num="42" count="2" type="stmt"/>
        <line num="43" count="2" type="cond" truecount="1" falsecount="1"/>
        <line num="44" count="2" type="stmt"/>
        <line num="45" count="2" type="stmt"/>
        <line num="46" count="2" type="cond" truecount="1" falsecount="1"/>
        <line num="48" count="8" type="stmt"/>
        <line num="49" count="8" type="cond" truecount="2" falsecount="0"/>
        <line num="50" count="2" type="stmt"/>
        <line num="51" count="2" type="stmt"/>
        <line num="52" count="2" type="cond" truecount="1" falsecount="1"/>
        <line num="53" count="2" type="stmt"/>
        <line num="54" count="2" type="stmt"/>
        <line num="56" count="8" type="stmt"/>
        <line num="57" count="1" type="stmt"/>
        <line num="61" count="52" type="stmt"/>
        <line num="62" count="11" type="stmt"/>
        <line num="63" count="11" type="stmt"/>
        <line num="64" count="11" type="stmt"/>
        <line num="65" count="11" type="stmt"/>
        <line num="68" count="52" type="stmt"/>
        <line num="69" count="547" type="stmt"/>
        <line num="70" count="547" type="cond" truecount="2" falsecount="0"/>
        <line num="71" count="5" type="stmt"/>
        <line num="72" count="5" type="stmt"/>
        <line num="73" count="5" type="stmt"/>
        <line num="74" count="542" type="cond" truecount="2" falsecount="0"/>
        <line num="75" count="5" type="stmt"/>
        <line num="76" count="5" type="stmt"/>
        <line num="77" count="5" type="stmt"/>
        <line num="78" count="537" type="cond" truecount="4" falsecount="0"/>
        <line num="79" count="1" type="stmt"/>
        <line num="80" count="1" type="stmt"/>
        <line num="81" count="1" type="stmt"/>
        <line num="83" count="547" type="stmt"/>
      </file>
      <file name="liveSlice.ts" path="/Users/simone/Developer/personal/gitlab/intech-consulting-app/web/mvp-dashboard/web/packages/state/src/live/liveSlice.ts">
        <metrics statements="13" coveredstatements="13" conditionals="0" coveredconditionals="0" methods="8" coveredmethods="8"/>
        <line num="12" count="17" type="stmt"/>
        <line num="15" count="17" type="stmt"/>
        <line num="19" count="5" type="stmt"/>
        <line num="20" count="5" type="stmt"/>
        <line num="22" count="8" type="stmt"/>
        <line num="25" count="4" type="stmt"/>
        <line num="28" count="7" type="stmt"/>
        <line num="31" count="2" type="stmt"/>
        <line num="32" count="2" type="stmt"/>
        <line num="36" count="25" type="stmt"/>
        <line num="37" count="1" type="stmt"/>
        <line num="42" count="17" type="stmt"/>
        <line num="43" count="17" type="stmt"/>
      </file>
    </package>
    <package name="packages.state.src.settings">
      <metrics statements="29" coveredstatements="29" conditionals="16" coveredconditionals="15" methods="10" coveredmethods="10"/>
      <file name="settingsSlice.ts" path="/Users/simone/Developer/personal/gitlab/intech-consulting-app/web/mvp-dashboard/web/packages/state/src/settings/settingsSlice.ts">
        <metrics statements="29" coveredstatements="29" conditionals="16" coveredconditionals="15" methods="10" coveredmethods="10"/>
        <line num="4" count="18" type="stmt"/>
        <line num="13" count="18" type="stmt"/>
        <line num="15" count="18" type="stmt"/>
        <line num="19" count="67" type="stmt"/>
        <line num="20" count="67" type="cond" truecount="2" falsecount="0"/>
        <line num="21" count="61" type="stmt"/>
        <line num="22" count="61" type="stmt"/>
        <line num="23" count="61" type="cond" truecount="4" falsecount="0"/>
        <line num="24" count="39" type="stmt"/>
        <line num="26" count="19" type="stmt"/>
        <line num="31" count="90" type="stmt"/>
        <line num="32" count="90" type="stmt"/>
        <line num="33" count="90" type="cond" truecount="2" falsecount="0"/>
        <line num="34" count="4" type="stmt"/>
        <line num="36" count="4" type="cond" truecount="1" falsecount="1"/>
        <line num="37" count="90" type="cond" truecount="2" falsecount="0"/>
        <line num="38" count="90" type="cond" truecount="2" falsecount="0"/>
        <line num="40" count="1" type="stmt"/>
        <line num="45" count="6" type="stmt"/>
        <line num="46" count="6" type="stmt"/>
        <line num="52" count="18" type="stmt"/>
        <line num="57" count="3" type="stmt"/>
        <line num="60" count="1" type="stmt"/>
        <line num="62" count="1" type="stmt"/>
        <line num="65" count="236" type="stmt"/>
        <line num="66" count="41" type="stmt"/>
        <line num="70" count="18" type="stmt"/>
        <line num="71" count="18" type="stmt"/>
        <line num="75" count="285" type="cond" truecount="2" falsecount="0"/>
      </file>
    </package>
    <package name="packages.state.src.shell">
      <metrics statements="6" coveredstatements="6" conditionals="0" coveredconditionals="0" methods="2" coveredmethods="2"/>
      <file name="shellSlice.ts" path="/Users/simone/Developer/personal/gitlab/intech-consulting-app/web/mvp-dashboard/web/packages/state/src/shell/shellSlice.ts">
        <metrics statements="6" coveredstatements="6" conditionals="0" coveredconditionals="0" methods="2" coveredmethods="2"/>
        <line num="7" count="17" type="stmt"/>
        <line num="9" count="17" type="stmt"/>
        <line num="14" count="1" type="stmt"/>
        <line num="18" count="8" type="stmt"/>
        <line num="22" count="17" type="stmt"/>
        <line num="23" count="17" type="stmt"/>
      </file>
    </package>
    <package name="packages.state.src.testing">
      <metrics statements="19" coveredstatements="19" conditionals="12" coveredconditionals="12" methods="3" coveredmethods="3"/>
      <file name="fakeApi.ts" path="/Users/simone/Developer/personal/gitlab/intech-consulting-app/web/mvp-dashboard/web/packages/state/src/testing/fakeApi.ts">
        <metrics statements="19" coveredstatements="19" conditionals="12" coveredconditionals="12" methods="3" coveredmethods="3"/>
        <line num="11" count="46" type="stmt"/>
        <line num="12" count="46" type="stmt"/>
        <line num="13" count="185" type="cond" truecount="2" falsecount="0"/>
        <line num="14" count="185" type="stmt"/>
        <line num="15" count="185" type="stmt"/>
        <line num="16" count="185" type="stmt"/>
        <line num="17" count="185" type="cond" truecount="2" falsecount="0"/>
        <line num="18" count="185" type="stmt"/>
        <line num="19" count="185" type="stmt"/>
        <line num="20" count="185" type="cond" truecount="2" falsecount="0"/>
        <line num="21" count="18" type="stmt"/>
        <line num="26" count="167" type="stmt"/>
        <line num="27" count="167" type="cond" truecount="2" falsecount="0"/>
        <line num="28" count="2" type="stmt"/>
        <line num="29" count="16" type="stmt"/>
        <line num="31" count="2" type="stmt"/>
        <line num="33" count="165" type="cond" truecount="2" falsecount="0"/>
        <line num="38" count="46" type="stmt"/>
        <line num="39" count="46" type="stmt"/>
      </file>
      <file name="index.ts" path="/Users/simone/Developer/personal/gitlab/intech-consulting-app/web/mvp-dashboard/web/packages/state/src/testing/index.ts">
        <metrics statements="0" coveredstatements="0" conditionals="0" coveredconditionals="0" methods="0" coveredmethods="0"/>
      </file>
    </package>
    <package name="src.app">
      <metrics statements="8" coveredstatements="8" conditionals="2" coveredconditionals="1" methods="3" coveredmethods="3"/>
      <file name="App.tsx" path="/Users/simone/Developer/personal/gitlab/intech-consulting-app/web/mvp-dashboard/web/src/app/App.tsx">
        <metrics statements="7" coveredstatements="7" conditionals="2" coveredconditionals="1" methods="3" coveredmethods="3"/>
        <line num="8" count="1" type="stmt"/>
        <line num="10" count="1" type="stmt"/>
        <line num="22" count="1" type="stmt"/>
        <line num="23" count="1" type="stmt"/>
        <line num="24" count="1" type="stmt"/>
        <line num="25" count="1" type="stmt"/>
        <line num="28" count="1" type="stmt"/>
      </file>
      <file name="plugins.ts" path="/Users/simone/Developer/personal/gitlab/intech-consulting-app/web/mvp-dashboard/web/src/app/plugins.ts">
        <metrics statements="1" coveredstatements="1" conditionals="0" coveredconditionals="0" methods="0" coveredmethods="0"/>
        <line num="6" count="1" type="stmt"/>
      </file>
    </package>
    <package name="src.assets">
      <metrics statements="0" coveredstatements="0" conditionals="0" coveredconditionals="0" methods="0" coveredmethods="0"/>
      <file name="hero.png" path="/Users/simone/Developer/personal/gitlab/intech-consulting-app/web/mvp-dashboard/web/src/assets/hero.png">
        <metrics statements="0" coveredstatements="0" conditionals="0" coveredconditionals="0" methods="0" coveredmethods="0"/>
      </file>
      <file name="vite.svg" path="/Users/simone/Developer/personal/gitlab/intech-consulting-app/web/mvp-dashboard/web/src/assets/vite.svg">
        <metrics statements="0" coveredstatements="0" conditionals="0" coveredconditionals="0" methods="0" coveredmethods="0"/>
      </file>
    </package>
    <package name="src.core.plugin">
      <metrics statements="8" coveredstatements="8" conditionals="4" coveredconditionals="4" methods="4" coveredmethods="4"/>
      <file name="registry.ts" path="/Users/simone/Developer/personal/gitlab/intech-consulting-app/web/mvp-dashboard/web/src/core/plugin/registry.ts">
        <metrics statements="8" coveredstatements="8" conditionals="4" coveredconditionals="4" methods="4" coveredmethods="4"/>
        <line num="13" count="5" type="stmt"/>
        <line num="14" count="5" type="stmt"/>
        <line num="15" count="10" type="cond" truecount="2" falsecount="0"/>
        <line num="16" count="9" type="stmt"/>
        <line num="18" count="4" type="stmt"/>
        <line num="20" count="8" type="stmt"/>
        <line num="21" count="8" type="stmt"/>
        <line num="22" count="8" type="cond" truecount="2" falsecount="0"/>
      </file>
      <file name="types.ts" path="/Users/simone/Developer/personal/gitlab/intech-consulting-app/web/mvp-dashboard/web/src/core/plugin/types.ts">
        <metrics statements="0" coveredstatements="0" conditionals="0" coveredconditionals="0" methods="0" coveredmethods="0"/>
      </file>
    </package>
    <package name="src.core.settings">
      <metrics statements="26" coveredstatements="21" conditionals="15" coveredconditionals="13" methods="10" coveredmethods="8"/>
      <file name="ThemePicker.tsx" path="/Users/simone/Developer/personal/gitlab/intech-consulting-app/web/mvp-dashboard/web/src/core/settings/ThemePicker.tsx">
        <metrics statements="7" coveredstatements="7" conditionals="5" coveredconditionals="5" methods="3" coveredmethods="3"/>
        <line num="11" count="3" type="stmt"/>
        <line num="12" count="3" type="stmt"/>
        <line num="20" count="62" type="stmt"/>
        <line num="21" count="62" type="stmt"/>
        <line num="22" count="62" type="stmt"/>
        <line num="29" count="186" type="stmt"/>
        <line num="38" count="1" type="stmt"/>
      </file>
      <file name="useTheme.ts" path="/Users/simone/Developer/personal/gitlab/intech-consulting-app/web/mvp-dashboard/web/src/core/settings/useTheme.ts">
        <metrics statements="19" coveredstatements="14" conditionals="10" coveredconditionals="8" methods="7" coveredmethods="5"/>
        <line num="4" count="3" type="stmt"/>
        <line num="5" count="6" type="cond" truecount="2" falsecount="0"/>
        <line num="9" count="5" type="cond" truecount="2" falsecount="0"/>
        <line num="10" count="4" type="cond" truecount="2" falsecount="0"/>
        <line num="15" count="5" type="stmt"/>
        <line num="16" count="5" type="stmt"/>
        <line num="17" count="5" type="stmt"/>
        <line num="21" count="3" type="stmt"/>
        <line num="22" count="3" type="stmt"/>
        <line num="23" count="2" type="stmt"/>
        <line num="24" count="2" type="cond" truecount="1" falsecount="1"/>
        <line num="25" count="2" type="stmt"/>
        <line num="26" count="2" type="cond" truecount="1" falsecount="1"/>
        <line num="27" count="0" type="stmt"/>
        <line num="28" count="0" type="stmt"/>
        <line num="30" count="0" type="stmt"/>
        <line num="31" count="0" type="stmt"/>
        <line num="32" count="0" type="stmt"/>
        <line num="35" count="3" type="stmt"/>
      </file>
    </package>
    <package name="src.core.shell">
      <metrics statements="15" coveredstatements="15" conditionals="17" coveredconditionals="14" methods="7" coveredmethods="7"/>
      <file name="AppShell.tsx" path="/Users/simone/Developer/personal/gitlab/intech-consulting-app/web/mvp-dashboard/web/src/core/shell/AppShell.tsx">
        <metrics statements="3" coveredstatements="3" conditionals="2" coveredconditionals="2" methods="1" coveredmethods="1"/>
        <line num="10" count="3" type="stmt"/>
        <line num="11" count="3" type="stmt"/>
        <line num="12" count="3" type="stmt"/>
      </file>
      <file name="ServerStatus.tsx" path="/Users/simone/Developer/personal/gitlab/intech-consulting-app/web/mvp-dashboard/web/src/core/shell/ServerStatus.tsx">
        <metrics statements="6" coveredstatements="6" conditionals="14" coveredconditionals="11" methods="1" coveredmethods="1"/>
        <line num="12" count="11" type="stmt"/>
        <line num="13" count="11" type="stmt"/>
        <line num="14" count="11" type="stmt"/>
        <line num="16" count="11" type="cond" truecount="1" falsecount="1"/>
        <line num="26" count="11" type="cond" truecount="1" falsecount="1"/>
        <line num="33" count="11" type="stmt"/>
      </file>
      <file name="Sidebar.tsx" path="/Users/simone/Developer/personal/gitlab/intech-consulting-app/web/mvp-dashboard/web/src/core/shell/Sidebar.tsx">
        <metrics statements="3" coveredstatements="3" conditionals="1" coveredconditionals="1" methods="3" coveredmethods="3"/>
        <line num="12" count="3" type="stmt"/>
        <line num="16" count="4" type="stmt"/>
        <line num="26" count="3" type="stmt"/>
      </file>
      <file name="TopBar.tsx" path="/Users/simone/Developer/personal/gitlab/intech-consulting-app/web/mvp-dashboard/web/src/core/shell/TopBar.tsx">
        <metrics statements="3" coveredstatements="3" conditionals="0" coveredconditionals="0" methods="2" coveredmethods="2"/>
        <line num="7" count="3" type="stmt"/>
        <line num="8" count="3" type="stmt"/>
        <line num="15" count="1" type="stmt"/>
      </file>
    </package>
    <package name="src.plugins.overview">
      <metrics statements="8" coveredstatements="7" conditionals="18" coveredconditionals="15" methods="5" coveredmethods="4"/>
      <file name="OverviewPage.tsx" path="/Users/simone/Developer/personal/gitlab/intech-consulting-app/web/mvp-dashboard/web/src/plugins/overview/OverviewPage.tsx">
        <metrics statements="7" coveredstatements="6" conditionals="18" coveredconditionals="15" methods="5" coveredmethods="4"/>
        <line num="7" count="7" type="cond" truecount="1" falsecount="0"/>
        <line num="9" count="7" type="stmt"/>
        <line num="36" count="0" type="stmt"/>
        <line num="42" count="1" type="stmt"/>
        <line num="50" count="3" type="cond" truecount="1" falsecount="0"/>
        <line num="51" count="3" type="stmt"/>
        <line num="65" count="2" type="stmt"/>
      </file>
      <file name="index.tsx" path="/Users/simone/Developer/personal/gitlab/intech-consulting-app/web/mvp-dashboard/web/src/plugins/overview/index.tsx">
        <metrics statements="1" coveredstatements="1" conditionals="0" coveredconditionals="0" methods="0" coveredmethods="0"/>
        <line num="4" count="1" type="stmt"/>
      </file>
    </package>
    <package name="src.plugins.projects">
      <metrics statements="44" coveredstatements="42" conditionals="37" coveredconditionals="34" methods="16" coveredmethods="14"/>
      <file name="AddProjectForm.tsx" path="/Users/simone/Developer/personal/gitlab/intech-consulting-app/web/mvp-dashboard/web/src/plugins/projects/AddProjectForm.tsx">
        <metrics statements="20" coveredstatements="18" conditionals="11" coveredconditionals="10" methods="6" coveredmethods="4"/>
        <line num="13" count="28" type="stmt"/>
        <line num="14" count="28" type="stmt"/>
        <line num="15" count="28" type="stmt"/>
        <line num="16" count="28" type="stmt"/>
        <line num="17" count="28" type="stmt"/>
        <line num="18" count="28" type="stmt"/>
        <line num="19" count="28" type="cond" truecount="3" falsecount="0"/>
        <line num="21" count="28" type="stmt"/>
        <line num="22" count="2" type="stmt"/>
        <line num="23" count="2" type="stmt"/>
        <line num="24" count="2" type="cond" truecount="1" falsecount="1"/>
        <line num="25" count="2" type="stmt"/>
        <line num="30" count="2" type="cond" truecount="2" falsecount="0"/>
        <line num="31" count="1" type="stmt"/>
        <line num="32" count="1" type="stmt"/>
        <line num="36" count="28" type="stmt"/>
        <line num="39" count="2" type="stmt"/>
        <line num="51" count="18" type="stmt"/>
        <line num="61" count="0" type="stmt"/>
        <line num="70" count="0" type="stmt"/>
      </file>
      <file name="ProjectPage.tsx" path="/Users/simone/Developer/personal/gitlab/intech-consulting-app/web/mvp-dashboard/web/src/plugins/projects/ProjectPage.tsx">
        <metrics statements="15" coveredstatements="15" conditionals="9" coveredconditionals="8" methods="4" coveredmethods="4"/>
        <line num="13" count="12" type="cond" truecount="1" falsecount="0"/>
        <line num="14" count="12" type="stmt"/>
        <line num="15" count="12" type="stmt"/>
        <line num="16" count="12" type="stmt"/>
        <line num="17" count="12" type="stmt"/>
        <line num="19" count="12" type="cond" truecount="2" falsecount="0"/>
        <line num="20" count="6" type="cond" truecount="4" falsecount="0"/>
        <line num="21" count="1" type="stmt"/>
        <line num="28" count="5" type="stmt"/>
        <line num="29" count="1" type="cond" truecount="1" falsecount="1"/>
        <line num="30" count="1" type="stmt"/>
        <line num="31" count="1" type="stmt"/>
        <line num="34" count="5" type="stmt"/>
        <line num="48" count="1" type="stmt"/>
        <line num="59" count="1" type="stmt"/>
      </file>
      <file name="ProjectsSidebar.tsx" path="/Users/simone/Developer/personal/gitlab/intech-consulting-app/web/mvp-dashboard/web/src/plugins/projects/ProjectsSidebar.tsx">
        <metrics statements="6" coveredstatements="6" conditionals="13" coveredconditionals="12" methods="5" coveredmethods="5"/>
        <line num="8" count="18" type="cond" truecount="1" falsecount="0"/>
        <line num="9" count="18" type="stmt"/>
        <line num="11" count="18" type="stmt"/>
        <line num="26" count="2" type="stmt"/>
        <line num="35" count="1" type="stmt"/>
        <line num="50" count="2" type="stmt"/>
      </file>
      <file name="index.tsx" path="/Users/simone/Developer/personal/gitlab/intech-consulting-app/web/mvp-dashboard/web/src/plugins/projects/index.tsx">
        <metrics statements="1" coveredstatements="1" conditionals="0" coveredconditionals="0" methods="0" coveredmethods="0"/>
        <line num="5" count="1" type="stmt"/>
      </file>
      <file name="paths.ts" path="/Users/simone/Developer/personal/gitlab/intech-consulting-app/web/mvp-dashboard/web/src/plugins/projects/paths.ts">
        <metrics statements="2" coveredstatements="2" conditionals="4" coveredconditionals="4" methods="1" coveredmethods="1"/>
        <line num="2" count="5" type="stmt"/>
        <line num="6" count="5" type="cond" truecount="4" falsecount="0"/>
      </file>
    </package>
    <package name="src.plugins.projects.assistant">
      <metrics statements="107" coveredstatements="81" conditionals="122" coveredconditionals="95" methods="39" coveredmethods="29"/>
      <file name="ActivityPanel.tsx" path="/Users/simone/Developer/personal/gitlab/intech-consulting-app/web/mvp-dashboard/web/src/plugins/projects/assistant/ActivityPanel.tsx">
        <metrics statements="12" coveredstatements="11" conditionals="34" coveredconditionals="29" methods="9" coveredmethods="8"/>
        <line num="17" count="24" type="stmt"/>
        <line num="18" count="24" type="stmt"/>
        <line num="19" count="100" type="stmt"/>
        <line num="20" count="24" type="cond" truecount="2" falsecount="0"/>
        <line num="22" count="24" type="stmt"/>
        <line num="26" count="96" type="stmt"/>
        <line num="72" count="120" type="cond" truecount="2" falsecount="0"/>
        <line num="74" count="76" type="stmt"/>
        <line num="79" count="120" type="stmt"/>
        <line num="80" count="24" type="stmt"/>
        <line num="94" count="0" type="stmt"/>
        <line num="113" count="72" type="stmt"/>
      </file>
      <file name="DraftWithAI.tsx" path="/Users/simone/Developer/personal/gitlab/intech-consulting-app/web/mvp-dashboard/web/src/plugins/projects/assistant/DraftWithAI.tsx">
        <metrics statements="47" coveredstatements="43" conditionals="34" coveredconditionals="31" methods="20" coveredmethods="16"/>
        <line num="26" count="89" type="stmt"/>
        <line num="27" count="89" type="stmt"/>
        <line num="28" count="89" type="stmt"/>
        <line num="29" count="89" type="stmt"/>
        <line num="30" count="89" type="stmt"/>
        <line num="31" count="89" type="stmt"/>
        <line num="32" count="89" type="stmt"/>
        <line num="33" count="89" type="cond" truecount="2" falsecount="0"/>
        <line num="34" count="89" type="cond" truecount="2" falsecount="0"/>
        <line num="35" count="89" type="stmt"/>
        <line num="36" count="89" type="cond" truecount="2" falsecount="0"/>
        <line num="37" count="89" type="stmt"/>
        <line num="39" count="89" type="stmt"/>
        <line num="40" count="89" type="stmt"/>
        <line num="41" count="89" type="stmt"/>
        <line num="43" count="89" type="stmt"/>
        <line num="44" count="6" type="cond" truecount="2" falsecount="0"/>
        <line num="46" count="89" type="stmt"/>
        <line num="47" count="6" type="cond" truecount="2" falsecount="0"/>
        <line num="48" count="1" type="stmt"/>
        <line num="51" count="89" type="stmt"/>
        <line num="53" count="5" type="stmt"/>
        <line num="54" count="5" type="stmt"/>
        <line num="58" count="89" type="stmt"/>
        <line num="59" count="11" type="cond" truecount="2" falsecount="0"/>
        <line num="60" count="3" type="stmt"/>
        <line num="61" count="0" type="stmt"/>
        <line num="63" count="3" type="stmt"/>
        <line num="64" count="3" type="stmt"/>
        <line num="68" count="89" type="cond" truecount="4" falsecount="0"/>
        <line num="72" count="89" type="stmt"/>
        <line num="73" count="3" type="stmt"/>
        <line num="74" count="3" type="cond" truecount="1" falsecount="1"/>
        <line num="75" count="3" type="stmt"/>
        <line num="78" count="3" type="stmt"/>
        <line num="79" count="2" type="stmt"/>
        <line num="83" count="89" type="cond" truecount="2" falsecount="0"/>
        <line num="84" count="36" type="stmt"/>
        <line num="91" count="3" type="stmt"/>
        <line num="99" count="53" type="stmt"/>
        <line num="116" count="31" type="stmt"/>
        <line num="127" count="0" type="stmt"/>
        <line num="144" count="1" type="stmt"/>
        <line num="148" count="52" type="cond" truecount="1" falsecount="1"/>
        <line num="151" count="104" type="stmt"/>
        <line num="163" count="0" type="stmt"/>
        <line num="179" count="0" type="stmt"/>
      </file>
      <file name="RegenerateDescription.tsx" path="/Users/simone/Developer/personal/gitlab/intech-consulting-app/web/mvp-dashboard/web/src/plugins/projects/assistant/RegenerateDescription.tsx">
        <metrics statements="24" coveredstatements="10" conditionals="16" coveredconditionals="8" methods="5" coveredmethods="1"/>
        <line num="25" count="90" type="stmt"/>
        <line num="26" count="90" type="stmt"/>
        <line num="27" count="90" type="stmt"/>
        <line num="28" count="90" type="stmt"/>
        <line num="29" count="90" type="stmt"/>
        <line num="31" count="90" type="stmt"/>
        <line num="32" count="0" type="cond" truecount="0" falsecount="2"/>
        <line num="34" count="0" type="stmt"/>
        <line num="35" count="0" type="cond" truecount="0" falsecount="2"/>
        <line num="39" count="0" type="stmt"/>
        <line num="40" count="0" type="stmt"/>
        <line num="41" count="0" type="stmt"/>
        <line num="42" count="0" type="stmt"/>
        <line num="45" count="0" type="stmt"/>
        <line num="46" count="0" type="stmt"/>
        <line num="47" count="0" type="cond" truecount="0" falsecount="2"/>
        <line num="51" count="0" type="stmt"/>
        <line num="52" count="0" type="stmt"/>
        <line num="56" count="90" type="cond" truecount="2" falsecount="0"/>
        <line num="57" count="90" type="cond" truecount="2" falsecount="0"/>
        <line num="59" count="90" type="cond" truecount="1" falsecount="1"/>
        <line num="60" count="0" type="stmt"/>
        <line num="67" count="90" type="stmt"/>
        <line num="74" count="0" type="stmt"/>
      </file>
      <file name="assistantLog.ts" path="/Users/simone/Developer/personal/gitlab/intech-consulting-app/web/mvp-dashboard/web/src/plugins/projects/assistant/assistantLog.ts">
        <metrics statements="7" coveredstatements="0" conditionals="8" coveredconditionals="0" methods="1" coveredmethods="0"/>
        <line num="6" count="0" type="cond" truecount="0" falsecount="2"/>
        <line num="7" count="0" type="stmt"/>
        <line num="8" count="0" type="stmt"/>
        <line num="12" count="0" type="cond" truecount="0" falsecount="2"/>
        <line num="13" count="0" type="stmt"/>
        <line num="17" count="0" type="cond" truecount="0" falsecount="2"/>
        <line num="18" count="0" type="stmt"/>
      </file>
      <file name="tracker.ts" path="/Users/simone/Developer/personal/gitlab/intech-consulting-app/web/mvp-dashboard/web/src/plugins/projects/assistant/tracker.ts">
        <metrics statements="17" coveredstatements="17" conditionals="30" coveredconditionals="27" methods="4" coveredmethods="4"/>
        <line num="4" count="8" type="stmt"/>
        <line num="14" count="8" type="stmt"/>
        <line num="31" count="28" type="stmt"/>
        <line num="32" count="28" type="stmt"/>
        <line num="33" count="28" type="stmt"/>
        <line num="34" count="28" type="stmt"/>
        <line num="35" count="16" type="cond" truecount="2" falsecount="0"/>
        <line num="42" count="28" type="cond" truecount="2" falsecount="0"/>
        <line num="43" count="28" type="cond" truecount="1" falsecount="1"/>
        <line num="44" count="28" type="stmt"/>
        <line num="45" count="112" type="stmt"/>
        <line num="47" count="112" type="cond" truecount="6" falsecount="0"/>
        <line num="48" count="112" type="stmt"/>
        <line num="50" count="28" type="stmt"/>
        <line num="51" count="28" type="stmt"/>
        <line num="66" count="28" type="stmt"/>
        <line num="70" count="108" type="cond" truecount="2" falsecount="0"/>
      </file>
    </package>
    <package name="src.plugins.projects.board">
      <metrics statements="189" coveredstatements="163" conditionals="188" coveredconditionals="146" methods="75" coveredmethods="64"/>
      <file name="BoardTabs.tsx" path="/Users/simone/Developer/personal/gitlab/intech-consulting-app/web/mvp-dashboard/web/src/plugins/projects/board/BoardTabs.tsx">
        <metrics statements="52" coveredstatements="51" conditionals="46" coveredconditionals="38" methods="23" coveredmethods="22"/>
        <line num="27" count="36" type="stmt"/>
        <line num="28" count="36" type="stmt"/>
        <line num="29" count="36" type="stmt"/>
        <line num="30" count="36" type="stmt"/>
        <line num="31" count="42" type="stmt"/>
        <line num="32" count="42" type="stmt"/>
        <line num="33" count="36" type="stmt"/>
        <line num="34" count="4" type="stmt"/>
        <line num="37" count="36" type="stmt"/>
        <line num="38" count="1" type="cond" truecount="1" falsecount="1"/>
        <line num="39" count="1" type="stmt"/>
        <line num="40" count="1" type="stmt"/>
        <line num="43" count="36" type="stmt"/>
        <line num="44" count="1" type="cond" truecount="1" falsecount="1"/>
        <line num="45" count="1" type="stmt"/>
        <line num="46" count="1" type="cond" truecount="1" falsecount="1"/>
        <line num="49" count="36" type="stmt"/>
        <line num="50" count="1" type="cond" truecount="1" falsecount="1"/>
        <line num="51" count="1" type="stmt"/>
        <line num="52" count="1" type="cond" truecount="1" falsecount="1"/>
        <line num="53" count="1" type="stmt"/>
        <line num="54" count="1" type="stmt"/>
        <line num="55" count="1" type="cond" truecount="1" falsecount="1"/>
        <line num="59" count="36" type="stmt"/>
        <line num="64" count="50" type="stmt"/>
        <line num="71" count="1" type="stmt"/>
        <line num="81" count="2" type="stmt"/>
        <line num="95" count="1" type="stmt"/>
        <line num="102" count="1" type="stmt"/>
        <line num="109" count="1" type="stmt"/>
        <line num="116" count="0" type="stmt"/>
        <line num="123" count="1" type="stmt"/>
        <line num="131" count="1" type="stmt"/>
        <line num="154" count="1" type="stmt"/>
        <line num="174" count="25" type="cond" truecount="2" falsecount="0"/>
        <line num="175" count="25" type="cond" truecount="2" falsecount="0"/>
        <line num="176" count="25" type="stmt"/>
        <line num="177" count="25" type="stmt"/>
        <line num="178" count="25" type="cond" truecount="2" falsecount="0"/>
        <line num="180" count="25" type="stmt"/>
        <line num="181" count="3" type="stmt"/>
        <line num="182" count="3" type="stmt"/>
        <line num="183" count="3" type="cond" truecount="1" falsecount="1"/>
        <line num="184" count="3" type="cond" truecount="2" falsecount="0"/>
        <line num="185" count="3" type="cond" truecount="2" falsecount="0"/>
        <line num="188" count="2" type="cond" truecount="1" falsecount="1"/>
        <line num="189" count="2" type="stmt"/>
        <line num="190" count="2" type="cond" truecount="2" falsecount="0"/>
        <line num="194" count="25" type="stmt"/>
        <line num="199" count="3" type="stmt"/>
        <line num="209" count="16" type="stmt"/>
        <line num="220" count="2" type="stmt"/>
      </file>
      <file name="ColumnActions.tsx" path="/Users/simone/Developer/personal/gitlab/intech-consulting-app/web/mvp-dashboard/web/src/plugins/projects/board/ColumnActions.tsx">
        <metrics statements="17" coveredstatements="16" conditionals="6" coveredconditionals="5" methods="10" coveredmethods="9"/>
        <line num="14" count="76" type="stmt"/>
        <line num="15" count="76" type="stmt"/>
        <line num="16" count="76" type="stmt"/>
        <line num="17" count="143" type="stmt"/>
        <line num="18" count="76" type="stmt"/>
        <line num="19" count="2" type="stmt"/>
        <line num="22" count="76" type="stmt"/>
        <line num="23" count="1" type="stmt"/>
        <line num="26" count="76" type="stmt"/>
        <line num="27" count="1" type="stmt"/>
        <line num="28" count="1" type="cond" truecount="1" falsecount="1"/>
        <line num="31" count="76" type="stmt"/>
        <line num="39" count="1" type="stmt"/>
        <line num="46" count="1" type="stmt"/>
        <line num="53" count="0" type="stmt"/>
        <line num="62" count="1" type="stmt"/>
        <line num="74" count="1" type="stmt"/>
      </file>
      <file name="ColumnDialog.tsx" path="/Users/simone/Developer/personal/gitlab/intech-consulting-app/web/mvp-dashboard/web/src/plugins/projects/board/ColumnDialog.tsx">
        <metrics statements="20" coveredstatements="20" conditionals="28" coveredconditionals="25" methods="7" coveredmethods="7"/>
        <line num="11" count="6" type="stmt"/>
        <line num="20" count="25" type="cond" truecount="2" falsecount="0"/>
        <line num="21" count="25" type="stmt"/>
        <line num="24" count="25" type="cond" truecount="2" falsecount="0"/>
        <line num="25" count="25" type="stmt"/>
        <line num="26" count="25" type="stmt"/>
        <line num="27" count="25" type="cond" truecount="2" falsecount="0"/>
        <line num="29" count="25" type="stmt"/>
        <line num="30" count="2" type="stmt"/>
        <line num="31" count="2" type="stmt"/>
        <line num="32" count="2" type="cond" truecount="1" falsecount="1"/>
        <line num="33" count="2" type="stmt"/>
        <line num="38" count="2" type="cond" truecount="2" falsecount="0"/>
        <line num="41" count="2" type="cond" truecount="1" falsecount="1"/>
        <line num="44" count="25" type="stmt"/>
        <line num="48" count="2" type="stmt"/>
        <line num="58" count="18" type="stmt"/>
        <line num="71" count="2" type="stmt"/>
        <line num="80" count="1" type="stmt"/>
        <line num="85" count="100" type="stmt"/>
      </file>
      <file name="KanbanBoard.tsx" path="/Users/simone/Developer/personal/gitlab/intech-consulting-app/web/mvp-dashboard/web/src/plugins/projects/board/KanbanBoard.tsx">
        <metrics statements="27" coveredstatements="24" conditionals="30" coveredconditionals="26" methods="9" coveredmethods="7"/>
        <line num="16" count="76" type="stmt"/>
        <line num="17" count="76" type="stmt"/>
        <line num="18" count="76" type="stmt"/>
        <line num="19" count="76" type="cond" truecount="2" falsecount="0"/>
        <line num="20" count="76" type="cond" truecount="2" falsecount="0"/>
        <line num="22" count="76" type="cond" truecount="2" falsecount="0"/>
        <line num="23" count="32" type="cond" truecount="2" falsecount="0"/>
        <line num="24" count="5" type="stmt"/>
        <line num="30" count="27" type="cond" truecount="2" falsecount="0"/>
        <line num="31" count="3" type="stmt"/>
        <line num="39" count="24" type="stmt"/>
        <line num="56" count="0" type="stmt"/>
        <line num="65" count="0" type="stmt"/>
        <line num="76" count="76" type="stmt"/>
        <line num="77" count="76" type="stmt"/>
        <line num="78" count="76" type="stmt"/>
        <line num="79" count="76" type="stmt"/>
        <line num="80" count="76" type="cond" truecount="2" falsecount="0"/>
        <line num="81" count="76" type="cond" truecount="2" falsecount="0"/>
        <line num="82" count="76" type="stmt"/>
        <line num="84" count="76" type="cond" truecount="4" falsecount="0"/>
        <line num="85" count="34" type="cond" truecount="2" falsecount="0"/>
        <line num="86" count="76" type="cond" truecount="1" falsecount="1"/>
        <line num="87" count="0" type="stmt"/>
        <line num="93" count="34" type="stmt"/>
        <line num="95" count="34" type="stmt"/>
        <line num="98" count="70" type="stmt"/>
      </file>
      <file name="KanbanCard.tsx" path="/Users/simone/Developer/personal/gitlab/intech-consulting-app/web/mvp-dashboard/web/src/plugins/projects/board/KanbanCard.tsx">
        <metrics statements="24" coveredstatements="15" conditionals="34" coveredconditionals="22" methods="9" coveredmethods="6"/>
        <line num="24" count="50" type="stmt"/>
        <line num="25" count="50" type="stmt"/>
        <line num="26" count="50" type="stmt"/>
        <line num="27" count="50" type="cond" truecount="1" falsecount="1"/>
        <line num="28" count="50" type="stmt"/>
        <line num="30" count="50" type="stmt"/>
        <line num="32" count="5" type="cond" truecount="1" falsecount="1"/>
        <line num="33" count="0" type="stmt"/>
        <line num="35" count="5" type="stmt"/>
        <line num="38" count="50" type="stmt"/>
        <line num="59" count="1" type="stmt"/>
        <line num="62" count="1" type="stmt"/>
        <line num="63" count="1" type="stmt"/>
        <line num="118" count="0" type="stmt"/>
        <line num="121" count="0" type="stmt"/>
        <line num="122" count="0" type="stmt"/>
        <line num="134" count="2" type="stmt"/>
        <line num="137" count="2" type="stmt"/>
        <line num="138" count="2" type="stmt"/>
        <line num="153" count="0" type="stmt"/>
        <line num="154" count="0" type="stmt"/>
        <line num="155" count="0" type="stmt"/>
        <line num="156" count="0" type="stmt"/>
        <line num="157" count="0" type="cond" truecount="0" falsecount="2"/>
      </file>
      <file name="KanbanColumn.tsx" path="/Users/simone/Developer/personal/gitlab/intech-consulting-app/web/mvp-dashboard/web/src/plugins/projects/board/KanbanColumn.tsx">
        <metrics statements="33" coveredstatements="31" conditionals="28" coveredconditionals="25" methods="13" coveredmethods="11"/>
        <line num="24" count="91" type="stmt"/>
        <line num="25" count="91" type="stmt"/>
        <line num="26" count="91" type="stmt"/>
        <line num="27" count="91" type="cond" truecount="2" falsecount="0"/>
        <line num="29" count="91" type="stmt"/>
        <line num="30" count="1" type="stmt"/>
        <line num="31" count="1" type="stmt"/>
        <line num="32" count="1" type="stmt"/>
        <line num="33" count="1" type="stmt"/>
        <line num="36" count="91" type="stmt"/>
        <line num="37" count="3" type="cond" truecount="2" falsecount="0"/>
        <line num="38" count="2" type="stmt"/>
        <line num="39" count="2" type="stmt"/>
        <line num="40" count="2" type="stmt"/>
        <line num="43" count="91" type="stmt"/>
        <line num="44" count="2" type="stmt"/>
        <line num="45" count="2" type="stmt"/>
        <line num="46" count="2" type="stmt"/>
        <line num="47" count="2" type="cond" truecount="4" falsecount="0"/>
        <line num="48" count="1" type="stmt"/>
        <line num="51" count="91" type="stmt"/>
        <line num="52" count="7" type="stmt"/>
        <line num="54" count="91" type="stmt"/>
        <line num="55" count="2" type="stmt"/>
        <line num="58" count="91" type="stmt"/>
        <line num="68" count="0" type="cond" truecount="0" falsecount="2"/>
        <line num="83" count="50" type="stmt"/>
        <line num="84" count="50" type="stmt"/>
        <line num="85" count="50" type="stmt"/>
        <line num="110" count="10" type="stmt"/>
        <line num="127" count="0" type="stmt"/>
        <line num="152" count="2" type="stmt"/>
        <line num="168" count="6" type="stmt"/>
      </file>
      <file name="QuickAddCard.tsx" path="/Users/simone/Developer/personal/gitlab/intech-consulting-app/web/mvp-dashboard/web/src/plugins/projects/board/QuickAddCard.tsx">
        <metrics statements="10" coveredstatements="0" conditionals="10" coveredconditionals="0" methods="2" coveredmethods="0"/>
        <line num="16" count="0" type="stmt"/>
        <line num="17" count="0" type="stmt"/>
        <line num="18" count="0" type="cond" truecount="0" falsecount="2"/>
        <line num="20" count="0" type="stmt"/>
        <line num="21" count="0" type="cond" truecount="0" falsecount="2"/>
        <line num="24" count="0" type="cond" truecount="0" falsecount="2"/>
        <line num="25" count="0" type="stmt"/>
        <line num="27" count="0" type="cond" truecount="0" falsecount="4"/>
        <line num="28" count="0" type="stmt"/>
        <line num="31" count="0" type="stmt"/>
      </file>
      <file name="dragAndDrop.ts" path="/Users/simone/Developer/personal/gitlab/intech-consulting-app/web/mvp-dashboard/web/src/plugins/projects/board/dragAndDrop.ts">
        <metrics statements="6" coveredstatements="6" conditionals="6" coveredconditionals="5" methods="2" coveredmethods="2"/>
        <line num="1" count="6" type="stmt"/>
        <line num="4" count="2" type="stmt"/>
        <line num="11" count="4" type="stmt"/>
        <line num="12" count="4" type="cond" truecount="2" falsecount="0"/>
        <line num="13" count="3" type="stmt"/>
        <line num="14" count="3" type="cond" truecount="3" falsecount="1"/>
      </file>
    </package>
    <package name="src.plugins.projects.card">
      <metrics statements="103" coveredstatements="93" conditionals="162" coveredconditionals="144" methods="51" coveredmethods="43"/>
      <file name="CardDialog.tsx" path="/Users/simone/Developer/personal/gitlab/intech-consulting-app/web/mvp-dashboard/web/src/plugins/projects/card/CardDialog.tsx">
        <metrics statements="38" coveredstatements="36" conditionals="54" coveredconditionals="45" methods="12" coveredmethods="10"/>
        <line num="51" count="67" type="stmt"/>
        <line num="52" count="12" type="stmt"/>
        <line num="54" count="67" type="stmt"/>
        <line num="55" count="67" type="stmt"/>
        <line num="56" count="67" type="stmt"/>
        <line num="57" count="67" type="stmt"/>
        <line num="58" count="67" type="stmt"/>
        <line num="59" count="67" type="cond" truecount="3" falsecount="0"/>
        <line num="60" count="67" type="cond" truecount="3" falsecount="0"/>
        <line num="61" count="67" type="stmt"/>
        <line num="63" count="67" type="stmt"/>
        <line num="64" count="5" type="stmt"/>
        <line num="65" count="5" type="cond" truecount="2" falsecount="0"/>
        <line num="66" count="3" type="stmt"/>
        <line num="67" count="3" type="cond" truecount="1" falsecount="1"/>
        <line num="68" count="3" type="stmt"/>
        <line num="69" count="3" type="cond" truecount="1" falsecount="1"/>
        <line num="70" count="3" type="stmt"/>
        <line num="72" count="2" type="stmt"/>
        <line num="73" count="2" type="cond" truecount="1" falsecount="1"/>
        <line num="74" count="2" type="stmt"/>
        <line num="75" count="2" type="cond" truecount="1" falsecount="1"/>
        <line num="78" count="67" type="stmt"/>
        <line num="79" count="2" type="cond" truecount="1" falsecount="1"/>
        <line num="80" count="2" type="stmt"/>
        <line num="81" count="2" type="cond" truecount="1" falsecount="1"/>
        <line num="84" count="67" type="cond" truecount="4" falsecount="0"/>
        <line num="85" count="5" type="stmt"/>
        <line num="86" count="5" type="stmt"/>
        <line num="97" count="2" type="stmt"/>
        <line num="100" count="0" type="stmt"/>
        <line num="110" count="1" type="stmt"/>
        <line num="120" count="62" type="stmt"/>
        <line num="127" count="5" type="stmt"/>
        <line num="141" count="2" type="stmt"/>
        <line num="145" count="0" type="stmt"/>
        <line num="161" count="1" type="stmt"/>
        <line num="181" count="2" type="stmt"/>
      </file>
      <file name="CardFields.tsx" path="/Users/simone/Developer/personal/gitlab/intech-consulting-app/web/mvp-dashboard/web/src/plugins/projects/card/CardFields.tsx">
        <metrics statements="13" coveredstatements="13" conditionals="13" coveredconditionals="13" methods="10" coveredmethods="10"/>
        <line num="6" count="7" type="stmt"/>
        <line num="7" count="7" type="stmt"/>
        <line num="33" count="62" type="stmt"/>
        <line num="34" count="171" type="stmt"/>
        <line num="36" count="24" type="stmt"/>
        <line num="38" count="62" type="stmt"/>
        <line num="52" count="8" type="stmt"/>
        <line num="64" count="1" type="stmt"/>
        <line num="68" count="248" type="stmt"/>
        <line num="80" count="1" type="stmt"/>
        <line num="84" count="92" type="stmt"/>
        <line num="101" count="6" type="stmt"/>
        <line num="116" count="152" type="stmt"/>
      </file>
      <file name="CardRelations.tsx" path="/Users/simone/Developer/personal/gitlab/intech-consulting-app/web/mvp-dashboard/web/src/plugins/projects/card/CardRelations.tsx">
        <metrics statements="7" coveredstatements="6" conditionals="6" coveredconditionals="6" methods="4" coveredmethods="3"/>
        <line num="12" count="23" type="stmt"/>
        <line num="13" count="23" type="stmt"/>
        <line num="14" count="23" type="stmt"/>
        <line num="15" count="23" type="stmt"/>
        <line num="24" count="0" type="stmt"/>
        <line num="38" count="4" type="stmt"/>
        <line num="47" count="1" type="stmt"/>
      </file>
      <file name="DescriptionField.tsx" path="/Users/simone/Developer/personal/gitlab/intech-consulting-app/web/mvp-dashboard/web/src/plugins/projects/card/DescriptionField.tsx">
        <metrics statements="8" coveredstatements="8" conditionals="13" coveredconditionals="12" methods="5" coveredmethods="5"/>
        <line num="23" count="63" type="stmt"/>
        <line num="26" count="63" type="stmt"/>
        <line num="27" count="63" type="stmt"/>
        <line num="36" count="126" type="stmt"/>
        <line num="43" count="1" type="stmt"/>
        <line num="72" count="7" type="stmt"/>
        <line num="81" count="1" type="stmt"/>
        <line num="82" count="1" type="stmt"/>
      </file>
      <file name="SubtaskRows.tsx" path="/Users/simone/Developer/personal/gitlab/intech-consulting-app/web/mvp-dashboard/web/src/plugins/projects/card/SubtaskRows.tsx">
        <metrics statements="8" coveredstatements="4" conditionals="8" coveredconditionals="8" methods="8" coveredmethods="4"/>
        <line num="14" count="11" type="stmt"/>
        <line num="21" count="22" type="stmt"/>
        <line num="28" count="1" type="stmt"/>
        <line num="37" count="7" type="stmt"/>
        <line num="47" count="0" type="stmt"/>
        <line num="67" count="0" type="stmt"/>
        <line num="79" count="0" type="stmt"/>
        <line num="90" count="0" type="stmt"/>
      </file>
      <file name="cardForm.ts" path="/Users/simone/Developer/personal/gitlab/intech-consulting-app/web/mvp-dashboard/web/src/plugins/projects/card/cardForm.ts">
        <metrics statements="29" coveredstatements="26" conditionals="68" coveredconditionals="60" methods="12" coveredmethods="11"/>
        <line num="58" count="18" type="stmt"/>
        <line num="74" count="54" type="cond" truecount="8" falsecount="2"/>
        <line num="76" count="37" type="stmt"/>
        <line num="78" count="1" type="stmt"/>
        <line num="80" count="1" type="stmt"/>
        <line num="82" count="0" type="stmt"/>
        <line num="84" count="3" type="stmt"/>
        <line num="85" count="3" type="stmt"/>
        <line num="93" count="4" type="stmt"/>
        <line num="98" count="1" type="stmt"/>
        <line num="112" count="8" type="stmt"/>
        <line num="115" count="16" type="cond" truecount="2" falsecount="0"/>
        <line num="119" count="0" type="stmt"/>
        <line num="122" count="0" type="cond" truecount="0" falsecount="2"/>
        <line num="126" count="2" type="stmt"/>
        <line num="129" count="4" type="cond" truecount="2" falsecount="0"/>
        <line num="133" count="2" type="stmt"/>
        <line num="139" count="72" type="stmt"/>
        <line num="140" count="26" type="cond" truecount="2" falsecount="0"/>
        <line num="141" count="14" type="stmt"/>
        <line num="146" count="5" type="stmt"/>
        <line num="147" count="5" type="cond" truecount="2" falsecount="0"/>
        <line num="148" count="4" type="stmt"/>
        <line num="160" count="5" type="stmt"/>
        <line num="161" count="5" type="cond" truecount="2" falsecount="0"/>
        <line num="162" count="4" type="stmt"/>
        <line num="170" count="5" type="cond" truecount="2" falsecount="0"/>
        <line num="171" count="2" type="cond" truecount="1" falsecount="1"/>
        <line num="172" count="4" type="stmt"/>
      </file>
    </package>
    <package name="src.plugins.settings">
      <metrics statements="109" coveredstatements="103" conditionals="176" coveredconditionals="134" methods="44" coveredmethods="39"/>
      <file name="AIProvidersCard.tsx" path="/Users/simone/Developer/personal/gitlab/intech-consulting-app/web/mvp-dashboard/web/src/plugins/settings/AIProvidersCard.tsx">
        <metrics statements="65" coveredstatements="59" conditionals="143" coveredconditionals="105" methods="29" coveredmethods="24"/>
        <line num="39" count="98" type="stmt"/>
        <line num="40" count="98" type="stmt"/>
        <line num="41" count="98" type="stmt"/>
        <line num="42" count="98" type="stmt"/>
        <line num="43" count="98" type="stmt"/>
        <line num="44" count="98" type="stmt"/>
        <line num="45" count="98" type="stmt"/>
        <line num="46" count="98" type="stmt"/>
        <line num="47" count="4" type="stmt"/>
        <line num="49" count="98" type="stmt"/>
        <line num="50" count="1" type="stmt"/>
        <line num="51" count="1" type="cond" truecount="1" falsecount="1"/>
        <line num="54" count="98" type="stmt"/>
        <line num="62" count="1" type="stmt"/>
        <line num="100" count="23" type="stmt"/>
        <line num="141" count="1" type="stmt"/>
        <line num="153" count="2" type="stmt"/>
        <line num="161" count="1" type="stmt"/>
        <line num="170" count="1" type="stmt"/>
        <line num="178" count="1" type="stmt"/>
        <line num="196" count="1" type="stmt"/>
        <line num="197" count="1" type="cond" truecount="1" falsecount="1"/>
        <line num="207" count="3" type="stmt"/>
        <line num="209" count="3" type="stmt"/>
        <line num="222" count="98" type="stmt"/>
        <line num="223" count="98" type="stmt"/>
        <line num="224" count="98" type="stmt"/>
        <line num="225" count="98" type="cond" truecount="3" falsecount="1"/>
        <line num="226" count="0" type="cond" truecount="0" falsecount="4"/>
        <line num="236" count="60" type="cond" truecount="2" falsecount="0"/>
        <line num="237" count="60" type="cond" truecount="2" falsecount="0"/>
        <line num="238" count="60" type="cond" truecount="2" falsecount="0"/>
        <line num="239" count="60" type="cond" truecount="2" falsecount="0"/>
        <line num="240" count="60" type="cond" truecount="2" falsecount="0"/>
        <line num="241" count="60" type="stmt"/>
        <line num="242" count="60" type="stmt"/>
        <line num="243" count="60" type="cond" truecount="2" falsecount="0"/>
        <line num="244" count="60" type="stmt"/>
        <line num="245" count="60" type="stmt"/>
        <line num="248" count="60" type="stmt"/>
        <line num="251" count="60" type="stmt"/>
        <line num="254" count="60" type="stmt"/>
        <line num="255" count="60" type="stmt"/>
        <line num="256" count="60" type="stmt"/>
        <line num="259" count="60" type="stmt"/>
        <line num="260" count="3" type="stmt"/>
        <line num="261" count="3" type="cond" truecount="1" falsecount="1"/>
        <line num="262" count="3" type="stmt"/>
        <line num="285" count="3" type="stmt"/>
        <line num="286" count="3" type="cond" truecount="1" falsecount="1"/>
        <line num="289" count="60" type="stmt"/>
        <line num="293" count="3" type="stmt"/>
        <line num="306" count="6" type="stmt"/>
        <line num="315" count="0" type="stmt"/>
        <line num="319" count="480" type="stmt"/>
        <line num="336" count="20" type="stmt"/>
        <line num="347" count="15" type="stmt"/>
        <line num="359" count="0" type="stmt"/>
        <line num="376" count="9" type="stmt"/>
        <line num="385" count="1" type="stmt"/>
        <line num="407" count="0" type="stmt"/>
        <line num="418" count="0" type="stmt"/>
        <line num="432" count="0" type="stmt"/>
        <line num="447" count="1" type="stmt"/>
        <line num="462" count="2" type="stmt"/>
      </file>
      <file name="ServerSettingsCard.tsx" path="/Users/simone/Developer/personal/gitlab/intech-consulting-app/web/mvp-dashboard/web/src/plugins/settings/ServerSettingsCard.tsx">
        <metrics statements="13" coveredstatements="13" conditionals="15" coveredconditionals="14" methods="6" coveredmethods="6"/>
        <line num="14" count="78" type="stmt"/>
        <line num="15" count="78" type="stmt"/>
        <line num="16" count="78" type="stmt"/>
        <line num="32" count="2" type="stmt"/>
        <line num="49" count="87" type="stmt"/>
        <line num="50" count="87" type="stmt"/>
        <line num="52" count="87" type="cond" truecount="2" falsecount="0"/>
        <line num="55" count="87" type="stmt"/>
        <line num="56" count="2" type="stmt"/>
        <line num="57" count="2" type="stmt"/>
        <line num="60" count="87" type="stmt"/>
        <line num="71" count="1" type="stmt"/>
        <line num="84" count="25" type="stmt"/>
      </file>
      <file name="SettingsPage.tsx" path="/Users/simone/Developer/personal/gitlab/intech-consulting-app/web/mvp-dashboard/web/src/plugins/settings/SettingsPage.tsx">
        <metrics statements="28" coveredstatements="28" conditionals="18" coveredconditionals="15" methods="7" coveredmethods="7"/>
        <line num="24" count="58" type="stmt"/>
        <line num="25" count="58" type="stmt"/>
        <line num="26" count="58" type="stmt"/>
        <line num="27" count="58" type="stmt"/>
        <line num="28" count="58" type="stmt"/>
        <line num="29" count="58" type="stmt"/>
        <line num="30" count="58" type="stmt"/>
        <line num="32" count="58" type="stmt"/>
        <line num="33" count="2" type="cond" truecount="2" falsecount="0"/>
        <line num="34" count="2" type="stmt"/>
        <line num="35" count="2" type="stmt"/>
        <line num="36" count="2" type="stmt"/>
        <line num="43" count="58" type="stmt"/>
        <line num="44" count="1" type="stmt"/>
        <line num="45" count="1" type="cond" truecount="1" falsecount="1"/>
        <line num="46" count="1" type="stmt"/>
        <line num="49" count="58" type="stmt"/>
        <line num="50" count="2" type="cond" truecount="1" falsecount="1"/>
        <line num="51" count="2" type="stmt"/>
        <line num="52" count="2" type="stmt"/>
        <line num="53" count="2" type="stmt"/>
        <line num="54" count="1" type="stmt"/>
        <line num="60" count="1" type="stmt"/>
        <line num="62" count="2" type="stmt"/>
        <line num="66" count="58" type="stmt"/>
        <line num="77" count="48" type="stmt"/>
        <line num="97" count="2" type="stmt"/>
        <line num="107" count="1" type="stmt"/>
      </file>
      <file name="index.tsx" path="/Users/simone/Developer/personal/gitlab/intech-consulting-app/web/mvp-dashboard/web/src/plugins/settings/index.tsx">
        <metrics statements="1" coveredstatements="1" conditionals="0" coveredconditionals="0" methods="0" coveredmethods="0"/>
        <line num="4" count="1" type="stmt"/>
      </file>
      <file name="origins.ts" path="/Users/simone/Developer/personal/gitlab/intech-consulting-app/web/mvp-dashboard/web/src/plugins/settings/origins.ts">
        <metrics statements="2" coveredstatements="2" conditionals="0" coveredconditionals="0" methods="2" coveredmethods="2"/>
        <line num="2" count="67" type="stmt"/>
        <line num="4" count="72" type="stmt"/>
      </file>
    </package>
  </project>
</coverage>
