{"/Users/simone/Developer/personal/gitlab/intech-consulting-app/web/mvp-dashboard/packages/design-system/src/Badge.tsx": {"path":"/Users/simone/Developer/personal/gitlab/intech-consulting-app/web/mvp-dashboard/packages/design-system/src/Badge.tsx","statementMap":{"0":{"start":{"line":11,"column":14},"end":{"line":11,"column":null}},"1":{"start":{"line":12,"column":2},"end":{"line":12,"column":null}}},"fnMap":{"0":{"name":"Badge","decl":{"start":{"line":10,"column":16},"end":{"line":10,"column":22}},"loc":{"start":{"line":10,"column":79},"end":{"line":13,"column":null}},"line":10}},"branchMap":{"0":{"loc":{"start":{"line":10,"column":24},"end":{"line":10,"column":45}},"type":"default-arg","locations":[{"start":{"line":10,"column":34},"end":{"line":10,"column":45}}],"line":10},"1":{"loc":{"start":{"line":11,"column":14},"end":{"line":11,"column":null}},"type":"cond-expr","locations":[{"start":{"line":11,"column":38},"end":{"line":11,"column":51}},{"start":{"line":11,"column":51},"end":{"line":11,"column":null}}],"line":11}},"s":{"0":29,"1":29},"f":{"0":29},"b":{"0":[29],"1":[0,29]},"meta":{"lastBranch":2,"lastFunction":1,"lastStatement":2,"seen":{"f:10:16:10:22":0,"b:10:34:10:45":0,"s:11:14:11:Infinity":0,"b:11:38:11:51:11:51:11:Infinity":1,"s:12:2:12:Infinity":1},"fnNames":{}}}
,"/Users/simone/Developer/personal/gitlab/intech-consulting-app/web/mvp-dashboard/packages/design-system/src/Banner.tsx": {"path":"/Users/simone/Developer/personal/gitlab/intech-consulting-app/web/mvp-dashboard/packages/design-system/src/Banner.tsx","statementMap":{"0":{"start":{"line":14,"column":2},"end":{"line":20,"column":null}}},"fnMap":{"0":{"name":"Banner","decl":{"start":{"line":13,"column":16},"end":{"line":13,"column":23}},"loc":{"start":{"line":13,"column":86},"end":{"line":22,"column":null}},"line":13}},"branchMap":{"0":{"loc":{"start":{"line":13,"column":25},"end":{"line":13,"column":43}},"type":"default-arg","locations":[{"start":{"line":13,"column":32},"end":{"line":13,"column":43}}],"line":13},"1":{"loc":{"start":{"line":18,"column":9},"end":{"line":19,"column":null}},"type":"binary-expr","locations":[{"start":{"line":18,"column":9},"end":{"line":18,"column":21}},{"start":{"line":18,"column":21},"end":{"line":19,"column":null}}],"line":18}},"s":{"0":13},"f":{"0":13},"b":{"0":[13],"1":[13,10]},"meta":{"lastBranch":2,"lastFunction":1,"lastStatement":1,"seen":{"f:13:16:13:23":0,"b:13:32:13:43":0,"s:14:2:20:Infinity":0,"b:18:9:18:21:18:21:19:Infinity":1},"fnNames":{}}}
,"/Users/simone/Developer/personal/gitlab/intech-consulting-app/web/mvp-dashboard/packages/design-system/src/Button.tsx": {"path":"/Users/simone/Developer/personal/gitlab/intech-consulting-app/web/mvp-dashboard/packages/design-system/src/Button.tsx","statementMap":{"0":{"start":{"line":26,"column":15},"end":{"line":26,"column":null}},"1":{"start":{"line":27,"column":2},"end":{"line":27,"column":null}}},"fnMap":{"0":{"name":"Button","decl":{"start":{"line":19,"column":16},"end":{"line":19,"column":23}},"loc":{"start":{"line":25,"column":16},"end":{"line":28,"column":null}},"line":25}},"branchMap":{"0":{"loc":{"start":{"line":20,"column":2},"end":{"line":20,"column":null}},"type":"default-arg","locations":[{"start":{"line":20,"column":12},"end":{"line":20,"column":null}}],"line":20},"1":{"loc":{"start":{"line":21,"column":2},"end":{"line":21,"column":null}},"type":"default-arg","locations":[{"start":{"line":21,"column":9},"end":{"line":21,"column":null}}],"line":21},"2":{"loc":{"start":{"line":22,"column":2},"end":{"line":22,"column":null}},"type":"default-arg","locations":[{"start":{"line":22,"column":9},"end":{"line":22,"column":null}}],"line":22},"3":{"loc":{"start":{"line":26,"column":15},"end":{"line":26,"column":null}},"type":"cond-expr","locations":[{"start":{"line":26,"column":31},"end":{"line":26,"column":48}},{"start":{"line":26,"column":48},"end":{"line":26,"column":null}}],"line":26}},"s":{"0":1343,"1":1343},"f":{"0":1343},"b":{"0":[1343],"1":[1343],"2":[1343],"3":[702,641]},"meta":{"lastBranch":4,"lastFunction":1,"lastStatement":2,"seen":{"f:19:16:19:23":0,"b:20:12:20:Infinity":0,"b:21:9:21:Infinity":1,"b:22:9:22:Infinity":2,"s:26:15:26:Infinity":0,"b:26:31:26:48:26:48:26:Infinity":3,"s:27:2:27:Infinity":1},"fnNames":{}}}
,"/Users/simone/Developer/personal/gitlab/intech-consulting-app/web/mvp-dashboard/packages/design-system/src/Card.tsx": {"path":"/Users/simone/Developer/personal/gitlab/intech-consulting-app/web/mvp-dashboard/packages/design-system/src/Card.tsx","statementMap":{"0":{"start":{"line":10,"column":2},"end":{"line":19,"column":null}}},"fnMap":{"0":{"name":"Card","decl":{"start":{"line":9,"column":16},"end":{"line":9,"column":21}},"loc":{"start":{"line":9,"column":82},"end":{"line":21,"column":null}},"line":9}},"branchMap":{"0":{"loc":{"start":{"line":11,"column":4},"end":{"line":18,"column":7}},"type":"binary-expr","locations":[{"start":{"line":12,"column":8},"end":{"line":12,"column":17}},{"start":{"line":12,"column":17},"end":{"line":12,"column":null}},{"start":{"line":13,"column":8},"end":{"line":18,"column":7}}],"line":11},"1":{"loc":{"start":{"line":15,"column":11},"end":{"line":16,"column":null}},"type":"binary-expr","locations":[{"start":{"line":15,"column":11},"end":{"line":15,"column":22}},{"start":{"line":15,"column":22},"end":{"line":16,"column":null}}],"line":15}},"s":{"0":282},"f":{"0":282},"b":{"0":[282,0,282],"1":[282,88]},"meta":{"lastBranch":2,"lastFunction":1,"lastStatement":1,"seen":{"f:9:16:9:21":0,"s:10:2:19:Infinity":0,"b:12:8:12:17:12:17:12:Infinity:13:8:18:7":0,"b:15:11:15:22:15:22:16:Infinity":1},"fnNames":{}}}
,"/Users/simone/Developer/personal/gitlab/intech-consulting-app/web/mvp-dashboard/packages/design-system/src/Icon.tsx": {"path":"/Users/simone/Developer/personal/gitlab/intech-consulting-app/web/mvp-dashboard/packages/design-system/src/Icon.tsx","statementMap":{"0":{"start":{"line":3,"column":14},"end":{"line":22,"column":null}},"1":{"start":{"line":32,"column":2},"end":{"line":46,"column":null}}},"fnMap":{"0":{"name":"Icon","decl":{"start":{"line":31,"column":16},"end":{"line":31,"column":21}},"loc":{"start":{"line":31,"column":62},"end":{"line":48,"column":null}},"line":31}},"branchMap":{"0":{"loc":{"start":{"line":31,"column":29},"end":{"line":31,"column":40}},"type":"default-arg","locations":[{"start":{"line":31,"column":36},"end":{"line":31,"column":40}}],"line":31}},"s":{"0":13,"1":363},"f":{"0":363},"b":{"0":[363]},"meta":{"lastBranch":1,"lastFunction":1,"lastStatement":2,"seen":{"s:3:14:22:Infinity":0,"f:31:16:31:21":0,"b:31:36:31:40":0,"s:32:2:46:Infinity":1},"fnNames":{}}}
,"/Users/simone/Developer/personal/gitlab/intech-consulting-app/web/mvp-dashboard/packages/design-system/src/Input.tsx": {"path":"/Users/simone/Developer/personal/gitlab/intech-consulting-app/web/mvp-dashboard/packages/design-system/src/Input.tsx","statementMap":{"0":{"start":{"line":9,"column":18},"end":{"line":9,"column":null}},"1":{"start":{"line":10,"column":14},"end":{"line":10,"column":null}},"2":{"start":{"line":11,"column":2},"end":{"line":25,"column":null}}},"fnMap":{"0":{"name":"Input","decl":{"start":{"line":8,"column":16},"end":{"line":8,"column":22}},"loc":{"start":{"line":8,"column":89},"end":{"line":27,"column":null}},"line":8}},"branchMap":{"0":{"loc":{"start":{"line":9,"column":18},"end":{"line":9,"column":null}},"type":"binary-expr","locations":[{"start":{"line":9,"column":18},"end":{"line":9,"column":24}},{"start":{"line":9,"column":24},"end":{"line":9,"column":null}}],"line":9},"1":{"loc":{"start":{"line":10,"column":14},"end":{"line":10,"column":null}},"type":"cond-expr","locations":[{"start":{"line":10,"column":25},"end":{"line":10,"column":48}},{"start":{"line":10,"column":48},"end":{"line":10,"column":null}}],"line":10},"2":{"loc":{"start":{"line":10,"column":48},"end":{"line":10,"column":null}},"type":"cond-expr","locations":[{"start":{"line":10,"column":59},"end":{"line":10,"column":83}},{"start":{"line":10,"column":83},"end":{"line":10,"column":null}}],"line":10},"3":{"loc":{"start":{"line":13,"column":7},"end":{"line":18,"column":7}},"type":"binary-expr","locations":[{"start":{"line":13,"column":7},"end":{"line":13,"column":null}},{"start":{"line":14,"column":8},"end":{"line":18,"column":7}}],"line":13}},"s":{"0":798,"1":798,"2":798},"f":{"0":798},"b":{"0":[798,798],"1":[21,777],"2":[0,777],"3":[798,798]},"meta":{"lastBranch":4,"lastFunction":1,"lastStatement":3,"seen":{"f:8:16:8:22":0,"s:9:18:9:Infinity":0,"b:9:18:9:24:9:24:9:Infinity":0,"s:10:14:10:Infinity":1,"b:10:25:10:48:10:48:10:Infinity":1,"b:10:59:10:83:10:83:10:Infinity":2,"s:11:2:25:Infinity":2,"b:13:7:13:Infinity:14:8:18:7":3},"fnNames":{}}}
,"/Users/simone/Developer/personal/gitlab/intech-consulting-app/web/mvp-dashboard/packages/design-system/src/Layout.tsx": {"path":"/Users/simone/Developer/personal/gitlab/intech-consulting-app/web/mvp-dashboard/packages/design-system/src/Layout.tsx","statementMap":{"0":{"start":{"line":23,"column":2},"end":{"line":23,"column":null}},"1":{"start":{"line":34,"column":2},"end":{"line":35,"column":null}}},"fnMap":{"0":{"name":"Row","decl":{"start":{"line":16,"column":16},"end":{"line":16,"column":20}},"loc":{"start":{"line":22,"column":16},"end":{"line":24,"column":null}},"line":22},"1":{"name":"Stack","decl":{"start":{"line":27,"column":16},"end":{"line":27,"column":22}},"loc":{"start":{"line":33,"column":16},"end":{"line":37,"column":null}},"line":33}},"branchMap":{"0":{"loc":{"start":{"line":17,"column":6},"end":{"line":17,"column":null}},"type":"default-arg","locations":[{"start":{"line":17,"column":12},"end":{"line":17,"column":null}}],"line":17},"1":{"loc":{"start":{"line":18,"column":2},"end":{"line":18,"column":null}},"type":"default-arg","locations":[{"start":{"line":18,"column":8},"end":{"line":18,"column":null}}],"line":18},"2":{"loc":{"start":{"line":19,"column":2},"end":{"line":19,"column":null}},"type":"default-arg","locations":[{"start":{"line":19,"column":10},"end":{"line":19,"column":null}}],"line":19},"3":{"loc":{"start":{"line":28,"column":6},"end":{"line":28,"column":null}},"type":"default-arg","locations":[{"start":{"line":28,"column":12},"end":{"line":28,"column":null}}],"line":28},"4":{"loc":{"start":{"line":29,"column":2},"end":{"line":29,"column":null}},"type":"default-arg","locations":[{"start":{"line":29,"column":8},"end":{"line":29,"column":null}}],"line":29},"5":{"loc":{"start":{"line":30,"column":2},"end":{"line":30,"column":null}},"type":"default-arg","locations":[{"start":{"line":30,"column":10},"end":{"line":30,"column":null}}],"line":30}},"s":{"0":816,"1":0},"f":{"0":816,"1":0},"b":{"0":[816],"1":[816],"2":[816],"3":[0],"4":[0],"5":[0]},"meta":{"lastBranch":6,"lastFunction":2,"lastStatement":2,"seen":{"f:16:16:16:20":0,"b:17:12:17:Infinity":0,"b:18:8:18:Infinity":1,"b:19:10:19:Infinity":2,"s:23:2:23:Infinity":0,"f:27:16:27:22":1,"b:28:12:28:Infinity":3,"b:29:8:29:Infinity":4,"b:30:10:30:Infinity":5,"s:34:2:35:Infinity":1},"fnNames":{}}}
,"/Users/simone/Developer/personal/gitlab/intech-consulting-app/web/mvp-dashboard/packages/design-system/src/Markdown.tsx": {"path":"/Users/simone/Developer/personal/gitlab/intech-consulting-app/web/mvp-dashboard/packages/design-system/src/Markdown.tsx","statementMap":{"0":{"start":{"line":6,"column":17},"end":{"line":6,"column":null}},"1":{"start":{"line":6,"column":28},"end":{"line":6,"column":null}},"2":{"start":{"line":10,"column":2},"end":{"line":13,"column":null}}},"fnMap":{"0":{"name":"(anonymous_0)","decl":{"start":{"line":6,"column":17},"end":{"line":6,"column":28}},"loc":{"start":{"line":6,"column":28},"end":{"line":6,"column":null}},"line":6},"1":{"name":"Markdown","decl":{"start":{"line":9,"column":16},"end":{"line":9,"column":25}},"loc":{"start":{"line":9,"column":47},"end":{"line":15,"column":null}},"line":9}},"branchMap":{},"s":{"0":14,"1":2,"2":6},"f":{"0":2,"1":6},"b":{},"meta":{"lastBranch":0,"lastFunction":2,"lastStatement":3,"seen":{"s:6:17:6:Infinity":0,"f:6:17:6:28":0,"s:6:28:6:Infinity":1,"f:9:16:9:25":1,"s:10:2:13:Infinity":2},"fnNames":{}}}
,"/Users/simone/Developer/personal/gitlab/intech-consulting-app/web/mvp-dashboard/packages/design-system/src/MarkdownRenderer.tsx": {"path":"/Users/simone/Developer/personal/gitlab/intech-consulting-app/web/mvp-dashboard/packages/design-system/src/MarkdownRenderer.tsx","statementMap":{"0":{"start":{"line":16,"column":33},"end":{"line":49,"column":null}},"1":{"start":{"line":18,"column":6},"end":{"line":20,"column":null}},"2":{"start":{"line":23,"column":19},"end":{"line":23,"column":null}},"3":{"start":{"line":24,"column":19},"end":{"line":24,"column":null}},"4":{"start":{"line":25,"column":6},"end":{"line":31,"column":null}},"5":{"start":{"line":26,"column":8},"end":{"line":29,"column":null}},"6":{"start":{"line":32,"column":22},"end":{"line":32,"column":null}},"7":{"start":{"line":33,"column":6},"end":{"line":46,"column":null}},"8":{"start":{"line":41,"column":16},"end":{"line":41,"column":null}},"9":{"start":{"line":50,"column":2},"end":{"line":55,"column":null}},"10":{"start":{"line":61,"column":2},"end":{"line":61,"column":null}},"11":{"start":{"line":61,"column":32},"end":{"line":61,"column":null}},"12":{"start":{"line":62,"column":2},"end":{"line":64,"column":null}},"13":{"start":{"line":63,"column":15},"end":{"line":63,"column":null}}},"fnMap":{"0":{"name":"MarkdownRenderer","decl":{"start":{"line":15,"column":24},"end":{"line":15,"column":41}},"loc":{"start":{"line":15,"column":89},"end":{"line":57,"column":null}},"line":15},"1":{"name":"(anonymous_1)","decl":{"start":{"line":17,"column":4},"end":{"line":17,"column":8}},"loc":{"start":{"line":18,"column":6},"end":{"line":20,"column":null}},"line":18},"2":{"name":"(anonymous_2)","decl":{"start":{"line":22,"column":4},"end":{"line":22,"column":9}},"loc":{"start":{"line":22,"column":62},"end":{"line":48,"column":null}},"line":22},"3":{"name":"(anonymous_3)","decl":{"start":{"line":40,"column":14},"end":{"line":40,"column":30}},"loc":{"start":{"line":40,"column":30},"end":{"line":42,"column":null}},"line":40},"4":{"name":"stripCheckbox","decl":{"start":{"line":60,"column":9},"end":{"line":60,"column":23}},"loc":{"start":{"line":60,"column":55},"end":{"line":65,"column":null}},"line":60},"5":{"name":"(anonymous_5)","decl":{"start":{"line":62,"column":35},"end":{"line":62,"column":null}},"loc":{"start":{"line":63,"column":15},"end":{"line":63,"column":null}},"line":63}},"branchMap":{"0":{"loc":{"start":{"line":24,"column":45},"end":{"line":24,"column":58}},"type":"binary-expr","locations":[{"start":{"line":24,"column":45},"end":{"line":24,"column":56}},{"start":{"line":24,"column":56},"end":{"line":24,"column":58}}],"line":24},"1":{"loc":{"start":{"line":25,"column":6},"end":{"line":31,"column":null}},"type":"if","locations":[{"start":{"line":25,"column":6},"end":{"line":31,"column":null}},{"start":{},"end":{}}],"line":25},"2":{"loc":{"start":{"line":25,"column":10},"end":{"line":25,"column":39}},"type":"binary-expr","locations":[{"start":{"line":25,"column":10},"end":{"line":25,"column":19}},{"start":{"line":25,"column":19},"end":{"line":25,"column":39}}],"line":25},"3":{"loc":{"start":{"line":32,"column":50},"end":{"line":32,"column":84}},"type":"binary-expr","locations":[{"start":{"line":32,"column":50},"end":{"line":32,"column":82}},{"start":{"line":32,"column":82},"end":{"line":32,"column":84}}],"line":32},"4":{"loc":{"start":{"line":34,"column":50},"end":{"line":34,"column":80}},"type":"binary-expr","locations":[{"start":{"line":34,"column":50},"end":{"line":34,"column":61}},{"start":{"line":34,"column":61},"end":{"line":34,"column":80}}],"line":34},"5":{"loc":{"start":{"line":61,"column":2},"end":{"line":61,"column":null}},"type":"if","locations":[{"start":{"line":61,"column":2},"end":{"line":61,"column":null}},{"start":{},"end":{}}],"line":61},"6":{"loc":{"start":{"line":63,"column":15},"end":{"line":63,"column":null}},"type":"binary-expr","locations":[{"start":{"line":63,"column":15},"end":{"line":63,"column":41}},{"start":{"line":63,"column":41},"end":{"line":63,"column":null}}],"line":63}},"s":{"0":6,"1":2,"2":10,"3":10,"4":10,"5":0,"6":10,"7":10,"8":3,"9":6,"10":10,"11":0,"12":10,"13":30},"f":{"0":6,"1":2,"2":10,"3":3,"4":10,"5":30},"b":{"0":[10,0],"1":[0,10],"2":[10,10],"3":[10,0],"4":[10,7],"5":[0,10],"6":[30,10]},"meta":{"lastBranch":7,"lastFunction":6,"lastStatement":14,"seen":{"f:15:24:15:41":0,"s:16:33:49:Infinity":0,"f:17:4:17:8":1,"s:18:6:20:Infinity":1,"f:22:4:22:9":2,"s:23:19:23:Infinity":2,"s:24:19:24:Infinity":3,"b:24:45:24:56:24:56:24:58":0,"b:25:6:31:Infinity:undefined:undefined:undefined:undefined":1,"s:25:6:31:Infinity":4,"b:25:10:25:19:25:19:25:39":2,"s:26:8:29:Infinity":5,"s:32:22:32:Infinity":6,"b:32:50:32:82:32:82:32:84":3,"s:33:6:46:Infinity":7,"b:34:50:34:61:34:61:34:80":4,"f:40:14:40:30":3,"s:41:16:41:Infinity":8,"s:50:2:55:Infinity":9,"f:60:9:60:23":4,"b:61:2:61:Infinity:undefined:undefined:undefined:undefined":5,"s:61:2:61:Infinity":10,"s:61:32:61:Infinity":11,"s:62:2:64:Infinity":12,"f:62:35:62:Infinity":5,"s:63:15:63:Infinity":13,"b:63:15:63:41:63:41:63:Infinity":6},"fnNames":{}}}
,"/Users/simone/Developer/personal/gitlab/intech-consulting-app/web/mvp-dashboard/packages/design-system/src/Menu.tsx": {"path":"/Users/simone/Developer/personal/gitlab/intech-consulting-app/web/mvp-dashboard/packages/design-system/src/Menu.tsx","statementMap":{"0":{"start":{"line":24,"column":26},"end":{"line":24,"column":null}},"1":{"start":{"line":25,"column":15},"end":{"line":25,"column":null}},"2":{"start":{"line":26,"column":17},"end":{"line":26,"column":23}},"3":{"start":{"line":28,"column":2},"end":{"line":42,"column":null}},"4":{"start":{"line":29,"column":4},"end":{"line":29,"column":null}},"5":{"start":{"line":29,"column":15},"end":{"line":29,"column":null}},"6":{"start":{"line":30,"column":10},"end":{"line":32,"column":null}},"7":{"start":{"line":31,"column":6},"end":{"line":31,"column":null}},"8":{"start":{"line":31,"column":57},"end":{"line":31,"column":null}},"9":{"start":{"line":33,"column":10},"end":{"line":35,"column":null}},"10":{"start":{"line":34,"column":6},"end":{"line":34,"column":null}},"11":{"start":{"line":34,"column":34},"end":{"line":34,"column":null}},"12":{"start":{"line":36,"column":4},"end":{"line":36,"column":null}},"13":{"start":{"line":37,"column":4},"end":{"line":37,"column":null}},"14":{"start":{"line":38,"column":4},"end":{"line":41,"column":null}},"15":{"start":{"line":39,"column":6},"end":{"line":39,"column":null}},"16":{"start":{"line":40,"column":6},"end":{"line":40,"column":null}},"17":{"start":{"line":44,"column":2},"end":{"line":84,"column":null}},"18":{"start":{"line":54,"column":10},"end":{"line":54,"column":null}},"19":{"start":{"line":54,"column":25},"end":{"line":54,"column":27}},"20":{"start":{"line":67,"column":12},"end":{"line":80,"column":null}},"21":{"start":{"line":74,"column":18},"end":{"line":74,"column":null}},"22":{"start":{"line":75,"column":18},"end":{"line":75,"column":null}}},"fnMap":{"0":{"name":"Menu","decl":{"start":{"line":23,"column":16},"end":{"line":23,"column":21}},"loc":{"start":{"line":23,"column":80},"end":{"line":86,"column":null}},"line":23},"1":{"name":"(anonymous_1)","decl":{"start":{"line":28,"column":2},"end":{"line":28,"column":18}},"loc":{"start":{"line":28,"column":18},"end":{"line":42,"column":5}},"line":28},"2":{"name":"(anonymous_2)","decl":{"start":{"line":30,"column":10},"end":{"line":30,"column":23}},"loc":{"start":{"line":30,"column":45},"end":{"line":32,"column":null}},"line":30},"3":{"name":"(anonymous_3)","decl":{"start":{"line":33,"column":10},"end":{"line":33,"column":19}},"loc":{"start":{"line":33,"column":44},"end":{"line":35,"column":null}},"line":33},"4":{"name":"(anonymous_4)","decl":{"start":{"line":38,"column":4},"end":{"line":38,"column":17}},"loc":{"start":{"line":38,"column":17},"end":{"line":41,"column":null}},"line":38},"5":{"name":"(anonymous_5)","decl":{"start":{"line":53,"column":8},"end":{"line":53,"column":23}},"loc":{"start":{"line":53,"column":23},"end":{"line":55,"column":null}},"line":53},"6":{"name":"(anonymous_6)","decl":{"start":{"line":54,"column":10},"end":{"line":54,"column":19}},"loc":{"start":{"line":54,"column":25},"end":{"line":54,"column":27}},"line":54},"7":{"name":"(anonymous_7)","decl":{"start":{"line":66,"column":17},"end":{"line":66,"column":22}},"loc":{"start":{"line":67,"column":12},"end":{"line":80,"column":null}},"line":67},"8":{"name":"(anonymous_8)","decl":{"start":{"line":73,"column":16},"end":{"line":73,"column":31}},"loc":{"start":{"line":73,"column":31},"end":{"line":76,"column":null}},"line":73}},"branchMap":{"0":{"loc":{"start":{"line":23,"column":37},"end":{"line":23,"column":54}},"type":"default-arg","locations":[{"start":{"line":23,"column":45},"end":{"line":23,"column":54}}],"line":23},"1":{"loc":{"start":{"line":23,"column":54},"end":{"line":23,"column":80}},"type":"default-arg","locations":[{"start":{"line":23,"column":61},"end":{"line":23,"column":80}}],"line":23},"2":{"loc":{"start":{"line":29,"column":4},"end":{"line":29,"column":null}},"type":"if","locations":[{"start":{"line":29,"column":4},"end":{"line":29,"column":null}},{"start":{},"end":{}}],"line":29},"3":{"loc":{"start":{"line":31,"column":6},"end":{"line":31,"column":null}},"type":"if","locations":[{"start":{"line":31,"column":6},"end":{"line":31,"column":null}},{"start":{},"end":{}}],"line":31},"4":{"loc":{"start":{"line":34,"column":6},"end":{"line":34,"column":null}},"type":"if","locations":[{"start":{"line":34,"column":6},"end":{"line":34,"column":null}},{"start":{},"end":{}}],"line":34},"5":{"loc":{"start":{"line":59,"column":7},"end":{"line":84,"column":null}},"type":"binary-expr","locations":[{"start":{"line":59,"column":7},"end":{"line":59,"column":null}},{"start":{"line":60,"column":8},"end":{"line":84,"column":null}}],"line":59},"6":{"loc":{"start":{"line":64,"column":24},"end":{"line":64,"column":82}},"type":"cond-expr","locations":[{"start":{"line":64,"column":44},"end":{"line":64,"column":67}},{"start":{"line":64,"column":67},"end":{"line":64,"column":82}}],"line":64},"7":{"loc":{"start":{"line":67,"column":47},"end":{"line":67,"column":93}},"type":"binary-expr","locations":[{"start":{"line":67,"column":47},"end":{"line":67,"column":65}},{"start":{"line":67,"column":65},"end":{"line":67,"column":93}}],"line":67},"8":{"loc":{"start":{"line":71,"column":27},"end":{"line":71,"column":null}},"type":"cond-expr","locations":[{"start":{"line":71,"column":41},"end":{"line":71,"column":70}},{"start":{"line":71,"column":70},"end":{"line":71,"column":null}}],"line":71}},"s":{"0":138,"1":138,"2":138,"3":138,"4":87,"5":71,"6":16,"7":14,"8":1,"9":16,"10":1,"11":1,"12":16,"13":16,"14":16,"15":16,"16":16,"17":138,"18":16,"19":16,"20":67,"21":13,"22":13},"f":{"0":138,"1":87,"2":14,"3":1,"4":16,"5":16,"6":16,"7":67,"8":13},"b":{"0":[138],"1":[138],"2":[71,16],"3":[1,13],"4":[1,0],"5":[138,16],"6":[16,0],"7":[67,21],"8":[16,51]},"meta":{"lastBranch":9,"lastFunction":9,"lastStatement":23,"seen":{"f:23:16:23:21":0,"b:23:45:23:54":0,"b:23:61:23:80":1,"s:24:26:24:Infinity":0,"s:25:15:25:Infinity":1,"s:26:17:26:23":2,"s:28:2:42:Infinity":3,"f:28:2:28:18":1,"b:29:4:29:Infinity:undefined:undefined:undefined:undefined":2,"s:29:4:29:Infinity":4,"s:29:15:29:Infinity":5,"s:30:10:32:Infinity":6,"f:30:10:30:23":2,"b:31:6:31:Infinity:undefined:undefined:undefined:undefined":3,"s:31:6:31:Infinity":7,"s:31:57:31:Infinity":8,"s:33:10:35:Infinity":9,"f:33:10:33:19":3,"b:34:6:34:Infinity:undefined:undefined:undefined:undefined":4,"s:34:6:34:Infinity":10,"s:34:34:34:Infinity":11,"s:36:4:36:Infinity":12,"s:37:4:37:Infinity":13,"s:38:4:41:Infinity":14,"f:38:4:38:17":4,"s:39:6:39:Infinity":15,"s:40:6:40:Infinity":16,"s:44:2:84:Infinity":17,"f:53:8:53:23":5,"s:54:10:54:Infinity":18,"f:54:10:54:19":6,"s:54:25:54:27":19,"b:59:7:59:Infinity:60:8:84:Infinity":5,"b:64:44:64:67:64:67:64:82":6,"f:66:17:66:22":7,"s:67:12:80:Infinity":20,"b:67:47:67:65:67:65:67:93":7,"b:71:41:71:70:71:70:71:Infinity":8,"f:73:16:73:31":8,"s:74:18:74:Infinity":21,"s:75:18:75:Infinity":22},"fnNames":{}}}
,"/Users/simone/Developer/personal/gitlab/intech-consulting-app/web/mvp-dashboard/packages/design-system/src/Modal.tsx": {"path":"/Users/simone/Developer/personal/gitlab/intech-consulting-app/web/mvp-dashboard/packages/design-system/src/Modal.tsx","statementMap":{"0":{"start":{"line":13,"column":2},"end":{"line":21,"column":null}},"1":{"start":{"line":14,"column":10},"end":{"line":16,"column":null}},"2":{"start":{"line":15,"column":6},"end":{"line":15,"column":null}},"3":{"start":{"line":15,"column":34},"end":{"line":15,"column":null}},"4":{"start":{"line":17,"column":4},"end":{"line":17,"column":null}},"5":{"start":{"line":18,"column":4},"end":{"line":20,"column":null}},"6":{"start":{"line":19,"column":6},"end":{"line":19,"column":null}},"7":{"start":{"line":23,"column":2},"end":{"line":49,"column":null}},"8":{"start":{"line":31,"column":10},"end":{"line":31,"column":null}},"9":{"start":{"line":70,"column":2},"end":{"line":86,"column":null}}},"fnMap":{"0":{"name":"Modal","decl":{"start":{"line":12,"column":16},"end":{"line":12,"column":22}},"loc":{"start":{"line":12,"column":72},"end":{"line":51,"column":null}},"line":12},"1":{"name":"(anonymous_1)","decl":{"start":{"line":13,"column":2},"end":{"line":13,"column":18}},"loc":{"start":{"line":13,"column":18},"end":{"line":21,"column":5}},"line":13},"2":{"name":"(anonymous_2)","decl":{"start":{"line":14,"column":10},"end":{"line":14,"column":19}},"loc":{"start":{"line":14,"column":44},"end":{"line":16,"column":null}},"line":14},"3":{"name":"(anonymous_3)","decl":{"start":{"line":18,"column":4},"end":{"line":18,"column":17}},"loc":{"start":{"line":18,"column":17},"end":{"line":20,"column":null}},"line":18},"4":{"name":"(anonymous_4)","decl":{"start":{"line":30,"column":8},"end":{"line":30,"column":18}},"loc":{"start":{"line":30,"column":28},"end":{"line":32,"column":null}},"line":30},"5":{"name":"ConfirmModal","decl":{"start":{"line":62,"column":16},"end":{"line":62,"column":29}},"loc":{"start":{"line":69,"column":22},"end":{"line":88,"column":null}},"line":69}},"branchMap":{"0":{"loc":{"start":{"line":15,"column":6},"end":{"line":15,"column":null}},"type":"if","locations":[{"start":{"line":15,"column":6},"end":{"line":15,"column":null}},{"start":{},"end":{}}],"line":15},"1":{"loc":{"start":{"line":43,"column":9},"end":{"line":46,"column":null}},"type":"binary-expr","locations":[{"start":{"line":43,"column":9},"end":{"line":43,"column":null}},{"start":{"line":44,"column":10},"end":{"line":46,"column":null}}],"line":43},"2":{"loc":{"start":{"line":65,"column":2},"end":{"line":65,"column":null}},"type":"default-arg","locations":[{"start":{"line":65,"column":17},"end":{"line":65,"column":null}}],"line":65},"3":{"loc":{"start":{"line":66,"column":2},"end":{"line":66,"column":null}},"type":"default-arg","locations":[{"start":{"line":66,"column":9},"end":{"line":66,"column":null}}],"line":66}},"s":{"0":180,"1":31,"2":162,"3":1,"4":31,"5":31,"6":31,"7":180,"8":70,"9":9},"f":{"0":180,"1":31,"2":162,"3":31,"4":70,"5":9},"b":{"0":[1,161],"1":[180,9],"2":[9],"3":[9]},"meta":{"lastBranch":4,"lastFunction":6,"lastStatement":10,"seen":{"f:12:16:12:22":0,"s:13:2:21:Infinity":0,"f:13:2:13:18":1,"s:14:10:16:Infinity":1,"f:14:10:14:19":2,"b:15:6:15:Infinity:undefined:undefined:undefined:undefined":0,"s:15:6:15:Infinity":2,"s:15:34:15:Infinity":3,"s:17:4:17:Infinity":4,"s:18:4:20:Infinity":5,"f:18:4:18:17":3,"s:19:6:19:Infinity":6,"s:23:2:49:Infinity":7,"f:30:8:30:18":4,"s:31:10:31:Infinity":8,"b:43:9:43:Infinity:44:10:46:Infinity":1,"f:62:16:62:29":5,"b:65:17:65:Infinity":2,"b:66:9:66:Infinity":3,"s:70:2:86:Infinity":9},"fnNames":{}}}
,"/Users/simone/Developer/personal/gitlab/intech-consulting-app/web/mvp-dashboard/packages/design-system/src/PageHeader.tsx": {"path":"/Users/simone/Developer/personal/gitlab/intech-consulting-app/web/mvp-dashboard/packages/design-system/src/PageHeader.tsx","statementMap":{"0":{"start":{"line":10,"column":2},"end":{"line":17,"column":null}}},"fnMap":{"0":{"name":"PageHeader","decl":{"start":{"line":9,"column":16},"end":{"line":9,"column":27}},"loc":{"start":{"line":9,"column":77},"end":{"line":19,"column":null}},"line":9}},"branchMap":{"0":{"loc":{"start":{"line":14,"column":9},"end":{"line":15,"column":null}},"type":"binary-expr","locations":[{"start":{"line":14,"column":9},"end":{"line":14,"column":24}},{"start":{"line":14,"column":24},"end":{"line":15,"column":null}}],"line":14},"1":{"loc":{"start":{"line":16,"column":7},"end":{"line":17,"column":null}},"type":"binary-expr","locations":[{"start":{"line":16,"column":7},"end":{"line":16,"column":18}},{"start":{"line":16,"column":18},"end":{"line":17,"column":null}}],"line":16}},"s":{"0":70},"f":{"0":70},"b":{"0":[70,70],"1":[70,5]},"meta":{"lastBranch":2,"lastFunction":1,"lastStatement":1,"seen":{"f:9:16:9:27":0,"s:10:2:17:Infinity":0,"b:14:9:14:24:14:24:15:Infinity":0,"b:16:7:16:18:16:18:17:Infinity":1},"fnNames":{}}}
,"/Users/simone/Developer/personal/gitlab/intech-consulting-app/web/mvp-dashboard/packages/design-system/src/Select.tsx": {"path":"/Users/simone/Developer/personal/gitlab/intech-consulting-app/web/mvp-dashboard/packages/design-system/src/Select.tsx","statementMap":{"0":{"start":{"line":9,"column":19},"end":{"line":9,"column":null}},"1":{"start":{"line":10,"column":2},"end":{"line":23,"column":null}}},"fnMap":{"0":{"name":"Select","decl":{"start":{"line":8,"column":16},"end":{"line":8,"column":23}},"loc":{"start":{"line":8,"column":81},"end":{"line":25,"column":null}},"line":8}},"branchMap":{"0":{"loc":{"start":{"line":9,"column":19},"end":{"line":9,"column":null}},"type":"binary-expr","locations":[{"start":{"line":9,"column":19},"end":{"line":9,"column":25}},{"start":{"line":9,"column":25},"end":{"line":9,"column":null}}],"line":9},"1":{"loc":{"start":{"line":12,"column":7},"end":{"line":17,"column":7}},"type":"binary-expr","locations":[{"start":{"line":12,"column":7},"end":{"line":12,"column":null}},{"start":{"line":13,"column":8},"end":{"line":17,"column":7}}],"line":12},"2":{"loc":{"start":{"line":19,"column":22},"end":{"line":19,"column":70}},"type":"cond-expr","locations":[{"start":{"line":19,"column":33},"end":{"line":19,"column":57}},{"start":{"line":19,"column":57},"end":{"line":19,"column":70}}],"line":19}},"s":{"0":399,"1":399},"f":{"0":399},"b":{"0":[399,399],"1":[399,394],"2":[6,393]},"meta":{"lastBranch":3,"lastFunction":1,"lastStatement":2,"seen":{"f:8:16:8:23":0,"s:9:19:9:Infinity":0,"b:9:19:9:25:9:25:9:Infinity":0,"s:10:2:23:Infinity":1,"b:12:7:12:Infinity:13:8:17:7":1,"b:19:33:19:57:19:57:19:70":2},"fnNames":{}}}
,"/Users/simone/Developer/personal/gitlab/intech-consulting-app/web/mvp-dashboard/packages/design-system/src/Spinner.tsx": {"path":"/Users/simone/Developer/personal/gitlab/intech-consulting-app/web/mvp-dashboard/packages/design-system/src/Spinner.tsx","statementMap":{"0":{"start":{"line":10,"column":14},"end":{"line":10,"column":null}},"1":{"start":{"line":11,"column":2},"end":{"line":16,"column":null}}},"fnMap":{"0":{"name":"Spinner","decl":{"start":{"line":3,"column":16},"end":{"line":3,"column":24}},"loc":{"start":{"line":9,"column":3},"end":{"line":18,"column":null}},"line":9}},"branchMap":{"0":{"loc":{"start":{"line":4,"column":2},"end":{"line":4,"column":null}},"type":"default-arg","locations":[{"start":{"line":4,"column":13},"end":{"line":4,"column":null}}],"line":4},"1":{"loc":{"start":{"line":5,"column":2},"end":{"line":5,"column":null}},"type":"default-arg","locations":[{"start":{"line":5,"column":10},"end":{"line":5,"column":null}}],"line":5},"2":{"loc":{"start":{"line":10,"column":36},"end":{"line":10,"column":75}},"type":"binary-expr","locations":[{"start":{"line":10,"column":36},"end":{"line":10,"column":48}},{"start":{"line":10,"column":48},"end":{"line":10,"column":75}}],"line":10}},"s":{"0":136,"1":136},"f":{"0":136},"b":{"0":[136],"1":[136],"2":[136,0]},"meta":{"lastBranch":3,"lastFunction":1,"lastStatement":2,"seen":{"f:3:16:3:24":0,"b:4:13:4:Infinity":0,"b:5:10:5:Infinity":1,"s:10:14:10:Infinity":0,"b:10:36:10:48:10:48:10:75":2,"s:11:2:16:Infinity":1},"fnNames":{}}}
,"/Users/simone/Developer/personal/gitlab/intech-consulting-app/web/mvp-dashboard/packages/design-system/src/Textarea.tsx": {"path":"/Users/simone/Developer/personal/gitlab/intech-consulting-app/web/mvp-dashboard/packages/design-system/src/Textarea.tsx","statementMap":{"0":{"start":{"line":9,"column":21},"end":{"line":9,"column":null}},"1":{"start":{"line":10,"column":2},"end":{"line":18,"column":null}}},"fnMap":{"0":{"name":"Textarea","decl":{"start":{"line":8,"column":16},"end":{"line":8,"column":25}},"loc":{"start":{"line":8,"column":75},"end":{"line":20,"column":null}},"line":8}},"branchMap":{"0":{"loc":{"start":{"line":9,"column":21},"end":{"line":9,"column":null}},"type":"binary-expr","locations":[{"start":{"line":9,"column":21},"end":{"line":9,"column":27}},{"start":{"line":9,"column":27},"end":{"line":9,"column":null}}],"line":9},"1":{"loc":{"start":{"line":12,"column":7},"end":{"line":17,"column":7}},"type":"binary-expr","locations":[{"start":{"line":12,"column":7},"end":{"line":12,"column":null}},{"start":{"line":13,"column":8},"end":{"line":17,"column":7}}],"line":12}},"s":{"0":138,"1":138},"f":{"0":138},"b":{"0":[138,138],"1":[138,138]},"meta":{"lastBranch":2,"lastFunction":1,"lastStatement":2,"seen":{"f:8:16:8:25":0,"s:9:21:9:Infinity":0,"b:9:21:9:27:9:27:9:Infinity":0,"s:10:2:18:Infinity":1,"b:12:7:12:Infinity:13:8:17:7":1},"fnNames":{}}}
,"/Users/simone/Developer/personal/gitlab/intech-consulting-app/web/mvp-dashboard/packages/design-system/src/cx.ts": {"path":"/Users/simone/Developer/personal/gitlab/intech-consulting-app/web/mvp-dashboard/packages/design-system/src/cx.ts","statementMap":{"0":{"start":{"line":1,"column":13},"end":{"line":2,"column":null}},"1":{"start":{"line":2,"column":2},"end":{"line":2,"column":null}}},"fnMap":{"0":{"name":"(anonymous_0)","decl":{"start":{"line":1,"column":13},"end":{"line":1,"column":19}},"loc":{"start":{"line":2,"column":2},"end":{"line":2,"column":null}},"line":2}},"branchMap":{},"s":{"0":17,"1":4791},"f":{"0":4791},"b":{},"meta":{"lastBranch":0,"lastFunction":1,"lastStatement":2,"seen":{"s:1:13:2:Infinity":0,"f:1:13:1:19":0,"s:2:2:2:Infinity":1},"fnNames":{}}}
,"/Users/simone/Developer/personal/gitlab/intech-consulting-app/web/mvp-dashboard/packages/design-system/src/design-system.css": {"path":"/Users/simone/Developer/personal/gitlab/intech-consulting-app/web/mvp-dashboard/packages/design-system/src/design-system.css","statementMap":{},"fnMap":{},"branchMap":{},"s":{},"f":{},"b":{},"meta":{"lastBranch":0,"lastFunction":0,"lastStatement":0,"seen":{},"fnNames":{}}}
,"/Users/simone/Developer/personal/gitlab/intech-consulting-app/web/mvp-dashboard/packages/design-system/src/index.ts": {"path":"/Users/simone/Developer/personal/gitlab/intech-consulting-app/web/mvp-dashboard/packages/design-system/src/index.ts","statementMap":{},"fnMap":{},"branchMap":{},"s":{},"f":{},"b":{},"meta":{"lastBranch":0,"lastFunction":0,"lastStatement":0,"seen":{},"fnNames":{}}}
,"/Users/simone/Developer/personal/gitlab/intech-consulting-app/web/mvp-dashboard/packages/design-system/src/markdownTasks.ts": {"path":"/Users/simone/Developer/personal/gitlab/intech-consulting-app/web/mvp-dashboard/packages/design-system/src/markdownTasks.ts","statementMap":{"0":{"start":{"line":3,"column":16},"end":{"line":3,"column":null}},"1":{"start":{"line":4,"column":18},"end":{"line":4,"column":null}},"2":{"start":{"line":5,"column":2},"end":{"line":5,"column":null}},"3":{"start":{"line":5,"column":29},"end":{"line":5,"column":null}},"4":{"start":{"line":6,"column":2},"end":{"line":8,"column":null}},"5":{"start":{"line":9,"column":2},"end":{"line":9,"column":null}}},"fnMap":{"0":{"name":"toggleTask","decl":{"start":{"line":2,"column":16},"end":{"line":2,"column":27}},"loc":{"start":{"line":2,"column":65},"end":{"line":10,"column":null}},"line":2}},"branchMap":{"0":{"loc":{"start":{"line":5,"column":2},"end":{"line":5,"column":null}},"type":"if","locations":[{"start":{"line":5,"column":2},"end":{"line":5,"column":null}},{"start":{},"end":{}}],"line":5},"1":{"loc":{"start":{"line":6,"column":20},"end":{"line":8,"column":null}},"type":"cond-expr","locations":[{"start":{"line":7,"column":6},"end":{"line":7,"column":null}},{"start":{"line":8,"column":6},"end":{"line":8,"column":null}}],"line":6}},"s":{"0":5,"1":5,"2":5,"3":1,"4":4,"5":5},"f":{"0":5},"b":{"0":[1,4],"1":[2,2]},"meta":{"lastBranch":2,"lastFunction":1,"lastStatement":6,"seen":{"f:2:16:2:27":0,"s:3:16:3:Infinity":0,"s:4:18:4:Infinity":1,"b:5:2:5:Infinity:undefined:undefined:undefined:undefined":0,"s:5:2:5:Infinity":2,"s:5:29:5:Infinity":3,"s:6:2:8:Infinity":4,"b:7:6:7:Infinity:8:6:8:Infinity":1,"s:9:2:9:Infinity":5},"fnNames":{}}}
,"/Users/simone/Developer/personal/gitlab/intech-consulting-app/web/mvp-dashboard/packages/design-system/src/purple3.min.css": {"path":"/Users/simone/Developer/personal/gitlab/intech-consulting-app/web/mvp-dashboard/packages/design-system/src/purple3.min.css","statementMap":{},"fnMap":{},"branchMap":{},"s":{},"f":{},"b":{},"meta":{"lastBranch":0,"lastFunction":0,"lastStatement":0,"seen":{},"fnNames":{}}}
,"/Users/simone/Developer/personal/gitlab/intech-consulting-app/web/mvp-dashboard/packages/kanban-model/src/board.ts": {"path":"/Users/simone/Developer/personal/gitlab/intech-consulting-app/web/mvp-dashboard/packages/kanban-model/src/board.ts","statementMap":{"0":{"start":{"line":4,"column":18},"end":{"line":4,"column":null}},"1":{"start":{"line":4,"column":61},"end":{"line":4,"column":71}},"2":{"start":{"line":5,"column":2},"end":{"line":7,"column":null}},"3":{"start":{"line":6,"column":4},"end":{"line":6,"column":null}},"4":{"start":{"line":8,"column":2},"end":{"line":10,"column":null}},"5":{"start":{"line":9,"column":4},"end":{"line":9,"column":null}},"6":{"start":{"line":9,"column":24},"end":{"line":9,"column":80}},"7":{"start":{"line":11,"column":2},"end":{"line":11,"column":null}},"8":{"start":{"line":16,"column":14},"end":{"line":16,"column":null}},"9":{"start":{"line":16,"column":39},"end":{"line":16,"column":43}},"10":{"start":{"line":17,"column":18},"end":{"line":17,"column":null}},"11":{"start":{"line":18,"column":2},"end":{"line":24,"column":null}},"12":{"start":{"line":19,"column":4},"end":{"line":23,"column":null}},"13":{"start":{"line":20,"column":19},"end":{"line":20,"column":null}},"14":{"start":{"line":21,"column":6},"end":{"line":21,"column":null}},"15":{"start":{"line":22,"column":6},"end":{"line":22,"column":null}},"16":{"start":{"line":25,"column":2},"end":{"line":25,"column":null}},"17":{"start":{"line":25,"column":39},"end":{"line":25,"column":null}},"18":{"start":{"line":25,"column":59},"end":{"line":25,"column":88}},"19":{"start":{"line":26,"column":2},"end":{"line":26,"column":null}},"20":{"start":{"line":33,"column":16},"end":{"line":33,"column":null}},"21":{"start":{"line":33,"column":41},"end":{"line":33,"column":58}},"22":{"start":{"line":34,"column":2},"end":{"line":34,"column":null}},"23":{"start":{"line":34,"column":20},"end":{"line":34,"column":null}},"24":{"start":{"line":35,"column":2},"end":{"line":35,"column":null}},"25":{"start":{"line":39,"column":27},"end":{"line":51,"column":null}},"26":{"start":{"line":55,"column":8},"end":{"line":55,"column":null}},"27":{"start":{"line":56,"column":13},"end":{"line":56,"column":null}},"28":{"start":{"line":57,"column":2},"end":{"line":57,"column":null}},"29":{"start":{"line":57,"column":26},"end":{"line":57,"column":null}},"30":{"start":{"line":58,"column":2},"end":{"line":58,"column":null}}},"fnMap":{"0":{"name":"groupCardsByColumn","decl":{"start":{"line":3,"column":16},"end":{"line":3,"column":35}},"loc":{"start":{"line":3,"column":90},"end":{"line":12,"column":null}},"line":3},"1":{"name":"(anonymous_1)","decl":{"start":{"line":4,"column":50},"end":{"line":4,"column":55}},"loc":{"start":{"line":4,"column":61},"end":{"line":4,"column":71}},"line":4},"2":{"name":"(anonymous_2)","decl":{"start":{"line":9,"column":9},"end":{"line":9,"column":15}},"loc":{"start":{"line":9,"column":24},"end":{"line":9,"column":80}},"line":9},"3":{"name":"groupChildren","decl":{"start":{"line":15,"column":16},"end":{"line":15,"column":30}},"loc":{"start":{"line":15,"column":66},"end":{"line":27,"column":null}},"line":15},"4":{"name":"(anonymous_4)","decl":{"start":{"line":16,"column":28},"end":{"line":16,"column":33}},"loc":{"start":{"line":16,"column":39},"end":{"line":16,"column":43}},"line":16},"5":{"name":"(anonymous_5)","decl":{"start":{"line":25,"column":44},"end":{"line":25,"column":50}},"loc":{"start":{"line":25,"column":59},"end":{"line":25,"column":88}},"line":25},"6":{"name":"neighbourColumns","decl":{"start":{"line":29,"column":16},"end":{"line":29,"column":null}},"loc":{"start":{"line":32,"column":64},"end":{"line":36,"column":null}},"line":32},"7":{"name":"(anonymous_7)","decl":{"start":{"line":33,"column":24},"end":{"line":33,"column":35}},"loc":{"start":{"line":33,"column":41},"end":{"line":33,"column":58}},"line":33},"8":{"name":"cardColor","decl":{"start":{"line":54,"column":16},"end":{"line":54,"column":26}},"loc":{"start":{"line":54,"column":61},"end":{"line":59,"column":null}},"line":54}},"branchMap":{"0":{"loc":{"start":{"line":9,"column":24},"end":{"line":9,"column":80}},"type":"binary-expr","locations":[{"start":{"line":9,"column":24},"end":{"line":9,"column":51}},{"start":{"line":9,"column":51},"end":{"line":9,"column":80}}],"line":9},"1":{"loc":{"start":{"line":19,"column":4},"end":{"line":23,"column":null}},"type":"if","locations":[{"start":{"line":19,"column":4},"end":{"line":23,"column":null}},{"start":{},"end":{}}],"line":19},"2":{"loc":{"start":{"line":19,"column":8},"end":{"line":19,"column":51}},"type":"binary-expr","locations":[{"start":{"line":19,"column":8},"end":{"line":19,"column":26}},{"start":{"line":19,"column":26},"end":{"line":19,"column":51}}],"line":19},"3":{"loc":{"start":{"line":20,"column":19},"end":{"line":20,"column":null}},"type":"binary-expr","locations":[{"start":{"line":20,"column":19},"end":{"line":20,"column":50}},{"start":{"line":20,"column":50},"end":{"line":20,"column":null}}],"line":20},"4":{"loc":{"start":{"line":34,"column":2},"end":{"line":34,"column":null}},"type":"if","locations":[{"start":{"line":34,"column":2},"end":{"line":34,"column":null}},{"start":{},"end":{}}],"line":34},"5":{"loc":{"start":{"line":55,"column":15},"end":{"line":55,"column":29}},"type":"binary-expr","locations":[{"start":{"line":55,"column":15},"end":{"line":55,"column":25}},{"start":{"line":55,"column":25},"end":{"line":55,"column":29}}],"line":55},"6":{"loc":{"start":{"line":58,"column":9},"end":{"line":58,"column":null}},"type":"binary-expr","locations":[{"start":{"line":58,"column":9},"end":{"line":58,"column":51}},{"start":{"line":58,"column":51},"end":{"line":58,"column":null}}],"line":58}},"s":{"0":42,"1":70,"2":42,"3":29,"4":42,"5":70,"6":5,"7":42,"8":0,"9":0,"10":0,"11":0,"12":0,"13":0,"14":0,"15":0,"16":0,"17":0,"18":0,"19":0,"20":45,"21":72,"22":45,"23":1,"24":44,"25":10,"26":87,"27":87,"28":87,"29":280,"30":87},"f":{"0":42,"1":70,"2":5,"3":0,"4":0,"5":0,"6":45,"7":72,"8":87},"b":{"0":[5,3],"1":[0,0],"2":[0,0],"3":[0,0],"4":[1,44],"5":[87,76],"6":[87,0]},"meta":{"lastBranch":7,"lastFunction":9,"lastStatement":31,"seen":{"f:3:16:3:35":0,"s:4:18:4:Infinity":0,"f:4:50:4:55":1,"s:4:61:4:71":1,"s:5:2:7:Infinity":2,"s:6:4:6:Infinity":3,"s:8:2:10:Infinity":4,"s:9:4:9:Infinity":5,"f:9:9:9:15":2,"s:9:24:9:80":6,"b:9:24:9:51:9:51:9:80":0,"s:11:2:11:Infinity":7,"f:15:16:15:30":3,"s:16:14:16:Infinity":8,"f:16:28:16:33":4,"s:16:39:16:43":9,"s:17:18:17:Infinity":10,"s:18:2:24:Infinity":11,"b:19:4:23:Infinity:undefined:undefined:undefined:undefined":1,"s:19:4:23:Infinity":12,"b:19:8:19:26:19:26:19:51":2,"s:20:19:20:Infinity":13,"b:20:19:20:50:20:50:20:Infinity":3,"s:21:6:21:Infinity":14,"s:22:6:22:Infinity":15,"s:25:2:25:Infinity":16,"s:25:39:25:Infinity":17,"f:25:44:25:50":5,"s:25:59:25:88":18,"s:26:2:26:Infinity":19,"f:29:16:29:Infinity":6,"s:33:16:33:Infinity":20,"f:33:24:33:35":7,"s:33:41:33:58":21,"b:34:2:34:Infinity:undefined:undefined:undefined:undefined":4,"s:34:2:34:Infinity":22,"s:34:20:34:Infinity":23,"s:35:2:35:Infinity":24,"s:39:27:51:Infinity":25,"f:54:16:54:26":8,"s:55:8:55:Infinity":26,"b:55:15:55:25:55:25:55:29":5,"s:56:13:56:Infinity":27,"s:57:2:57:Infinity":28,"s:57:26:57:Infinity":29,"s:58:2:58:Infinity":30,"b:58:9:58:51:58:51:58:Infinity":6},"fnNames":{}}}
,"/Users/simone/Developer/personal/gitlab/intech-consulting-app/web/mvp-dashboard/packages/kanban-model/src/boardIndex.ts": {"path":"/Users/simone/Developer/personal/gitlab/intech-consulting-app/web/mvp-dashboard/packages/kanban-model/src/boardIndex.ts","statementMap":{"0":{"start":{"line":26,"column":15},"end":{"line":26,"column":null}},"1":{"start":{"line":26,"column":43},"end":{"line":26,"column":58}},"2":{"start":{"line":27,"column":22},"end":{"line":27,"column":null}},"3":{"start":{"line":27,"column":54},"end":{"line":27,"column":78}},"4":{"start":{"line":28,"column":19},"end":{"line":28,"column":null}},"5":{"start":{"line":29,"column":2},"end":{"line":35,"column":null}},"6":{"start":{"line":30,"column":4},"end":{"line":34,"column":null}},"7":{"start":{"line":31,"column":19},"end":{"line":31,"column":null}},"8":{"start":{"line":32,"column":6},"end":{"line":32,"column":null}},"9":{"start":{"line":33,"column":6},"end":{"line":33,"column":null}},"10":{"start":{"line":36,"column":2},"end":{"line":36,"column":null}},"11":{"start":{"line":36,"column":40},"end":{"line":36,"column":null}},"12":{"start":{"line":36,"column":60},"end":{"line":36,"column":89}},"13":{"start":{"line":37,"column":21},"end":{"line":37,"column":null}},"14":{"start":{"line":37,"column":49},"end":{"line":37,"column":95}},"15":{"start":{"line":38,"column":8},"end":{"line":38,"column":null}},"16":{"start":{"line":38,"column":36},"end":{"line":38,"column":null}},"17":{"start":{"line":40,"column":2},"end":{"line":51,"column":null}},"18":{"start":{"line":41,"column":18},"end":{"line":41,"column":null}},"19":{"start":{"line":42,"column":30},"end":{"line":42,"column":null}},"20":{"start":{"line":44,"column":26},"end":{"line":44,"column":null}},"21":{"start":{"line":46,"column":19},"end":{"line":46,"column":null}},"22":{"start":{"line":47,"column":6},"end":{"line":47,"column":null}},"23":{"start":{"line":47,"column":40},"end":{"line":47,"column":59}},"24":{"start":{"line":49,"column":25},"end":{"line":49,"column":null}},"25":{"start":{"line":50,"column":21},"end":{"line":50,"column":null}}},"fnMap":{"0":{"name":"buildBoardIndex","decl":{"start":{"line":25,"column":16},"end":{"line":25,"column":32}},"loc":{"start":{"line":25,"column":78},"end":{"line":52,"column":null}},"line":25},"1":{"name":"(anonymous_1)","decl":{"start":{"line":26,"column":29},"end":{"line":26,"column":34}},"loc":{"start":{"line":26,"column":43},"end":{"line":26,"column":58}},"line":26},"2":{"name":"(anonymous_2)","decl":{"start":{"line":27,"column":38},"end":{"line":27,"column":43}},"loc":{"start":{"line":27,"column":54},"end":{"line":27,"column":78}},"line":27},"3":{"name":"(anonymous_3)","decl":{"start":{"line":36,"column":45},"end":{"line":36,"column":51}},"loc":{"start":{"line":36,"column":60},"end":{"line":36,"column":89}},"line":36},"4":{"name":"(anonymous_4)","decl":{"start":{"line":37,"column":35},"end":{"line":37,"column":40}},"loc":{"start":{"line":37,"column":49},"end":{"line":37,"column":95}},"line":37},"5":{"name":"(anonymous_5)","decl":{"start":{"line":38,"column":8},"end":{"line":38,"column":20}},"loc":{"start":{"line":38,"column":36},"end":{"line":38,"column":null}},"line":38},"6":{"name":"(anonymous_6)","decl":{"start":{"line":41,"column":4},"end":{"line":41,"column":11}},"loc":{"start":{"line":41,"column":18},"end":{"line":41,"column":null}},"line":41},"7":{"name":"(anonymous_7)","decl":{"start":{"line":42,"column":4},"end":{"line":42,"column":17}},"loc":{"start":{"line":42,"column":30},"end":{"line":42,"column":null}},"line":42},"8":{"name":"(anonymous_8)","decl":{"start":{"line":44,"column":4},"end":{"line":44,"column":17}},"loc":{"start":{"line":44,"column":26},"end":{"line":44,"column":null}},"line":44},"9":{"name":"(anonymous_9)","decl":{"start":{"line":45,"column":4},"end":{"line":45,"column":15}},"loc":{"start":{"line":45,"column":24},"end":{"line":48,"column":null}},"line":45},"10":{"name":"(anonymous_10)","decl":{"start":{"line":47,"column":26},"end":{"line":47,"column":34}},"loc":{"start":{"line":47,"column":40},"end":{"line":47,"column":59}},"line":47},"11":{"name":"(anonymous_11)","decl":{"start":{"line":49,"column":4},"end":{"line":49,"column":16}},"loc":{"start":{"line":49,"column":25},"end":{"line":49,"column":null}},"line":49},"12":{"name":"(anonymous_12)","decl":{"start":{"line":50,"column":4},"end":{"line":50,"column":12}},"loc":{"start":{"line":50,"column":21},"end":{"line":50,"column":null}},"line":50}},"branchMap":{"0":{"loc":{"start":{"line":30,"column":4},"end":{"line":34,"column":null}},"type":"if","locations":[{"start":{"line":30,"column":4},"end":{"line":34,"column":null}},{"start":{},"end":{}}],"line":30},"1":{"loc":{"start":{"line":30,"column":8},"end":{"line":30,"column":52}},"type":"binary-expr","locations":[{"start":{"line":30,"column":8},"end":{"line":30,"column":26}},{"start":{"line":30,"column":26},"end":{"line":30,"column":52}}],"line":30},"2":{"loc":{"start":{"line":31,"column":19},"end":{"line":31,"column":null}},"type":"binary-expr","locations":[{"start":{"line":31,"column":19},"end":{"line":31,"column":51}},{"start":{"line":31,"column":51},"end":{"line":31,"column":null}}],"line":31},"3":{"loc":{"start":{"line":38,"column":36},"end":{"line":38,"column":null}},"type":"cond-expr","locations":[{"start":{"line":38,"column":53},"end":{"line":38,"column":80}},{"start":{"line":38,"column":80},"end":{"line":38,"column":null}}],"line":38},"4":{"loc":{"start":{"line":42,"column":30},"end":{"line":42,"column":null}},"type":"binary-expr","locations":[{"start":{"line":42,"column":30},"end":{"line":42,"column":59}},{"start":{"line":42,"column":59},"end":{"line":42,"column":null}}],"line":42},"5":{"loc":{"start":{"line":44,"column":26},"end":{"line":44,"column":null}},"type":"binary-expr","locations":[{"start":{"line":44,"column":26},"end":{"line":44,"column":51}},{"start":{"line":44,"column":51},"end":{"line":44,"column":null}}],"line":44},"6":{"loc":{"start":{"line":46,"column":19},"end":{"line":46,"column":null}},"type":"binary-expr","locations":[{"start":{"line":46,"column":19},"end":{"line":46,"column":44}},{"start":{"line":46,"column":44},"end":{"line":46,"column":null}}],"line":46},"7":{"loc":{"start":{"line":49,"column":25},"end":{"line":49,"column":null}},"type":"binary-expr","locations":[{"start":{"line":49,"column":25},"end":{"line":49,"column":52}},{"start":{"line":49,"column":52},"end":{"line":49,"column":null}}],"line":49}},"s":{"0":44,"1":26,"2":44,"3":60,"4":44,"5":44,"6":26,"7":6,"8":6,"9":6,"10":44,"11":3,"12":3,"13":44,"14":26,"15":44,"16":108,"17":44,"18":1,"19":12,"20":64,"21":65,"22":65,"23":8,"24":43,"25":43},"f":{"0":44,"1":26,"2":60,"3":3,"4":26,"5":108,"6":1,"7":12,"8":64,"9":65,"10":8,"11":43,"12":43},"b":{"0":[6,20],"1":[26,7],"2":[6,3],"3":[22,86],"4":[12,1],"5":[64,60],"6":[65,61],"7":[43,39]},"meta":{"lastBranch":8,"lastFunction":13,"lastStatement":26,"seen":{"f:25:16:25:32":0,"s:26:15:26:Infinity":0,"f:26:29:26:34":1,"s:26:43:26:58":1,"s:27:22:27:Infinity":2,"f:27:38:27:43":2,"s:27:54:27:78":3,"s:28:19:28:Infinity":4,"s:29:2:35:Infinity":5,"b:30:4:34:Infinity:undefined:undefined:undefined:undefined":0,"s:30:4:34:Infinity":6,"b:30:8:30:26:30:26:30:52":1,"s:31:19:31:Infinity":7,"b:31:19:31:51:31:51:31:Infinity":2,"s:32:6:32:Infinity":8,"s:33:6:33:Infinity":9,"s:36:2:36:Infinity":10,"s:36:40:36:Infinity":11,"f:36:45:36:51":3,"s:36:60:36:89":12,"s:37:21:37:Infinity":13,"f:37:35:37:40":4,"s:37:49:37:95":14,"s:38:8:38:Infinity":15,"f:38:8:38:20":5,"s:38:36:38:Infinity":16,"b:38:53:38:80:38:80:38:Infinity":3,"s:40:2:51:Infinity":17,"f:41:4:41:11":6,"s:41:18:41:Infinity":18,"f:42:4:42:17":7,"s:42:30:42:Infinity":19,"b:42:30:42:59:42:59:42:Infinity":4,"f:44:4:44:17":8,"s:44:26:44:Infinity":20,"b:44:26:44:51:44:51:44:Infinity":5,"f:45:4:45:15":9,"s:46:19:46:Infinity":21,"b:46:19:46:44:46:44:46:Infinity":6,"s:47:6:47:Infinity":22,"f:47:26:47:34":10,"s:47:40:47:59":23,"f:49:4:49:16":11,"s:49:25:49:Infinity":24,"b:49:25:49:52:49:52:49:Infinity":7,"f:50:4:50:12":12,"s:50:21:50:Infinity":25},"fnNames":{}}}
,"/Users/simone/Developer/personal/gitlab/intech-consulting-app/web/mvp-dashboard/packages/kanban-model/src/checklist.ts": {"path":"/Users/simone/Developer/personal/gitlab/intech-consulting-app/web/mvp-dashboard/packages/kanban-model/src/checklist.ts","statementMap":{"0":{"start":{"line":5,"column":2},"end":{"line":5,"column":null}},"1":{"start":{"line":5,"column":15},"end":{"line":5,"column":null}},"2":{"start":{"line":6,"column":16},"end":{"line":6,"column":null}},"3":{"start":{"line":7,"column":2},"end":{"line":7,"column":null}},"4":{"start":{"line":7,"column":26},"end":{"line":7,"column":null}},"5":{"start":{"line":8,"column":2},"end":{"line":8,"column":null}},"6":{"start":{"line":8,"column":40},"end":{"line":8,"column":61}}},"fnMap":{"0":{"name":"checklistProgress","decl":{"start":{"line":4,"column":16},"end":{"line":4,"column":34}},"loc":{"start":{"line":4,"column":78},"end":{"line":9,"column":null}},"line":4},"1":{"name":"(anonymous_1)","decl":{"start":{"line":8,"column":23},"end":{"line":8,"column":31}},"loc":{"start":{"line":8,"column":40},"end":{"line":8,"column":61}},"line":8}},"branchMap":{"0":{"loc":{"start":{"line":5,"column":2},"end":{"line":5,"column":null}},"type":"if","locations":[{"start":{"line":5,"column":2},"end":{"line":5,"column":null}},{"start":{},"end":{}}],"line":5},"1":{"loc":{"start":{"line":6,"column":16},"end":{"line":6,"column":null}},"type":"binary-expr","locations":[{"start":{"line":6,"column":16},"end":{"line":6,"column":62}},{"start":{"line":6,"column":62},"end":{"line":6,"column":null}}],"line":6},"2":{"loc":{"start":{"line":7,"column":2},"end":{"line":7,"column":null}},"type":"if","locations":[{"start":{"line":7,"column":2},"end":{"line":7,"column":null}},{"start":{},"end":{}}],"line":7}},"s":{"0":29,"1":25,"2":4,"3":29,"4":1,"5":3,"6":7},"f":{"0":29,"1":7},"b":{"0":[25,4],"1":[4,1],"2":[1,28]},"meta":{"lastBranch":3,"lastFunction":2,"lastStatement":7,"seen":{"f:4:16:4:34":0,"b:5:2:5:Infinity:undefined:undefined:undefined:undefined":0,"s:5:2:5:Infinity":0,"s:5:15:5:Infinity":1,"s:6:16:6:Infinity":2,"b:6:16:6:62:6:62:6:Infinity":1,"b:7:2:7:Infinity:undefined:undefined:undefined:undefined":2,"s:7:2:7:Infinity":3,"s:7:26:7:Infinity":4,"s:8:2:8:Infinity":5,"f:8:23:8:31":1,"s:8:40:8:61":6},"fnNames":{}}}
,"/Users/simone/Developer/personal/gitlab/intech-consulting-app/web/mvp-dashboard/packages/kanban-model/src/draft.ts": {"path":"/Users/simone/Developer/personal/gitlab/intech-consulting-app/web/mvp-dashboard/packages/kanban-model/src/draft.ts","statementMap":{"0":{"start":{"line":45,"column":26},"end":{"line":45,"column":null}},"1":{"start":{"line":46,"column":2},"end":{"line":46,"column":null}},"2":{"start":{"line":46,"column":25},"end":{"line":46,"column":null}},"3":{"start":{"line":47,"column":19},"end":{"line":47,"column":null}},"4":{"start":{"line":48,"column":2},"end":{"line":50,"column":null}},"5":{"start":{"line":49,"column":4},"end":{"line":49,"column":null}},"6":{"start":{"line":49,"column":65},"end":{"line":49,"column":77}},"7":{"start":{"line":51,"column":2},"end":{"line":51,"column":null}},"8":{"start":{"line":67,"column":22},"end":{"line":67,"column":null}},"9":{"start":{"line":68,"column":2},"end":{"line":74,"column":null}},"10":{"start":{"line":78,"column":2},"end":{"line":85,"column":null}},"11":{"start":{"line":90,"column":2},"end":{"line":90,"column":null}},"12":{"start":{"line":90,"column":24},"end":{"line":90,"column":null}},"13":{"start":{"line":91,"column":2},"end":{"line":91,"column":null}},"14":{"start":{"line":91,"column":21},"end":{"line":91,"column":null}},"15":{"start":{"line":92,"column":2},"end":{"line":92,"column":null}},"16":{"start":{"line":96,"column":16},"end":{"line":99,"column":null}},"17":{"start":{"line":100,"column":2},"end":{"line":100,"column":null}}},"fnMap":{"0":{"name":"draftDescription","decl":{"start":{"line":44,"column":16},"end":{"line":44,"column":33}},"loc":{"start":{"line":44,"column":68},"end":{"line":52,"column":null}},"line":44},"1":{"name":"(anonymous_1)","decl":{"start":{"line":49,"column":54},"end":{"line":49,"column":59}},"loc":{"start":{"line":49,"column":65},"end":{"line":49,"column":77}},"line":49},"2":{"name":"draftPatch","decl":{"start":{"line":66,"column":16},"end":{"line":66,"column":27}},"loc":{"start":{"line":66,"column":66},"end":{"line":75,"column":null}},"line":66},"3":{"name":"costOf","decl":{"start":{"line":77,"column":16},"end":{"line":77,"column":23}},"loc":{"start":{"line":77,"column":60},"end":{"line":86,"column":null}},"line":77},"4":{"name":"formatCost","decl":{"start":{"line":89,"column":16},"end":{"line":89,"column":27}},"loc":{"start":{"line":89,"column":78},"end":{"line":93,"column":null}},"line":89},"5":{"name":"formatTokens","decl":{"start":{"line":95,"column":16},"end":{"line":95,"column":29}},"loc":{"start":{"line":95,"column":99},"end":{"line":101,"column":null}},"line":95}},"branchMap":{"0":{"loc":{"start":{"line":46,"column":2},"end":{"line":46,"column":null}},"type":"if","locations":[{"start":{"line":46,"column":2},"end":{"line":46,"column":null}},{"start":{},"end":{}}],"line":46},"1":{"loc":{"start":{"line":47,"column":19},"end":{"line":47,"column":null}},"type":"binary-expr","locations":[{"start":{"line":47,"column":19},"end":{"line":47,"column":48}},{"start":{"line":47,"column":48},"end":{"line":47,"column":null}}],"line":47},"2":{"loc":{"start":{"line":48,"column":2},"end":{"line":50,"column":null}},"type":"if","locations":[{"start":{"line":48,"column":2},"end":{"line":50,"column":null}},{"start":{},"end":{}}],"line":48},"3":{"loc":{"start":{"line":69,"column":8},"end":{"line":69,"column":null}},"type":"cond-expr","locations":[{"start":{"line":69,"column":22},"end":{"line":69,"column":47}},{"start":{"line":69,"column":47},"end":{"line":69,"column":null}}],"line":69},"4":{"loc":{"start":{"line":70,"column":8},"end":{"line":70,"column":null}},"type":"cond-expr","locations":[{"start":{"line":70,"column":22},"end":{"line":70,"column":40}},{"start":{"line":70,"column":40},"end":{"line":70,"column":null}}],"line":70},"5":{"loc":{"start":{"line":71,"column":8},"end":{"line":71,"column":null}},"type":"cond-expr","locations":[{"start":{"line":71,"column":25},"end":{"line":71,"column":56}},{"start":{"line":71,"column":56},"end":{"line":71,"column":null}}],"line":71},"6":{"loc":{"start":{"line":72,"column":8},"end":{"line":72,"column":null}},"type":"cond-expr","locations":[{"start":{"line":72,"column":62},"end":{"line":72,"column":89}},{"start":{"line":72,"column":89},"end":{"line":72,"column":null}}],"line":72},"7":{"loc":{"start":{"line":72,"column":8},"end":{"line":72,"column":62}},"type":"binary-expr","locations":[{"start":{"line":72,"column":8},"end":{"line":72,"column":33}},{"start":{"line":72,"column":33},"end":{"line":72,"column":62}}],"line":72},"8":{"loc":{"start":{"line":73,"column":8},"end":{"line":73,"column":null}},"type":"cond-expr","locations":[{"start":{"line":73,"column":54},"end":{"line":73,"column":85}},{"start":{"line":73,"column":85},"end":{"line":73,"column":null}}],"line":73},"9":{"loc":{"start":{"line":73,"column":8},"end":{"line":73,"column":54}},"type":"binary-expr","locations":[{"start":{"line":73,"column":8},"end":{"line":73,"column":26}},{"start":{"line":73,"column":26},"end":{"line":73,"column":54}}],"line":73},"10":{"loc":{"start":{"line":89,"column":51},"end":{"line":89,"column":78}},"type":"default-arg","locations":[{"start":{"line":89,"column":63},"end":{"line":89,"column":78}}],"line":89},"11":{"loc":{"start":{"line":90,"column":2},"end":{"line":90,"column":null}},"type":"if","locations":[{"start":{"line":90,"column":2},"end":{"line":90,"column":null}},{"start":{},"end":{}}],"line":90},"12":{"loc":{"start":{"line":91,"column":2},"end":{"line":91,"column":null}},"type":"if","locations":[{"start":{"line":91,"column":2},"end":{"line":91,"column":null}},{"start":{},"end":{}}],"line":91},"13":{"loc":{"start":{"line":92,"column":12},"end":{"line":92,"column":34}},"type":"cond-expr","locations":[{"start":{"line":92,"column":24},"end":{"line":92,"column":31}},{"start":{"line":92,"column":31},"end":{"line":92,"column":34}}],"line":92},"14":{"loc":{"start":{"line":97,"column":4},"end":{"line":97,"column":null}},"type":"binary-expr","locations":[{"start":{"line":97,"column":4},"end":{"line":97,"column":35}},{"start":{"line":97,"column":35},"end":{"line":97,"column":null}}],"line":97},"15":{"loc":{"start":{"line":98,"column":4},"end":{"line":98,"column":null}},"type":"binary-expr","locations":[{"start":{"line":98,"column":4},"end":{"line":98,"column":36}},{"start":{"line":98,"column":36},"end":{"line":98,"column":null}}],"line":98}},"s":{"0":4,"1":4,"2":2,"3":4,"4":4,"5":2,"6":3,"7":4,"8":2,"9":2,"10":1,"11":12,"12":0,"13":12,"14":0,"15":12,"16":12,"17":12},"f":{"0":4,"1":3,"2":2,"3":1,"4":12,"5":12},"b":{"0":[2,2],"1":[4,1],"2":[2,2],"3":[2,0],"4":[1,1],"5":[2,0],"6":[1,1],"7":[2,2],"8":[2,0],"9":[2,2],"10":[12],"11":[0,12],"12":[0,12],"13":[12,0],"14":[12,12],"15":[12,12]},"meta":{"lastBranch":16,"lastFunction":6,"lastStatement":18,"seen":{"f:44:16:44:33":0,"s:45:26:45:Infinity":0,"b:46:2:46:Infinity:undefined:undefined:undefined:undefined":0,"s:46:2:46:Infinity":1,"s:46:25:46:Infinity":2,"s:47:19:47:Infinity":3,"b:47:19:47:48:47:48:47:Infinity":1,"b:48:2:50:Infinity:undefined:undefined:undefined:undefined":2,"s:48:2:50:Infinity":4,"s:49:4:49:Infinity":5,"f:49:54:49:59":1,"s:49:65:49:77":6,"s:51:2:51:Infinity":7,"f:66:16:66:27":2,"s:67:22:67:Infinity":8,"s:68:2:74:Infinity":9,"b:69:22:69:47:69:47:69:Infinity":3,"b:70:22:70:40:70:40:70:Infinity":4,"b:71:25:71:56:71:56:71:Infinity":5,"b:72:62:72:89:72:89:72:Infinity":6,"b:72:8:72:33:72:33:72:62":7,"b:73:54:73:85:73:85:73:Infinity":8,"b:73:8:73:26:73:26:73:54":9,"f:77:16:77:23":3,"s:78:2:85:Infinity":10,"f:89:16:89:27":4,"b:89:63:89:78":10,"b:90:2:90:Infinity:undefined:undefined:undefined:undefined":11,"s:90:2:90:Infinity":11,"s:90:24:90:Infinity":12,"b:91:2:91:Infinity:undefined:undefined:undefined:undefined":12,"s:91:2:91:Infinity":13,"s:91:21:91:Infinity":14,"s:92:2:92:Infinity":15,"b:92:24:92:31:92:31:92:34":13,"f:95:16:95:29":5,"s:96:16:99:Infinity":16,"b:97:4:97:35:97:35:97:Infinity":14,"b:98:4:98:36:98:36:98:Infinity":15,"s:100:2:100:Infinity":17},"fnNames":{}}}
,"/Users/simone/Developer/personal/gitlab/intech-consulting-app/web/mvp-dashboard/packages/kanban-model/src/index.ts": {"path":"/Users/simone/Developer/personal/gitlab/intech-consulting-app/web/mvp-dashboard/packages/kanban-model/src/index.ts","statementMap":{},"fnMap":{},"branchMap":{},"s":{},"f":{},"b":{},"meta":{"lastBranch":0,"lastFunction":0,"lastStatement":0,"seen":{},"fnNames":{}}}
,"/Users/simone/Developer/personal/gitlab/intech-consulting-app/web/mvp-dashboard/packages/kanban-model/src/types.ts": {"path":"/Users/simone/Developer/personal/gitlab/intech-consulting-app/web/mvp-dashboard/packages/kanban-model/src/types.ts","statementMap":{},"fnMap":{},"branchMap":{},"s":{},"f":{},"b":{},"meta":{"lastBranch":0,"lastFunction":0,"lastStatement":0,"seen":{},"fnNames":{}}}
,"/Users/simone/Developer/personal/gitlab/intech-consulting-app/web/mvp-dashboard/packages/state/src/hooks.ts": {"path":"/Users/simone/Developer/personal/gitlab/intech-consulting-app/web/mvp-dashboard/packages/state/src/hooks.ts","statementMap":{"0":{"start":{"line":5,"column":30},"end":{"line":5,"column":null}},"1":{"start":{"line":6,"column":30},"end":{"line":6,"column":null}}},"fnMap":{},"branchMap":{},"s":{"0":15,"1":15},"f":{},"b":{},"meta":{"lastBranch":0,"lastFunction":0,"lastStatement":2,"seen":{"s:5:30:5:Infinity":0,"s:6:30:6:Infinity":1},"fnNames":{}}}
,"/Users/simone/Developer/personal/gitlab/intech-consulting-app/web/mvp-dashboard/packages/state/src/index.ts": {"path":"/Users/simone/Developer/personal/gitlab/intech-consulting-app/web/mvp-dashboard/packages/state/src/index.ts","statementMap":{},"fnMap":{},"branchMap":{},"s":{},"f":{},"b":{},"meta":{"lastBranch":0,"lastFunction":0,"lastStatement":0,"seen":{},"fnNames":{}}}
,"/Users/simone/Developer/personal/gitlab/intech-consulting-app/web/mvp-dashboard/packages/state/src/reducer.ts": {"path":"/Users/simone/Developer/personal/gitlab/intech-consulting-app/web/mvp-dashboard/packages/state/src/reducer.ts","statementMap":{"0":{"start":{"line":9,"column":27},"end":{"line":15,"column":null}}},"fnMap":{},"branchMap":{},"s":{"0":17},"f":{},"b":{},"meta":{"lastBranch":0,"lastFunction":0,"lastStatement":1,"seen":{"s:9:27:15:Infinity":0},"fnNames":{}}}
,"/Users/simone/Developer/personal/gitlab/intech-consulting-app/web/mvp-dashboard/packages/state/src/store.ts": {"path":"/Users/simone/Developer/personal/gitlab/intech-consulting-app/web/mvp-dashboard/packages/state/src/store.ts","statementMap":{"0":{"start":{"line":7,"column":13},"end":{"line":22,"column":null}},"1":{"start":{"line":8,"column":16},"end":{"line":12,"column":null}},"2":{"start":{"line":11,"column":6},"end":{"line":11,"column":null}},"3":{"start":{"line":13,"column":21},"end":{"line":13,"column":null}},"4":{"start":{"line":14,"column":2},"end":{"line":20,"column":null}},"5":{"start":{"line":15,"column":21},"end":{"line":15,"column":null}},"6":{"start":{"line":16,"column":4},"end":{"line":19,"column":null}},"7":{"start":{"line":17,"column":6},"end":{"line":17,"column":null}},"8":{"start":{"line":18,"column":6},"end":{"line":18,"column":null}},"9":{"start":{"line":21,"column":2},"end":{"line":21,"column":null}}},"fnMap":{"0":{"name":"(anonymous_0)","decl":{"start":{"line":7,"column":13},"end":{"line":7,"column":33}},"loc":{"start":{"line":7,"column":33},"end":{"line":22,"column":null}},"line":7},"1":{"name":"(anonymous_1)","decl":{"start":{"line":10,"column":4},"end":{"line":10,"column":17}},"loc":{"start":{"line":11,"column":6},"end":{"line":11,"column":null}},"line":11},"2":{"name":"(anonymous_2)","decl":{"start":{"line":14,"column":8},"end":{"line":14,"column":24}},"loc":{"start":{"line":14,"column":24},"end":{"line":20,"column":3}},"line":14}},"branchMap":{"0":{"loc":{"start":{"line":16,"column":4},"end":{"line":19,"column":null}},"type":"if","locations":[{"start":{"line":16,"column":4},"end":{"line":19,"column":null}},{"start":{},"end":{}}],"line":16}},"s":{"0":17,"1":49,"2":49,"3":49,"4":49,"5":241,"6":241,"7":5,"8":5,"9":49},"f":{"0":49,"1":49,"2":241},"b":{"0":[5,236]},"meta":{"lastBranch":1,"lastFunction":3,"lastStatement":10,"seen":{"s:7:13:22:Infinity":0,"f:7:13:7:33":0,"s:8:16:12:Infinity":1,"f:10:4:10:17":1,"s:11:6:11:Infinity":2,"s:13:21:13:Infinity":3,"s:14:2:20:Infinity":4,"f:14:8:14:24":2,"s:15:21:15:Infinity":5,"b:16:4:19:Infinity:undefined:undefined:undefined:undefined":0,"s:16:4:19:Infinity":6,"s:17:6:17:Infinity":7,"s:18:6:18:Infinity":8,"s:21:2:21:Infinity":9},"fnNames":{}}}
,"/Users/simone/Developer/personal/gitlab/intech-consulting-app/web/mvp-dashboard/packages/state/src/api/aiConfigApi.ts": {"path":"/Users/simone/Developer/personal/gitlab/intech-consulting-app/web/mvp-dashboard/packages/state/src/api/aiConfigApi.ts","statementMap":{"0":{"start":{"line":38,"column":59},"end":{"line":45,"column":null}},"1":{"start":{"line":48,"column":56},"end":{"line":48,"column":null}},"2":{"start":{"line":50,"column":68},"end":{"line":57,"column":null}},"3":{"start":{"line":59,"column":27},"end":{"line":83,"column":null}},"4":{"start":{"line":60,"column":25},"end":{"line":82,"column":null}},"5":{"start":{"line":63,"column":19},"end":{"line":63,"column":null}},"6":{"start":{"line":67,"column":32},"end":{"line":67,"column":null}},"7":{"start":{"line":71,"column":22},"end":{"line":71,"column":null}},"8":{"start":{"line":75,"column":31},"end":{"line":79,"column":null}},"9":{"start":{"line":90,"column":4},"end":{"line":90,"column":null}}},"fnMap":{"0":{"name":"(anonymous_0)","decl":{"start":{"line":60,"column":2},"end":{"line":60,"column":14}},"loc":{"start":{"line":60,"column":25},"end":{"line":82,"column":null}},"line":60},"1":{"name":"(anonymous_1)","decl":{"start":{"line":63,"column":6},"end":{"line":63,"column":19}},"loc":{"start":{"line":63,"column":19},"end":{"line":63,"column":null}},"line":63},"2":{"name":"(anonymous_2)","decl":{"start":{"line":67,"column":6},"end":{"line":67,"column":14}},"loc":{"start":{"line":67,"column":32},"end":{"line":67,"column":null}},"line":67},"3":{"name":"(anonymous_3)","decl":{"start":{"line":71,"column":6},"end":{"line":71,"column":14}},"loc":{"start":{"line":71,"column":22},"end":{"line":71,"column":null}},"line":71},"4":{"name":"(anonymous_4)","decl":{"start":{"line":75,"column":6},"end":{"line":75,"column":14}},"loc":{"start":{"line":75,"column":31},"end":{"line":79,"column":null}},"line":75}},"branchMap":{},"s":{"0":15,"1":15,"2":15,"3":15,"4":15,"5":19,"6":3,"7":1,"8":1,"9":15},"f":{"0":15,"1":19,"2":3,"3":1,"4":1},"b":{},"meta":{"lastBranch":0,"lastFunction":5,"lastStatement":10,"seen":{"s:38:59:45:Infinity":0,"s:48:56:48:Infinity":1,"s:50:68:57:Infinity":2,"s:59:27:83:Infinity":3,"f:60:2:60:14":0,"s:60:25:82:Infinity":4,"f:63:6:63:19":1,"s:63:19:63:Infinity":5,"f:67:6:67:14":2,"s:67:32:67:Infinity":6,"f:71:6:71:14":3,"s:71:22:71:Infinity":7,"f:75:6:75:14":4,"s:75:31:79:Infinity":8,"s:90:4:90:Infinity":9},"fnNames":{}}}
,"/Users/simone/Developer/personal/gitlab/intech-consulting-app/web/mvp-dashboard/packages/state/src/api/baseApi.ts": {"path":"/Users/simone/Developer/personal/gitlab/intech-consulting-app/web/mvp-dashboard/packages/state/src/api/baseApi.ts","statementMap":{"0":{"start":{"line":11,"column":6},"end":{"line":18,"column":null}},"1":{"start":{"line":16,"column":20},"end":{"line":16,"column":null}},"2":{"start":{"line":17,"column":2},"end":{"line":17,"column":null}},"3":{"start":{"line":21,"column":23},"end":{"line":26,"column":null}},"4":{"start":{"line":25,"column":20},"end":{"line":25,"column":null}},"5":{"start":{"line":34,"column":2},"end":{"line":37,"column":null}},"6":{"start":{"line":35,"column":18},"end":{"line":35,"column":null}},"7":{"start":{"line":36,"column":4},"end":{"line":36,"column":null}},"8":{"start":{"line":36,"column":23},"end":{"line":36,"column":null}},"9":{"start":{"line":38,"column":2},"end":{"line":38,"column":null}}},"fnMap":{"0":{"name":"(anonymous_0)","decl":{"start":{"line":11,"column":6},"end":{"line":11,"column":null}},"loc":{"start":{"line":15,"column":5},"end":{"line":18,"column":null}},"line":15},"1":{"name":"(anonymous_1)","decl":{"start":{"line":25,"column":2},"end":{"line":25,"column":20}},"loc":{"start":{"line":25,"column":20},"end":{"line":25,"column":null}},"line":25},"2":{"name":"errorMessage","decl":{"start":{"line":33,"column":16},"end":{"line":33,"column":29}},"loc":{"start":{"line":33,"column":53},"end":{"line":39,"column":null}},"line":33}},"branchMap":{"0":{"loc":{"start":{"line":34,"column":2},"end":{"line":37,"column":null}},"type":"if","locations":[{"start":{"line":34,"column":2},"end":{"line":37,"column":null}},{"start":{},"end":{}}],"line":34},"1":{"loc":{"start":{"line":34,"column":6},"end":{"line":34,"column":70}},"type":"binary-expr","locations":[{"start":{"line":34,"column":6},"end":{"line":34,"column":35}},{"start":{"line":34,"column":35},"end":{"line":34,"column":53}},{"start":{"line":34,"column":53},"end":{"line":34,"column":70}}],"line":34},"2":{"loc":{"start":{"line":36,"column":4},"end":{"line":36,"column":null}},"type":"if","locations":[{"start":{"line":36,"column":4},"end":{"line":36,"column":null}},{"start":{},"end":{}}],"line":36}},"s":{"0":17,"1":167,"2":167,"3":17,"4":17,"5":8,"6":8,"7":8,"8":8,"9":0},"f":{"0":167,"1":17,"2":8},"b":{"0":[8,0],"1":[8,8,8],"2":[8,0]},"meta":{"lastBranch":3,"lastFunction":3,"lastStatement":10,"seen":{"s:11:6:18:Infinity":0,"f:11:6:11:Infinity":0,"s:16:20:16:Infinity":1,"s:17:2:17:Infinity":2,"s:21:23:26:Infinity":3,"f:25:2:25:20":1,"s:25:20:25:Infinity":4,"f:33:16:33:29":2,"b:34:2:37:Infinity:undefined:undefined:undefined:undefined":0,"s:34:2:37:Infinity":5,"b:34:6:34:35:34:35:34:53:34:53:34:70":1,"s:35:18:35:Infinity":6,"b:36:4:36:Infinity:undefined:undefined:undefined:undefined":2,"s:36:4:36:Infinity":7,"s:36:23:36:Infinity":8,"s:38:2:38:Infinity":9},"fnNames":{}}}
,"/Users/simone/Developer/personal/gitlab/intech-consulting-app/web/mvp-dashboard/packages/state/src/api/healthApi.ts": {"path":"/Users/simone/Developer/personal/gitlab/intech-consulting-app/web/mvp-dashboard/packages/state/src/api/healthApi.ts","statementMap":{"0":{"start":{"line":7,"column":25},"end":{"line":12,"column":null}},"1":{"start":{"line":8,"column":25},"end":{"line":11,"column":null}},"2":{"start":{"line":10,"column":53},"end":{"line":10,"column":62}},"3":{"start":{"line":14,"column":34},"end":{"line":14,"column":null}}},"fnMap":{"0":{"name":"(anonymous_0)","decl":{"start":{"line":8,"column":2},"end":{"line":8,"column":14}},"loc":{"start":{"line":8,"column":25},"end":{"line":11,"column":null}},"line":8},"1":{"name":"(anonymous_1)","decl":{"start":{"line":10,"column":40},"end":{"line":10,"column":53}},"loc":{"start":{"line":10,"column":53},"end":{"line":10,"column":62}},"line":10}},"branchMap":{},"s":{"0":15,"1":15,"2":4,"3":15},"f":{"0":15,"1":4},"b":{},"meta":{"lastBranch":0,"lastFunction":2,"lastStatement":4,"seen":{"s:7:25:12:Infinity":0,"f:8:2:8:14":0,"s:8:25:11:Infinity":1,"f:10:40:10:53":1,"s:10:53:10:62":2,"s:14:34:14:Infinity":3},"fnNames":{}}}
,"/Users/simone/Developer/personal/gitlab/intech-consulting-app/web/mvp-dashboard/packages/state/src/api/kanbanApi.ts": {"path":"/Users/simone/Developer/personal/gitlab/intech-consulting-app/web/mvp-dashboard/packages/state/src/api/kanbanApi.ts","statementMap":{"0":{"start":{"line":31,"column":18},"end":{"line":31,"column":null}},"1":{"start":{"line":34,"column":13},"end":{"line":34,"column":null}},"2":{"start":{"line":34,"column":45},"end":{"line":34,"column":null}},"3":{"start":{"line":36,"column":25},"end":{"line":204,"column":null}},"4":{"start":{"line":37,"column":25},"end":{"line":203,"column":null}},"5":{"start":{"line":39,"column":28},"end":{"line":39,"column":null}},"6":{"start":{"line":40,"column":48},"end":{"line":40,"column":null}},"7":{"start":{"line":41,"column":52},"end":{"line":41,"column":null}},"8":{"start":{"line":52,"column":42},"end":{"line":56,"column":null}},"9":{"start":{"line":57,"column":59},"end":{"line":57,"column":null}},"10":{"start":{"line":68,"column":51},"end":{"line":72,"column":null}},"11":{"start":{"line":73,"column":59},"end":{"line":73,"column":null}},"12":{"start":{"line":77,"column":42},"end":{"line":80,"column":null}},"13":{"start":{"line":81,"column":59},"end":{"line":81,"column":null}},"14":{"start":{"line":84,"column":48},"end":{"line":88,"column":null}},"15":{"start":{"line":89,"column":59},"end":{"line":89,"column":null}},"16":{"start":{"line":93,"column":8},"end":{"line":93,"column":null}},"17":{"start":{"line":95,"column":8},"end":{"line":95,"column":null}},"18":{"start":{"line":95,"column":39},"end":{"line":95,"column":62}},"19":{"start":{"line":96,"column":54},"end":{"line":96,"column":null}},"20":{"start":{"line":102,"column":51},"end":{"line":106,"column":null}},"21":{"start":{"line":107,"column":57},"end":{"line":107,"column":null}},"22":{"start":{"line":119,"column":61},"end":{"line":123,"column":null}},"23":{"start":{"line":124,"column":57},"end":{"line":124,"column":null}},"24":{"start":{"line":128,"column":52},"end":{"line":131,"column":null}},"25":{"start":{"line":132,"column":57},"end":{"line":135,"column":null}},"26":{"start":{"line":139,"column":8},"end":{"line":139,"column":null}},"27":{"start":{"line":140,"column":47},"end":{"line":140,"column":null}},"28":{"start":{"line":141,"column":54},"end":{"line":141,"column":null}},"29":{"start":{"line":155,"column":91},"end":{"line":165,"column":null}},"30":{"start":{"line":166,"column":57},"end":{"line":166,"column":null}},"31":{"start":{"line":169,"column":60},"end":{"line":173,"column":null}},"32":{"start":{"line":174,"column":57},"end":{"line":174,"column":null}},"33":{"start":{"line":177,"column":57},"end":{"line":181,"column":null}},"34":{"start":{"line":182,"column":64},"end":{"line":185,"column":null}},"35":{"start":{"line":188,"column":60},"end":{"line":192,"column":null}},"36":{"start":{"line":193,"column":57},"end":{"line":193,"column":null}},"37":{"start":{"line":197,"column":50},"end":{"line":200,"column":null}},"38":{"start":{"line":201,"column":57},"end":{"line":201,"column":null}},"39":{"start":{"line":222,"column":4},"end":{"line":222,"column":null}}},"fnMap":{"0":{"name":"(anonymous_0)","decl":{"start":{"line":34,"column":13},"end":{"line":34,"column":23}},"loc":{"start":{"line":34,"column":45},"end":{"line":34,"column":null}},"line":34},"1":{"name":"(anonymous_1)","decl":{"start":{"line":37,"column":2},"end":{"line":37,"column":14}},"loc":{"start":{"line":37,"column":25},"end":{"line":203,"column":null}},"line":37},"2":{"name":"(anonymous_2)","decl":{"start":{"line":39,"column":6},"end":{"line":39,"column":14}},"loc":{"start":{"line":39,"column":28},"end":{"line":39,"column":null}},"line":39},"3":{"name":"(anonymous_3)","decl":{"start":{"line":40,"column":6},"end":{"line":40,"column":26}},"loc":{"start":{"line":40,"column":48},"end":{"line":40,"column":null}},"line":40},"4":{"name":"(anonymous_4)","decl":{"start":{"line":41,"column":6},"end":{"line":41,"column":21}},"loc":{"start":{"line":41,"column":52},"end":{"line":41,"column":null}},"line":41},"5":{"name":"(anonymous_5)","decl":{"start":{"line":52,"column":6},"end":{"line":52,"column":14}},"loc":{"start":{"line":52,"column":42},"end":{"line":56,"column":null}},"line":52},"6":{"name":"(anonymous_6)","decl":{"start":{"line":57,"column":6},"end":{"line":57,"column":24}},"loc":{"start":{"line":57,"column":59},"end":{"line":57,"column":null}},"line":57},"7":{"name":"(anonymous_7)","decl":{"start":{"line":68,"column":6},"end":{"line":68,"column":14}},"loc":{"start":{"line":68,"column":51},"end":{"line":72,"column":null}},"line":68},"8":{"name":"(anonymous_8)","decl":{"start":{"line":73,"column":6},"end":{"line":73,"column":24}},"loc":{"start":{"line":73,"column":59},"end":{"line":73,"column":null}},"line":73},"9":{"name":"(anonymous_9)","decl":{"start":{"line":77,"column":6},"end":{"line":77,"column":14}},"loc":{"start":{"line":77,"column":42},"end":{"line":80,"column":null}},"line":77},"10":{"name":"(anonymous_10)","decl":{"start":{"line":81,"column":6},"end":{"line":81,"column":24}},"loc":{"start":{"line":81,"column":59},"end":{"line":81,"column":null}},"line":81},"11":{"name":"(anonymous_11)","decl":{"start":{"line":84,"column":6},"end":{"line":84,"column":14}},"loc":{"start":{"line":84,"column":48},"end":{"line":88,"column":null}},"line":84},"12":{"name":"(anonymous_12)","decl":{"start":{"line":89,"column":6},"end":{"line":89,"column":24}},"loc":{"start":{"line":89,"column":59},"end":{"line":89,"column":null}},"line":89},"13":{"name":"(anonymous_13)","decl":{"start":{"line":92,"column":6},"end":{"line":92,"column":14}},"loc":{"start":{"line":93,"column":8},"end":{"line":93,"column":null}},"line":93},"14":{"name":"(anonymous_14)","decl":{"start":{"line":94,"column":6},"end":{"line":94,"column":26}},"loc":{"start":{"line":95,"column":8},"end":{"line":95,"column":null}},"line":95},"15":{"name":"(anonymous_15)","decl":{"start":{"line":95,"column":24},"end":{"line":95,"column":30}},"loc":{"start":{"line":95,"column":39},"end":{"line":95,"column":62}},"line":95},"16":{"name":"(anonymous_16)","decl":{"start":{"line":96,"co
[...]
":353,"column":null}}],"line":353},"47":{"loc":{"start":{"line":366,"column":9},"end":{"line":366,"column":null}},"type":"binary-expr","locations":[{"start":{"line":366,"column":9},"end":{"line":366,"column":25}},{"start":{"line":366,"column":25},"end":{"line":366,"column":null}}],"line":366},"48":{"loc":{"start":{"line":371,"column":42},"end":{"line":371,"column":null}},"type":"binary-expr","locations":[{"start":{"line":371,"column":42},"end":{"line":371,"column":54}},{"start":{"line":371,"column":54},"end":{"line":371,"column":null}}],"line":371},"49":{"loc":{"start":{"line":372,"column":13},"end":{"line":372,"column":null}},"type":"cond-expr","locations":[{"start":{"line":372,"column":24},"end":{"line":372,"column":33}},{"start":{"line":372,"column":33},"end":{"line":372,"column":null}}],"line":372}},"s":{"0":88,"1":88,"2":88,"3":88,"4":88,"5":4,"6":88,"7":1,"8":17,"9":2,"10":1,"11":1,"12":1,"13":1,"14":1,"15":3,"16":3,"17":60,"18":60,"19":60,"20":60,"21":60,"22":60,"23":60,"24":60,"25":60,"26":60,"27":60,"28":60,"29":60,"30":60,"31":3,"32":3,"33":0,"34":3,"35":3,"36":3,"37":3,"38":60,"39":3,"40":6,"41":0,"42":360,"43":20,"44":15,"45":0,"46":9,"47":1,"48":0,"49":1,"50":2},"f":{"0":88,"1":4,"2":1,"3":17,"4":2,"5":1,"6":1,"7":1,"8":1,"9":60,"10":3,"11":3,"12":6,"13":0,"14":360,"15":20,"16":15,"17":0,"18":9,"19":1,"20":0,"21":1,"22":2},"b":{"0":[88,19],"1":[88,0],"2":[88,57],"3":[88,69,12],"4":[17,12],"5":[17,0],"6":[17,0],"7":[16,1],"8":[17,7],"9":[6,11],"10":[10,1],"11":[88,1],"12":[88,2],"13":[88,2],"14":[1,0],"15":[60,41],"16":[60,41],"17":[60,41],"18":[60,41],"19":[60,60],"20":[60,0],"21":[60,41],"22":[0,60],"23":[0,60],"24":[0,3],"25":[3,0],"26":[0,3],"27":[3,3],"28":[3,0],"29":[2,1],"30":[3,2],"31":[1,0],"32":[1,0],"33":[1,2],"34":[1,1],"35":[3,0],"36":[19,41],"37":[60,1,0],"38":[60,1],"39":[60,60],"40":[60,60],"41":[19,41],"42":[60,19],"43":[0,60],"44":[60,0],"45":[0,60],"46":[60,0],"47":[60,0],"48":[60,59],"49":[19,41]},"meta":{"lastBranch":50,"lastFunction":23,"lastStatement":51,"seen":{"f:34:16:34:34":0,"s:35:37:35:57":0,"s:36:23:36:55":1,"s:37:28:37:56":2,"s:38:30:38:47":3,"s:39:8:41:Infinity":4,"f:39:8:39:22":1,"s:40:4:40:Infinity":5,"s:43:2:150:Infinity":6,"f:50:10:50:25":2,"s:51:12:51:Infinity":7,"b:64:7:64:20:64:20:64:Infinity":0,"b:65:7:65:Infinity:66:8:68:Infinity":1,"b:70:7:70:39:70:39:70:Infinity":2,"b:71:7:71:15:71:15:71:Infinity:72:8:132:Infinity":3,"f:73:26:73:31":3,"s:74:12:130:Infinity":8,"b:81:17:81:Infinity:82:18:84:Infinity":4,"b:88:19:88:40:88:40:88:Infinity":5,"b:89:19:89:Infinity:90:20:90:Infinity":6,"b:95:76:95:88:95:88:95:Infinity":7,"b:95:18:95:42:95:42:95:76":8,"b:99:20:99:Infinity:100:20:102:Infinity":9,"b:101:22:101:Infinity:102:22:102:Infinity":10,"f:109:20:109:36":4,"s:110:22:110:Infinity":9,"f:116:20:116:36":5,"s:117:22:117:Infinity":10,"f:124:20:124:36":6,"s:125:22:125:Infinity":11,"b:134:7:134:33:134:33:134:Infinity":11,"b:135:7:135:34:135:34:135:Infinity":12,"b:136:7:136:Infinity:137:8:148:Infinity":13,"f:142:10:142:27":7,"s:143:12:145:Infinity":12,"f:143:44:143:50":8,"b:144:14:144:Infinity:undefined:undefined:undefined:undefined":14,"s:144:14:144:Infinity":13,"s:144:40:144:Infinity":14,"s:154:14:154:Infinity":15,"s:156:58:163:Infinity":16,"f:165:9:165:24":9,"s:172:22:172:Infinity":17,"b:172:31:172:47:172:47:172:49":15,"s:173:26:173:Infinity":18,"b:173:51:173:69:173:69:173:80":16,"s:174:26:174:Infinity":19,"b:174:35:174:53:174:53:174:55":17,"s:175:28:175:Infinity":20,"b:175:37:175:56:175:56:175:58":18,"s:176:32:176:Infinity":21,"b:176:41:176:63:176:63:176:65":19,"s:177:30:177:Infinity":22,"s:178:34:178:Infinity":23,"s:179:36:181:Infinity":24,"b:180:49:180:54:180:54:180:Infinity":20,"b:180:4:180:37:180:37:180:49":21,"s:182:38:184:Infinity":25,"b:183:24:183:69:183:69:183:Infinity":22,"s:185:40:187:Infinity":26,"b:186:24:186:70:186:70:186:Infinity":23,"s:188:27:188:55":27,"s:189:18:189:Infinity":28,"s:190:19:190:Infinity":29,"s:193:17:213:Infinity":30,"f:193:17:193:24":10,"s:194:4:194:Infinity":31,"b:195:4:195:Infinity:undefined:undefined:undefined:undefined":24,"s:195:4:195:Infinity":32,"s:195:18:195:Infinity":33,"s:196:17:210:Infinity":34,"b:198:12:198:27:198:27:198:Infinity":25,"b:200:58:200:75:200:75:200:Infinity":26,"b:200:16:200:34:200:34:200:58":27,"b:201:37:201:44:201:44:201:Infinity":28,"b:204:12:204:Infinity:205:12:208:Infinity":29,"b:203:8:203:29:203:29:203:Infinity":30,"b:206:40:206:54:206:54:206:55":31,"b:207:41:207:56:207:56:207:57":32,"b:209:21:209:39:209:39:209:Infinity":33,"b:209:48:209:70:209:70:209:Infinity":34,"s:211:20:211:Infinity":35,"b:212:4:212:Infinity:undefined:undefined:undefined:undefined":35,"s:212:4:212:Infinity":36,"s:212:22:212:Infinity":37,"s:215:2:376:Infinity":38,"b:216:29:216:55:216:55:216:83":36,"f:218:8:218:19":11,"s:219:10:219:Infinity":39,"f:231:12:231:23":12,"s:232:14:232:Infinity":40,"f:240:12:240:23":13,"s:241:14:241:Infinity":41,"f:244:19:244:24":14,"s:245:14:247:Infinity":42,"b:251:9:251:21:251:21:251:Infinity:252:10:252:Infinity":37,"b:258:25:258:31:258:31:258:Infinity":38,"f:261:12:261:23":15,"s:262:14:262:Infinity":43,"f:272:12:272:23":16,"s:273:14:273:Infinity":44,"b:277:9:277:Infinity:278:10:287:Infinity":39,"f:284:12:284:23":17,"s:285:14:285:Infinity":45,"b:289:9:289:Infinity:290:10:317:Infinity":40,"b:294:40:294:89:294:89:294:Infinity":41,"f:301:14:301:25":18,"s:302:16:302:Infinity":46,"b:305:13:305:Infinity:306:14:317:Infinity":42,"f:310:18:310:29":19,"s:311:20:311:Infinity":47,"f:327:12:327:23":20,"s:328:14:328:Infinity":48,"b:338:39:338:62:338:62:338:Infinity":43,"b:338:86:338:92:338:92:338:Infinity":44,"f:342:12:342:23":21,"s:343:14:343:Infinity":49,"b:353:39:353:62:353:62:353:Infinity":45,"b:353:86:353:93:353:93:353:Infinity":46,"f:357:12:357:23":22,"s:358:14:358:Infinity":50,"b:366:9:366:25:366:25:366:Infinity":47,"b:371:42:371:54:371:54:371:Infinity":48,"b:372:24:372:33:372:33:372:Infinity":49},"fnNames":{}}}
,"/Users/simone/Developer/personal/gitlab/intech-consulting-app/web/mvp-dashboard/src/plugins/settings/ServerSettingsCard.tsx": {"path":"/Users/simone/Developer/personal/gitlab/intech-consulting-app/web/mvp-dashboard/src/plugins/settings/ServerSettingsCard.tsx","statementMap":{"0":{"start":{"line":14,"column":37},"end":{"line":14,"column":63}},"1":{"start":{"line":15,"column":27},"end":{"line":15,"column":59}},"2":{"start":{"line":16,"column":2},"end":{"line":36,"column":null}},"3":{"start":{"line":32,"column":12},"end":{"line":32,"column":null}},"4":{"start":{"line":49,"column":32},"end":{"line":49,"column":null}},"5":{"start":{"line":50,"column":32},"end":{"line":50,"column":null}},"6":{"start":{"line":52,"column":4},"end":{"line":53,"column":null}},"7":{"start":{"line":55,"column":8},"end":{"line":58,"column":null}},"8":{"start":{"line":56,"column":4},"end":{"line":56,"column":null}},"9":{"start":{"line":57,"column":4},"end":{"line":57,"column":null}},"10":{"start":{"line":60,"column":2},"end":{"line":96,"column":null}},"11":{"start":{"line":71,"column":10},"end":{"line":71,"column":null}},"12":{"start":{"line":84,"column":10},"end":{"line":84,"column":null}}},"fnMap":{"0":{"name":"ServerSettingsCard","decl":{"start":{"line":13,"column":16},"end":{"line":13,"column":37}},"loc":{"start":{"line":13,"column":37},"end":{"line":38,"column":null}},"line":13},"1":{"name":"(anonymous_1)","decl":{"start":{"line":31,"column":10},"end":{"line":31,"column":19}},"loc":{"start":{"line":31,"column":29},"end":{"line":33,"column":null}},"line":31},"2":{"name":"ServerSettingsForm","decl":{"start":{"line":48,"column":9},"end":{"line":48,"column":28}},"loc":{"start":{"line":48,"column":87},"end":{"line":98,"column":null}},"line":48},"3":{"name":"(anonymous_3)","decl":{"start":{"line":55,"column":8},"end":{"line":55,"column":16}},"loc":{"start":{"line":55,"column":42},"end":{"line":58,"column":null}},"line":55},"4":{"name":"(anonymous_4)","decl":{"start":{"line":70,"column":8},"end":{"line":70,"column":19}},"loc":{"start":{"line":70,"column":25},"end":{"line":72,"column":null}},"line":70},"5":{"name":"(anonymous_5)","decl":{"start":{"line":83,"column":8},"end":{"line":83,"column":19}},"loc":{"start":{"line":83,"column":25},"end":{"line":85,"column":null}},"line":83}},"branchMap":{"0":{"loc":{"start":{"line":18,"column":7},"end":{"line":18,"column":null}},"type":"binary-expr","locations":[{"start":{"line":18,"column":7},"end":{"line":18,"column":20}},{"start":{"line":18,"column":20},"end":{"line":18,"column":null}}],"line":18},"1":{"loc":{"start":{"line":19,"column":7},"end":{"line":22,"column":null}},"type":"binary-expr","locations":[{"start":{"line":19,"column":7},"end":{"line":19,"column":null}},{"start":{"line":20,"column":8},"end":{"line":22,"column":null}}],"line":19},"2":{"loc":{"start":{"line":24,"column":7},"end":{"line":34,"column":null}},"type":"binary-expr","locations":[{"start":{"line":24,"column":7},"end":{"line":24,"column":null}},{"start":{"line":25,"column":8},"end":{"line":34,"column":null}}],"line":24},"3":{"loc":{"start":{"line":52,"column":4},"end":{"line":53,"column":null}},"type":"binary-expr","locations":[{"start":{"line":52,"column":4},"end":{"line":52,"column":null}},{"start":{"line":53,"column":4},"end":{"line":53,"column":null}}],"line":52},"4":{"loc":{"start":{"line":91,"column":7},"end":{"line":91,"column":null}},"type":"binary-expr","locations":[{"start":{"line":91,"column":7},"end":{"line":91,"column":34}},{"start":{"line":91,"column":34},"end":{"line":91,"column":null}}],"line":91},"5":{"loc":{"start":{"line":92,"column":7},"end":{"line":92,"column":null}},"type":"binary-expr","locations":[{"start":{"line":92,"column":7},"end":{"line":92,"column":16}},{"start":{"line":92,"column":16},"end":{"line":92,"column":26}},{"start":{"line":92,"column":26},"end":{"line":92,"column":null}}],"line":92},"6":{"loc":{"start":{"line":93,"column":38},"end":{"line":93,"column":56}},"type":"binary-expr","locations":[{"start":{"line":93,"column":38},"end":{"line":93,"column":48}},{"start":{"line":93,"column":48},"end":{"line":93,"column":56}}],"line":93}},"s":{"0":78,"1":78,"2":78,"3":2,"4":87,"5":87,"6":87,"7":87,"8":2,"9":2,"10":87,"11":1,"12":25},"f":{"0":78,"1":2,"2":87,"3":2,"4":1,"5":25},"b":{"0":[78,17],"1":[78,0],"2":[78,61],"3":[87,64],"4":[87,1],"5":[87,1,1],"6":[87,29]},"meta":{"lastBranch":7,"lastFunction":6,"lastStatement":13,"seen":{"f:13:16:13:37":0,"s:14:37:14:63":0,"s:15:27:15:59":1,"s:16:2:36:Infinity":2,"b:18:7:18:20:18:20:18:Infinity":0,"b:19:7:19:Infinity:20:8:22:Infinity":1,"b:24:7:24:Infinity:25:8:34:Infinity":2,"f:31:10:31:19":1,"s:32:12:32:Infinity":3,"f:48:9:48:28":2,"s:49:32:49:Infinity":4,"s:50:32:50:Infinity":5,"s:52:4:53:Infinity":6,"b:52:4:52:Infinity:53:4:53:Infinity":3,"s:55:8:58:Infinity":7,"f:55:8:55:16":3,"s:56:4:56:Infinity":8,"s:57:4:57:Infinity":9,"s:60:2:96:Infinity":10,"f:70:8:70:19":4,"s:71:10:71:Infinity":11,"f:83:8:83:19":5,"s:84:10:84:Infinity":12,"b:91:7:91:34:91:34:91:Infinity":4,"b:92:7:92:16:92:16:92:26:92:26:92:Infinity":5,"b:93:38:93:48:93:48:93:56":6},"fnNames":{}}}
,"/Users/simone/Developer/personal/gitlab/intech-consulting-app/web/mvp-dashboard/src/plugins/settings/SettingsPage.tsx": {"path":"/Users/simone/Developer/personal/gitlab/intech-consulting-app/web/mvp-dashboard/src/plugins/settings/SettingsPage.tsx","statementMap":{"0":{"start":{"line":24,"column":19},"end":{"line":24,"column":34}},"1":{"start":{"line":25,"column":20},"end":{"line":25,"column":null}},"2":{"start":{"line":26,"column":28},"end":{"line":26,"column":null}},"3":{"start":{"line":27,"column":28},"end":{"line":27,"column":44}},"4":{"start":{"line":28,"column":34},"end":{"line":28,"column":null}},"5":{"start":{"line":29,"column":21},"end":{"line":29,"column":null}},"6":{"start":{"line":30,"column":18},"end":{"line":30,"column":null}},"7":{"start":{"line":32,"column":8},"end":{"line":41,"column":null}},"8":{"start":{"line":33,"column":4},"end":{"line":33,"column":null}},"9":{"start":{"line":34,"column":4},"end":{"line":34,"column":null}},"10":{"start":{"line":35,"column":4},"end":{"line":35,"column":null}},"11":{"start":{"line":36,"column":4},"end":{"line":40,"column":null}},"12":{"start":{"line":43,"column":8},"end":{"line":47,"column":null}},"13":{"start":{"line":44,"column":4},"end":{"line":44,"column":null}},"14":{"start":{"line":45,"column":4},"end":{"line":45,"column":null}},"15":{"start":{"line":45,"column":29},"end":{"line":45,"column":null}},"16":{"start":{"line":46,"column":4},"end":{"line":46,"column":null}},"17":{"start":{"line":49,"column":15},"end":{"line":64,"column":null}},"18":{"start":{"line":50,"column":4},"end":{"line":50,"column":null}},"19":{"start":{"line":50,"column":29},"end":{"line":50,"column":null}},"20":{"start":{"line":51,"column":4},"end":{"line":51,"column":null}},"21":{"start":{"line":52,"column":4},"end":{"line":63,"column":null}},"22":{"start":{"line":53,"column":23},"end":{"line":53,"column":null}},"23":{"start":{"line":54,"column":6},"end":{"line":58,"column":null}},"24":{"start":{"line":60,"column":6},"end":{"line":60,"column":null}},"25":{"start":{"line":62,"column":6},"end":{"line":62,"column":null}},"26":{"start":{"line":66,"column":2},"end":{"line":129,"column":null}},"27":{"start":{"line":77,"column":14},"end":{"line":77,"column":null}},"28":{"start":{"line":97,"column":16},"end":{"line":97,"column":null}},"29":{"start":{"line":107,"column":16},"end":{"line":107,"column":null}}},"fnMap":{"0":{"name":"SettingsPage","decl":{"start":{"line":23,"column":16},"end":{"line":23,"column":31}},"loc":{"start":{"line":23,"column":31},"end":{"line":131,"column":null}},"line":23},"1":{"name":"(anonymous_1)","decl":{"start":{"line":32,"column":8},"end":{"line":32,"column":17}},"loc":{"start":{"line":32,"column":33},"end":{"line":41,"column":null}},"line":32},"2":{"name":"(anonymous_2)","decl":{"start":{"line":43,"column":8},"end":{"line":43,"column":16}},"loc":{"start":{"line":43,"column":42},"end":{"line":47,"column":null}},"line":43},"3":{"name":"(anonymous_3)","decl":{"start":{"line":49,"column":15},"end":{"line":49,"column":27}},"loc":{"start":{"line":49,"column":27},"end":{"line":64,"column":null}},"line":49},"4":{"name":"(anonymous_4)","decl":{"start":{"line":76,"column":12},"end":{"line":76,"column":23}},"loc":{"start":{"line":76,"column":29},"end":{"line":78,"column":null}},"line":76},"5":{"name":"(anonymous_5)","decl":{"start":{"line":96,"column":14},"end":{"line":96,"column":29}},"loc":{"start":{"line":96,"column":29},"end":{"line":98,"column":null}},"line":96},"6":{"name":"(anonymous_6)","decl":{"start":{"line":106,"column":14},"end":{"line":106,"column":29}},"loc":{"start":{"line":106,"column":29},"end":{"line":108,"column":null}},"line":106}},"branchMap":{"0":{"loc":{"start":{"line":33,"column":13},"end":{"line":33,"column":61}},"type":"cond-expr","locations":[{"start":{"line":33,"column":26},"end":{"line":33,"column":40}},{"start":{"line":33,"column":44},"end":{"line":33,"column":61}}],"line":33},"1":{"loc":{"start":{"line":45,"column":4},"end":{"line":45,"column":null}},"type":"if","locations":[{"start":{"line":45,"column":4},"end":{"line":45,"column":null}},{"start":{},"end":{}}],"line":45},"2":{"loc":{"start":{"line":50,"column":4},"end":{"line":50,"column":null}},"type":"if","locations":[{"start":{"line":50,"column":4},"end":{"line":50,"column":null}},{"start":{},"end":{}}],"line":50},"3":{"loc":{"start":{"line":55,"column":8},"end":{"line":57,"column":null}},"type":"cond-expr","locations":[{"start":{"line":56,"column":12},"end":{"line":56,"column":null}},{"start":{"line":57,"column":12},"end":{"line":57,"column":null}}],"line":55},"4":{"loc":{"start":{"line":85,"column":11},"end":{"line":86,"column":null}},"type":"binary-expr","locations":[{"start":{"line":85,"column":11},"end":{"line":85,"column":null}},{"start":{"line":86,"column":12},"end":{"line":86,"column":null}}],"line":85},"5":{"loc":{"start":{"line":89,"column":44},"end":{"line":89,"column":81}},"type":"binary-expr","locations":[{"start":{"line":89,"column":44},"end":{"line":89,"column":55}},{"start":{"line":89,"column":55},"end":{"line":89,"column":81}}],"line":89},"6":{"loc":{"start":{"line":95,"column":24},"end":{"line":95,"column":null}},"type":"binary-expr","locations":[{"start":{"line":95,"column":24},"end":{"line":95,"column":35}},{"start":{"line":95,"column":35},"end":{"line":95,"column":null}}],"line":95},"7":{"loc":{"start":{"line":105,"column":24},"end":{"line":105,"column":null}},"type":"binary-expr","locations":[{"start":{"line":105,"column":24},"end":{"line":105,"column":44}},{"start":{"line":105,"column":44},"end":{"line":105,"column":null}}],"line":105},"8":{"loc":{"start":{"line":114,"column":9},"end":{"line":119,"column":null}},"type":"binary-expr","locations":[{"start":{"line":114,"column":9},"end":{"line":114,"column":null}},{"start":{"line":115,"column":10},"end":{"line":119,"column":null}}],"line":114}},"s":{"0":58,"1":58,"2":58,"3":58,"4":58,"5":58,"6":58,"7":58,"8":2,"9":2,"10":2,"11":2,"12":58,"13":1,"14":1,"15":0,"16":1,"17":58,"18":2,"19":0,"20":2,"21":2,"22":2,"23":1,"24":1,"25":2,"26":58,"27":48,"28":2,"29":1},"f":{"0":58,"1":2,"2":1,"3":2,"4":48,"5":2,"6":1},"b":{"0":[1,1],"1":[0,1],"2":[0,2],"3":[1,0],"4":[58,18],"5":[58,40],"6":[58,40],"7":[58,51],"8":[58,5]},"meta":{"lastBranch":9,"lastFunction":7,"lastStatement":30,"seen":{"f:23:16:23:31":0,"s:24:19:24:34":0,"s:25:20:25:Infinity":1,"s:26:28:26:Infinity":2,"s:27:28:27:44":3,"s:28:34:28:Infinity":4,"s:29:21:29:Infinity":5,"s:30:18:30:Infinity":6,"s:32:8:41:Infinity":7,"f:32:8:32:17":1,"s:33:4:33:Infinity":8,"b:33:26:33:40:33:44:33:61":0,"s:34:4:34:Infinity":9,"s:35:4:35:Infinity":10,"s:36:4:40:Infinity":11,"s:43:8:47:Infinity":12,"f:43:8:43:16":2,"s:44:4:44:Infinity":13,"b:45:4:45:Infinity:undefined:undefined:undefined:undefined":1,"s:45:4:45:Infinity":14,"s:45:29:45:Infinity":15,"s:46:4:46:Infinity":16,"s:49:15:64:Infinity":17,"f:49:15:49:27":3,"b:50:4:50:Infinity:undefined:undefined:undefined:undefined":2,"s:50:4:50:Infinity":18,"s:50:29:50:Infinity":19,"s:51:4:51:Infinity":20,"s:52:4:63:Infinity":21,"s:53:23:53:Infinity":22,"s:54:6:58:Infinity":23,"b:56:12:56:Infinity:57:12:57:Infinity":3,"s:60:6:60:Infinity":24,"s:62:6:62:Infinity":25,"s:66:2:129:Infinity":26,"f:76:12:76:23":4,"s:77:14:77:Infinity":27,"b:85:11:85:Infinity:86:12:86:Infinity":4,"b:89:44:89:55:89:55:89:81":5,"b:95:24:95:35:95:35:95:Infinity":6,"f:96:14:96:29":5,"s:97:16:97:Infinity":28,"b:105:24:105:44:105:44:105:Infinity":7,"f:106:14:106:29":6,"s:107:16:107:Infinity":29,"b:114:9:114:Infinity:115:10:119:Infinity":8},"fnNames":{}}}
,"/Users/simone/Developer/personal/gitlab/intech-consulting-app/web/mvp-dashboard/src/plugins/settings/index.tsx": {"path":"/Users/simone/Developer/personal/gitlab/intech-consulting-app/web/mvp-dashboard/src/plugins/settings/index.tsx","statementMap":{"0":{"start":{"line":4,"column":47},"end":{"line":9,"column":null}}},"fnMap":{},"branchMap":{},"s":{"0":1},"f":{},"b":{},"meta":{"lastBranch":0,"lastFunction":0,"lastStatement":1,"seen":{"s:4:47:9:Infinity":0},"fnNames":{}}}
,"/Users/simone/Developer/personal/gitlab/intech-consulting-app/web/mvp-dashboard/src/plugins/settings/origins.ts": {"path":"/Users/simone/Developer/personal/gitlab/intech-consulting-app/web/mvp-dashboard/src/plugins/settings/origins.ts","statementMap":{"0":{"start":{"line":2,"column":2},"end":{"line":5,"column":null}},"1":{"start":{"line":4,"column":16},"end":{"line":4,"column":24}}},"fnMap":{"0":{"name":"splitOrigins","decl":{"start":{"line":1,"column":16},"end":{"line":1,"column":29}},"loc":{"start":{"line":1,"column":53},"end":{"line":6,"column":null}},"line":1},"1":{"name":"(anonymous_1)","decl":{"start":{"line":4,"column":5},"end":{"line":4,"column":10}},"loc":{"start":{"line":4,"column":16},"end":{"line":4,"column":24}},"line":4}},"branchMap":{},"s":{"0":67,"1":72},"f":{"0":67,"1":72},"b":{},"meta":{"lastBranch":0,"lastFunction":2,"lastStatement":2,"seen":{"f:1:16:1:29":0,"s:2:2:5:Infinity":0,"f:4:5:4:10":1,"s:4:16:4:24":1},"fnNames":{}}}
}
